#
# There is insufficient memory for the Java Runtime Environment to continue.
# Native memory allocation (malloc) failed to allocate 1504176 bytes for Chunk::new
# Possible reasons:
#   The system is out of physical RAM or swap space
#   The process is running with CompressedOops enabled, and the Java Heap may be blocking the growth of the native heap
# Possible solutions:
#   Reduce memory load on the system
#   Increase physical memory or swap space
#   Check if swap backing store is full
#   Decrease Java heap size (-Xmx/-Xms)
#   Decrease number of Java threads
#   Decrease Java thread stack sizes (-Xss)
#   Set larger code cache with -XX:ReservedCodeCacheSize=
#   JVM is running with Unscaled Compressed Oops mode in which the Java heap is
#     placed in the first 4GB address space. The Java Heap base address is the
#     maximum limit for the native heap growth. Please use -XX:HeapBaseMinAddress
#     to set the Java Heap base and to place the Java Heap above 4GB virtual address.
# This output file may be truncated or incomplete.
#
#  Out of Memory Error (./src/hotspot/share/memory/arena.cpp:197), pid=10728, tid=11260
#
# JRE version: OpenJDK Runtime Environment (11.0.11+9) (build 11.0.11+9-b60-7590822)
# Java VM: OpenJDK 64-Bit Server VM (11.0.11+9-b60-7590822, mixed mode, tiered, compressed oops, g1 gc, windows-amd64)
# No core dump will be written. Minidumps are not enabled by default on client versions of Windows
#

---------------  S U M M A R Y ------------

Command Line: --add-opens=java.base/java.util=ALL-UNNAMED --add-opens=java.base/java.lang=ALL-UNNAMED --add-opens=java.base/java.lang.invoke=ALL-UNNAMED --add-opens=java.base/java.util=ALL-UNNAMED --add-opens=java.prefs/java.util.prefs=ALL-UNNAMED --add-opens=java.prefs/java.util.prefs=ALL-UNNAMED --add-opens=java.base/java.nio.charset=ALL-UNNAMED --add-opens=java.base/java.net=ALL-UNNAMED --add-opens=java.base/java.util.concurrent.atomic=ALL-UNNAMED -Xmx2048m -Dfile.encoding=UTF-8 -Duser.country=US -Duser.language=en -Duser.variant org.gradle.launcher.daemon.bootstrap.GradleDaemon 7.2

Host: Intel(R) Core(TM) i7-8565U CPU @ 1.80GHz, 8 cores, 7G,  Windows 10 , 64 bit Build 19041 (10.0.19041.1503)
Time: Wed Mar  2 23:15:19 2022 Eastern Standard Time elapsed time: 47.821503 seconds (0d 0h 0m 47s)

---------------  T H R E A D  ---------------

Current thread (0x000002213dbdd800):  JavaThread "C2 CompilerThread0" daemon [_thread_in_native, id=11260, stack(0x0000003f19600000,0x0000003f19700000)]


Current CompileTask:
C2:  47821 10683       4       sun.invoke.util.VerifyAccess::isClassAccessible (182 bytes)

Stack: [0x0000003f19600000,0x0000003f19700000]
Native frames: (J=compiled Java code, j=interpreted, Vv=VM code, C=native code)
V  [jvm.dll+0x5f214a]
V  [jvm.dll+0x726fb5]
V  [jvm.dll+0x7285cd]
V  [jvm.dll+0x728c83]
V  [jvm.dll+0x243278]
V  [jvm.dll+0xbc53c]
V  [jvm.dll+0xbca3c]
V  [jvm.dll+0x353e3b]
V  [jvm.dll+0x321893]
V  [jvm.dll+0x320d8a]
V  [jvm.dll+0x1fc1e2]
V  [jvm.dll+0x1fb3d4]
V  [jvm.dll+0x183d6c]
V  [jvm.dll+0x209a57]
V  [jvm.dll+0x2082a1]
V  [jvm.dll+0x6ef58f]
V  [jvm.dll+0x6e80b5]
V  [jvm.dll+0x5f1036]
C  [ucrtbase.dll+0x21bb2]
C  [KERNEL32.DLL+0x17034]
C  [ntdll.dll+0x52651]


---------------  P R O C E S S  ---------------

Threads class SMR info:
_java_thread_list=0x0000022140c29f90, length=139, elements={
0x0000022120e0e800, 0x000002213d24f800, 0x000002213d25a000, 0x000002213dbd5800,
0x000002213dbd7000, 0x000002213dbd9800, 0x000002213dbdd800, 0x000002213dbe0800,
0x000002213d275000, 0x000002213dd2e000, 0x000002213f602000, 0x000002213ef81000,
0x000002213f2c4000, 0x000002213f584000, 0x0000022140e86800, 0x000002213f6da800,
0x0000022140302800, 0x000002213f481800, 0x00000221410c9000, 0x00000221407ac000,
0x00000221407ab000, 0x00000221407ac800, 0x00000221407a7000, 0x00000221407aa000,
0x00000221407a7800, 0x00000221407a8800, 0x00000221407a9800, 0x00000221407ad800,
0x0000022141849000, 0x0000022141849800, 0x000002214184b000, 0x000002214184d000,
0x0000022141848000, 0x000002214184f800, 0x0000022141853800, 0x0000022141851000,
0x0000022141850000, 0x0000022141852000, 0x0000022141852800, 0x000002214184d800,
0x0000022141854000, 0x000002214184e800, 0x0000022141855000, 0x0000022141856000,
0x0000022143c5d800, 0x0000022143c5c000, 0x0000022143c5d000, 0x0000022143c5e800,
0x0000022143c5f000, 0x0000022143c60000, 0x0000022143c61000, 0x0000022143c5b000,
0x0000022143c61800, 0x000002213e862800, 0x000002213e863800, 0x000002213e860000,
0x000002213e861000, 0x000002213e85e000, 0x000002213e85f800, 0x000002213e85e800,
0x000002213e867800, 0x000002213e864800, 0x000002213e862000, 0x000002213e865000,
0x000002213e866000, 0x000002213e868800, 0x000002213e86b800, 0x000002213e869000,
0x000002213e86a000, 0x000002213e86b000, 0x000002213e86c800, 0x000002213e867000,
0x0000022140901000, 0x0000022140905000, 0x0000022140900000, 0x0000022140906800,
0x0000022140906000, 0x0000022140903800, 0x0000022140907800, 0x0000022140902000,
0x0000022140908800, 0x0000022140904000, 0x0000022140902800, 0x0000022140909000,
0x000002214090b800, 0x000002214090c800, 0x000002214090e000, 0x000002214090d000,
0x000002214090f000, 0x000002214090a000, 0x000002214090b000, 0x0000022144179800,
0x000002214417a800, 0x0000022144176000, 0x0000022144175800, 0x0000022144177000,
0x0000022144178000, 0x000002214417b000, 0x000002214417c000, 0x000002214417d000,
0x000002214417d800, 0x000002214417e800, 0x0000022144178800, 0x0000022144183800,
0x0000022144181800, 0x0000022144182800, 0x0000022144184000, 0x000002214417f000,
0x0000022144180000, 0x0000022144181000, 0x0000022140641000, 0x0000022140645000,
0x0000022140642800, 0x0000022140640000, 0x000002214063f000, 0x0000022140643800,
0x0000022140644000, 0x0000022140645800, 0x0000022140646800, 0x0000022140647800,
0x0000022140641800, 0x000002214064b800, 0x000002214064a000, 0x0000022140649000,
0x000002214064a800, 0x000002214064c800, 0x000002214064d000, 0x000002214064e000,
0x0000022140648000, 0x0000022144954800, 0x0000022144952000, 0x0000022144952800,
0x0000022144956000, 0x0000022144955000, 0x0000022144951000, 0x0000022144959000,
0x0000022144957000, 0x0000022144957800, 0x0000022144958800
}

Java Threads: ( => current thread )
  0x0000022120e0e800 JavaThread "main" [_thread_blocked, id=9164, stack(0x0000003f18a00000,0x0000003f18b00000)]
  0x000002213d24f800 JavaThread "Reference Handler" daemon [_thread_blocked, id=6824, stack(0x0000003f19100000,0x0000003f19200000)]
  0x000002213d25a000 JavaThread "Finalizer" daemon [_thread_blocked, id=8120, stack(0x0000003f19200000,0x0000003f19300000)]
  0x000002213dbd5800 JavaThread "Signal Dispatcher" daemon [_thread_blocked, id=12660, stack(0x0000003f19300000,0x0000003f19400000)]
  0x000002213dbd7000 JavaThread "Attach Listener" daemon [_thread_blocked, id=1276, stack(0x0000003f19400000,0x0000003f19500000)]
  0x000002213dbd9800 JavaThread "Service Thread" daemon [_thread_blocked, id=3436, stack(0x0000003f19500000,0x0000003f19600000)]
=>0x000002213dbdd800 JavaThread "C2 CompilerThread0" daemon [_thread_in_native, id=11260, stack(0x0000003f19600000,0x0000003f19700000)]
  0x000002213dbe0800 JavaThread "C1 CompilerThread0" daemon [_thread_blocked, id=6896, stack(0x0000003f19700000,0x0000003f19800000)]
  0x000002213d275000 JavaThread "Sweeper thread" daemon [_thread_blocked, id=14260, stack(0x0000003f19800000,0x0000003f19900000)]
  0x000002213dd2e000 JavaThread "Common-Cleaner" daemon [_thread_blocked, id=9936, stack(0x0000003f19900000,0x0000003f19a00000)]
  0x000002213f602000 JavaThread "Daemon health stats" [_thread_blocked, id=6500, stack(0x0000003f19f00000,0x0000003f1a000000)]
  0x000002213ef81000 JavaThread "Incoming local TCP Connector on port 57867" [_thread_in_native, id=12124, stack(0x0000003f19b00000,0x0000003f19c00000)]
  0x000002213f2c4000 JavaThread "Daemon periodic checks" [_thread_blocked, id=5640, stack(0x0000003f19e00000,0x0000003f19f00000)]
  0x000002213f584000 JavaThread "Daemon" [_thread_blocked, id=7576, stack(0x0000003f1a000000,0x0000003f1a100000)]
  0x0000022140e86800 JavaThread "Handler for socket connection from /127.0.0.1:57867 to /127.0.0.1:57868" [_thread_in_native, id=12680, stack(0x0000003f1a100000,0x0000003f1a200000)]
  0x000002213f6da800 JavaThread "Cancel handler" [_thread_blocked, id=10136, stack(0x0000003f1a200000,0x0000003f1a300000)]
  0x0000022140302800 JavaThread "Daemon worker" [_thread_blocked, id=11952, stack(0x0000003f1a300000,0x0000003f1a400000)]
  0x000002213f481800 JavaThread "Asynchronous log dispatcher for DefaultDaemonConnection: socket connection from /127.0.0.1:57867 to /127.0.0.1:57868" [_thread_blocked, id=7096, stack(0x0000003f1a400000,0x0000003f1a500000)]
  0x00000221410c9000 JavaThread "Stdin handler" [_thread_blocked, id=13436, stack(0x0000003f1a500000,0x0000003f1a600000)]
  0x00000221407ac000 JavaThread "Daemon client event forwarder" [_thread_blocked, id=8288, stack(0x0000003f1a600000,0x0000003f1a700000)]
  0x00000221407ab000 JavaThread "Cache worker for journal cache (C:\Users\ahmed\.gradle\caches\journal-1)" [_thread_blocked, id=9392, stack(0x0000003f1ac00000,0x0000003f1ad00000)]
  0x00000221407ac800 JavaThread "File lock request listener" [_thread_in_native, id=9416, stack(0x0000003f1ad00000,0x0000003f1ae00000)]
  0x00000221407a7000 JavaThread "Cache worker for file hash cache (C:\Users\ahmed\.gradle\caches\7.2\fileHashes)" [_thread_blocked, id=9840, stack(0x0000003f1ae00000,0x0000003f1af00000)]
  0x00000221407aa000 JavaThread "Cache worker for file hash cache (C:\Users\ahmed\AndroidStudioProjects\MyPlanner\.gradle\7.2\fileHashes)" [_thread_blocked, id=13584, stack(0x0000003f1b100000,0x0000003f1b200000)]
  0x00000221407a7800 JavaThread "File watcher server" daemon [_thread_in_native, id=8036, stack(0x0000003f1b200000,0x0000003f1b300000)]
  0x00000221407a8800 JavaThread "File watcher consumer" daemon [_thread_blocked, id=3068, stack(0x0000003f1b300000,0x0000003f1b400000)]
  0x00000221407a9800 JavaThread "Cache worker for checksums cache (C:\Users\ahmed\AndroidStudioProjects\MyPlanner\.gradle\checksums)" [_thread_blocked, id=9500, stack(0x0000003f1b000000,0x0000003f1b100000)]
  0x00000221407ad800 JavaThread "Cache worker for cache directory md-supplier (C:\Users\ahmed\.gradle\caches\7.2\md-supplier)" [_thread_blocked, id=12160, stack(0x0000003f1b400000,0x0000003f1b500000)]
  0x0000022141849000 JavaThread "Cache worker for cache directory md-rule (C:\Users\ahmed\.gradle\caches\7.2\md-rule)" [_thread_blocked, id=3592, stack(0x0000003f1b600000,0x0000003f1b700000)]
  0x0000022141849800 JavaThread "Cache worker for execution history cache (C:\Users\ahmed\.gradle\caches\7.2\executionHistory)" [_thread_blocked, id=12724, stack(0x0000003f1b700000,0x0000003f1b800000)]
  0x000002214184b000 JavaThread "jar transforms" [_thread_blocked, id=10316, stack(0x0000003f1b800000,0x0000003f1b900000)]
  0x000002214184d000 JavaThread "jar transforms Thread 2" [_thread_blocked, id=7580, stack(0x0000003f1b900000,0x0000003f1ba00000)]
  0x0000022141848000 JavaThread "Cache worker for file content cache (C:\Users\ahmed\.gradle\caches\7.2\fileContent)" [_thread_blocked, id=11920, stack(0x0000003f1ba00000,0x0000003f1bb00000)]
  0x000002214184f800 JavaThread "Cache worker for dependencies-accessors (C:\Users\ahmed\AndroidStudioProjects\MyPlanner\.gradle\7.2\dependencies-accessors)" [_thread_blocked, id=8276, stack(0x0000003f1bb00000,0x0000003f1bc00000)]
  0x0000022141853800 JavaThread "jar transforms Thread 3" [_thread_blocked, id=13204, stack(0x0000003f1bc00000,0x0000003f1bd00000)]
  0x0000022141851000 JavaThread "Cache worker for Build Output Cleanup Cache (C:\Users\ahmed\AndroidStudioProjects\MyPlanner\.gradle\buildOutputCleanup)" [_thread_blocked, id=9708, stack(0x0000003f1bd00000,0x0000003f1be00000)]
  0x0000022141850000 JavaThread "Unconstrained build operations" [_thread_blocked, id=13044, stack(0x0000003f1be00000,0x0000003f1bf00000)]
  0x0000022141852000 JavaThread "Unconstrained build operations Thread 2" [_thread_blocked, id=10252, stack(0x0000003f1bf00000,0x0000003f1c000000)]
  0x0000022141852800 JavaThread "Unconstrained build operations Thread 3" [_thread_blocked, id=12944, stack(0x0000003f1c000000,0x0000003f1c100000)]
  0x000002214184d800 JavaThread "Unconstrained build operations Thread 4" [_thread_blocked, id=7652, stack(0x0000003f1c100000,0x0000003f1c200000)]
  0x0000022141854000 JavaThread "Unconstrained build operations Thread 5" [_thread_blocked, id=9660, stack(0x0000003f1c200000,0x0000003f1c300000)]
  0x000002214184e800 JavaThread "Unconstrained build operations Thread 6" [_thread_blocked, id=13260, stack(0x0000003f1c300000,0x0000003f1c400000)]
  0x0000022141855000 JavaThread "Unconstrained build operations Thread 7" [_thread_blocked, id=6584, stack(0x0000003f1c400000,0x0000003f1c500000)]
  0x0000022141856000 JavaThread "Unconstrained build operations Thread 8" [_thread_blocked, id=13480, stack(0x0000003f1c500000,0x0000003f1c600000)]
  0x0000022143c5d800 JavaThread "Unconstrained build operations Thread 9" [_thread_blocked, id=2612, stack(0x0000003f1c600000,0x0000003f1c700000)]
  0x0000022143c5c000 JavaThread "Unconstrained build operations Thread 10" [_thread_blocked, id=4660, stack(0x0000003f1c700000,0x0000003f1c800000)]
  0x0000022143c5d000 JavaThread "Unconstrained build operations Thread 11" [_thread_blocked, id=5684, stack(0x0000003f1c800000,0x0000003f1c900000)]
  0x0000022143c5e800 JavaThread "Unconstrained build operations Thread 12" [_thread_blocked, id=3948, stack(0x0000003f1c900000,0x0000003f1ca00000)]
  0x0000022143c5f000 JavaThread "Unconstrained build operations Thread 13" [_thread_blocked, id=3584, stack(0x0000003f1ca00000,0x0000003f1cb00000)]
  0x0000022143c60000 JavaThread "Unconstrained build operations Thread 14" [_thread_blocked, id=3300, stack(0x0000003f1cb00000,0x0000003f1cc00000)]
  0x0000022143c61000 JavaThread "Unconstrained build operations Thread 15" [_thread_blocked, id=11268, stack(0x0000003f1cc00000,0x0000003f1cd00000)]
  0x0000022143c5b000 JavaThread "Unconstrained build operations Thread 16" [_thread_blocked, id=11044, stack(0x0000003f1cd00000,0x0000003f1ce00000)]
  0x0000022143c61800 JavaThread "Unconstrained build operations Thread 17" [_thread_blocked, id=9372, stack(0x0000003f1ce00000,0x0000003f1cf00000)]
  0x000002213e862800 JavaThread "Unconstrained build operations Thread 18" [_thread_blocked, id=14296, stack(0x0000003f1cf00000,0x0000003f1d000000)]
  0x000002213e863800 JavaThread "Unconstrained build operations Thread 19" [_thread_blocked, id=2432, stack(0x0000003f1d000000,0x0000003f1d100000)]
  0x000002213e860000 JavaThread "Unconstrained build operations Thread 20" [_thread_blocked, id=9408, stack(0x0000003f1d100000,0x0000003f1d200000)]
  0x000002213e861000 JavaThread "Unconstrained build operations Thread 21" [_thread_blocked, id=4156, stack(0x0000003f1d200000,0x0000003f1d300000)]
  0x000002213e85e000 JavaThread "Unconstrained build operations Thread 22" [_thread_blocked, id=11148, stack(0x0000003f1d300000,0x0000003f1d400000)]
  0x000002213e85f800 JavaThread "Unconstrained build operations Thread 23" [_thread_blocked, id=1528, stack(0x0000003f1d400000,0x0000003f1d500000)]
  0x000002213e85e800 JavaThread "Unconstrained build operations Thread 24" [_thread_blocked, id=10368, stack(0x0000003f1d500000,0x0000003f1d600000)]
  0x000002213e867800 JavaThread "Unconstrained build operations Thread 25" [_thread_blocked, id=3396, stack(0x0000003f1d600000,0x0000003f1d700000)]
  0x000002213e864800 JavaThread "Unconstrained build operations Thread 26" [_thread_blocked, id=13104, stack(0x0000003f1d700000,0x0000003f1d800000)]
  0x000002213e862000 JavaThread "Unconstrained build operations Thread 27" [_thread_blocked, id=9064, stack(0x0000003f1d800000,0x0000003f1d900000)]
  0x000002213e865000 JavaThread "Unconstrained build operations Thread 28" [_thread_blocked, id=5416, stack(0x0000003f1d900000,0x0000003f1da00000)]
  0x000002213e866000 JavaThread "Unconstrained build operations Thread 29" [_thread_blocked, id=5404, stack(0x0000003f1da00000,0x0000003f1db00000)]
  0x000002213e868800 JavaThread "Unconstrained build operations Thread 30" [_thread_blocked, id=10564, stack(0x0000003f1db00000,0x0000003f1dc00000)]
  0x000002213e86b800 JavaThread "Unconstrained build operations Thread 31" [_thread_blocked, id=5460, stack(0x0000003f1dc00000,0x0000003f1dd00000)]
  0x000002213e869000 JavaThread "Unconstrained build operations Thread 32" [_thread_blocked, id=3060, stack(0x0000003f1dd00000,0x0000003f1de00000)]
  0x000002213e86a000 JavaThread "Unconstrained build operations Thread 33" [_thread_blocked, id=6332, stack(0x0000003f1de00000,0x0000003f1df00000)]
  0x000002213e86b000 JavaThread "Unconstrained build operations Thread 34" [_thread_blocked, id=5936, stack(0x0000003f1df00000,0x0000003f1e000000)]
  0x000002213e86c800 JavaThread "Unconstrained build operations Thread 35" [_thread_blocked, id=1328, stack(0x0000003f1e000000,0x0000003f1e100000)]
  0x000002213e867000 JavaThread "Unconstrained build operations Thread 36" [_thread_blocked, id=7484, stack(0x0000003f1e100000,0x0000003f1e200000)]
  0x0000022140901000 JavaThread "Unconstrained build operations Thread 37" [_thread_blocked, id=3892, stack(0x0000003f1e200000,0x0000003f1e300000)]
  0x0000022140905000 JavaThread "Unconstrained build operations Thread 38" [_thread_blocked, id=6280, stack(0x0000003f1e300000,0x0000003f1e400000)]
  0x0000022140900000 JavaThread "Unconstrained build operations Thread 39" [_thread_blocked, id=12548, stack(0x0000003f1e400000,0x0000003f1e500000)]
  0x0000022140906800 JavaThread "Unconstrained build operations Thread 40" [_thread_blocked, id=11428, stack(0x0000003f1e500000,0x0000003f1e600000)]
  0x0000022140906000 JavaThread "Unconstrained build operations Thread 41" [_thread_blocked, id=14028, stack(0x0000003f1e600000,0x0000003f1e700000)]
  0x0000022140903800 JavaThread "Unconstrained build operations Thread 42" [_thread_blocked, id=11040, stack(0x0000003f1e700000,0x0000003f1e800000)]
  0x0000022140907800 JavaThread "Unconstrained build operations Thread 43" [_thread_blocked, id=14008, stack(0x0000003f1e800000,0x0000003f1e900000)]
  0x0000022140902000 JavaThread "Unconstrained build operations Thread 44" [_thread_blocked, id=12064, stack(0x0000003f1e900000,0x0000003f1ea00000)]
  0x0000022140908800 JavaThread "Unconstrained build operations Thread 45" [_thread_blocked, id=8364, stack(0x0000003f1ea00000,0x0000003f1eb00000)]
  0x0000022140904000 JavaThread "Unconstrained build operations Thread 46" [_thread_blocked, id=9228, stack(0x0000003f1eb00000,0x0000003f1ec00000)]
  0x0000022140902800 JavaThread "Unconstrained build operations Thread 47" [_thread_blocked, id=8688, stack(0x0000003f1ec00000,0x0000003f1ed00000)]
  0x0000022140909000 JavaThread "Unconstrained build operations Thread 48" [_thread_blocked, id=12712, stack(0x0000003f1ed00000,0x0000003f1ee00000)]
  0x000002214090b800 JavaThread "Unconstrained build operations Thread 49" [_thread_blocked, id=4072, stack(0x0000003f1ee00000,0x0000003f1ef00000)]
  0x000002214090c800 JavaThread "Unconstrained build operations Thread 50" [_thread_blocked, id=12888, stack(0x0000003f1ef00000,0x0000003f1f000000)]
  0x000002214090e000 JavaThread "Unconstrained build operations Thread 51" [_thread_blocked, id=12084, stack(0x0000003f1f000000,0x0000003f1f100000)]
  0x000002214090d000 JavaThread "Unconstrained build operations Thread 52" [_thread_blocked, id=8400, stack(0x0000003f1f100000,0x0000003f1f200000)]
  0x000002214090f000 JavaThread "Unconstrained build operations Thread 53" [_thread_blocked, id=10236, stack(0x0000003f1f200000,0x0000003f1f300000)]
  0x000002214090a000 JavaThread "Unconstrained build operations Thread 54" [_thread_blocked, id=5732, stack(0x0000003f1f300000,0x0000003f1f400000)]
  0x000002214090b000 JavaThread "Unconstrained build operations Thread 55" [_thread_blocked, id=11896, stack(0x0000003f1f400000,0x0000003f1f500000)]
  0x0000022144179800 JavaThread "Unconstrained build operations Thread 56" [_thread_blocked, id=9568, stack(0x0000003f1f500000,0x0000003f1f600000)]
  0x000002214417a800 JavaThread "Unconstrained build operations Thread 57" [_thread_blocked, id=10748, stack(0x0000003f1f600000,0x0000003f1f700000)]
  0x0000022144176000 JavaThread "Unconstrained build operations Thread 58" [_thread_blocked, id=9884, stack(0x0000003f1f700000,0x0000003f1f800000)]
  0x0000022144175800 JavaThread "Unconstrained build operations Thread 59" [_thread_blocked, id=9248, stack(0x0000003f1f800000,0x0000003f1f900000)]
  0x0000022144177000 JavaThread "Unconstrained build operations Thread 60" [_thread_blocked, id=4980, stack(0x0000003f1f900000,0x0000003f1fa00000)]
  0x0000022144178000 JavaThread "Unconstrained build operations Thread 61" [_thread_blocked, id=1104, stack(0x0000003f1fa00000,0x0000003f1fb00000)]
  0x000002214417b000 JavaThread "Unconstrained build operations Thread 62" [_thread_blocked, id=10792, stack(0x0000003f1fb00000,0x0000003f1fc00000)]
  0x000002214417c000 JavaThread "Unconstrained build operations Thread 63" [_thread_blocked, id=3556, stack(0x0000003f1fc00000,0x0000003f1fd00000)]
  0x000002214417d000 JavaThread "Unconstrained build operations Thread 64" [_thread_blocked, id=3244, stack(0x0000003f1fd00000,0x0000003f1fe00000)]
  0x000002214417d800 JavaThread "Unconstrained build operations Thread 65" [_thread_blocked, id=12632, stack(0x0000003f1fe00000,0x0000003f1ff00000)]
  0x000002214417e800 JavaThread "Unconstrained build operations Thread 66" [_thread_blocked, id=6700, stack(0x0000003f1ff00000,0x0000003f20000000)]
  0x0000022144178800 JavaThread "Unconstrained build operations Thread 67" [_thread_blocked, id=11360, stack(0x0000003f20000000,0x0000003f20100000)]
  0x0000022144183800 JavaThread "Unconstrained build operations Thread 68" [_thread_blocked, id=3608, stack(0x0000003f20100000,0x0000003f20200000)]
  0x0000022144181800 JavaThread "Unconstrained build operations Thread 69" [_thread_blocked, id=9688, stack(0x0000003f20200000,0x0000003f20300000)]
  0x0000022144182800 JavaThread "Unconstrained build operations Thread 70" [_thread_blocked, id=10140, stack(0x0000003f20300000,0x0000003f20400000)]
  0x0000022144184000 JavaThread "Unconstrained build operations Thread 71" [_thread_blocked, id=516, stack(0x0000003f20400000,0x0000003f20500000)]
  0x000002214417f000 JavaThread "Unconstrained build operations Thread 72" [_thread_blocked, id=8020, stack(0x0000003f20500000,0x0000003f20600000)]
  0x0000022144180000 JavaThread "Unconstrained build operations Thread 73" [_thread_blocked, id=12100, stack(0x0000003f20600000,0x0000003f20700000)]
  0x0000022144181000 JavaThread "Unconstrained build operations Thread 74" [_thread_blocked, id=3752, stack(0x0000003f20700000,0x0000003f20800000)]
  0x0000022140641000 JavaThread "Unconstrained build operations Thread 75" [_thread_blocked, id=11676, stack(0x0000003f20800000,0x0000003f20900000)]
  0x0000022140645000 JavaThread "Unconstrained build operations Thread 76" [_thread_blocked, id=9304, stack(0x0000003f20900000,0x0000003f20a00000)]
  0x0000022140642800 JavaThread "Unconstrained build operations Thread 77" [_thread_blocked, id=9472, stack(0x0000003f20a00000,0x0000003f20b00000)]
  0x0000022140640000 JavaThread "Unconstrained build operations Thread 78" [_thread_blocked, id=8240, stack(0x0000003f20b00000,0x0000003f20c00000)]
  0x000002214063f000 JavaThread "Unconstrained build operations Thread 79" [_thread_blocked, id=13360, stack(0x0000003f20c00000,0x0000003f20d00000)]
  0x0000022140643800 JavaThread "Unconstrained build operations Thread 80" [_thread_blocked, id=3588, stack(0x0000003f20d00000,0x0000003f20e00000)]
  0x0000022140644000 JavaThread "jar transforms Thread 4" [_thread_blocked, id=13984, stack(0x0000003f20e00000,0x0000003f20f00000)]
  0x0000022140645800 JavaThread "jar transforms Thread 5" [_thread_blocked, id=9672, stack(0x0000003f20f00000,0x0000003f21000000)]
  0x0000022140646800 JavaThread "jar transforms Thread 6" [_thread_blocked, id=12284, stack(0x0000003f21000000,0x0000003f21100000)]
  0x0000022140647800 JavaThread "jar transforms Thread 7" [_thread_blocked, id=14136, stack(0x0000003f21100000,0x0000003f21200000)]
  0x0000022140641800 JavaThread "jar transforms Thread 8" [_thread_blocked, id=8904, stack(0x0000003f21200000,0x0000003f21300000)]
  0x000002214064b800 JavaThread "Memory manager" [_thread_blocked, id=13184, stack(0x0000003f1b500000,0x0000003f1b600000)]
  0x000002214064a000 JavaThread "build event listener" [_thread_blocked, id=8048, stack(0x0000003f21300000,0x0000003f21400000)]
  0x0000022140649000 JavaThread "Execution worker for ':'" [_thread_blocked, id=1564, stack(0x0000003f21400000,0x0000003f21500000)]
  0x000002214064a800 JavaThread "Execution worker for ':' Thread 2" [_thread_blocked, id=4076, stack(0x0000003f21500000,0x0000003f21600000)]
  0x000002214064c800 JavaThread "Execution worker for ':' Thread 3" [_thread_blocked, id=12392, stack(0x0000003f21600000,0x0000003f21700000)]
  0x000002214064d000 JavaThread "Execution worker for ':' Thread 4" [_thread_blocked, id=11712, stack(0x0000003f21700000,0x0000003f21800000)]
  0x000002214064e000 JavaThread "Execution worker for ':' Thread 5" [_thread_blocked, id=6812, stack(0x0000003f21800000,0x0000003f21900000)]
  0x0000022140648000 JavaThread "Execution worker for ':' Thread 6" [_thread_blocked, id=316, stack(0x0000003f21900000,0x0000003f21a00000)]
  0x0000022144954800 JavaThread "Execution worker for ':' Thread 7" [_thread_blocked, id=11828, stack(0x0000003f21a00000,0x0000003f21b00000)]
  0x0000022144952000 JavaThread "Cache worker for execution history cache (C:\Users\ahmed\AndroidStudioProjects\MyPlanner\.gradle\7.2\executionHistory)" [_thread_blocked, id=12600, stack(0x0000003f21b00000,0x0000003f21c00000)]
  0x0000022144952800 JavaThread "WorkerExecutor Queue" [_thread_blocked, id=8272, stack(0x0000003f21c00000,0x0000003f21d00000)]
  0x0000022144956000 JavaThread "WorkerExecutor Queue Thread 2" [_thread_blocked, id=10000, stack(0x0000003f21d00000,0x0000003f21e00000)]
  0x0000022144955000 JavaThread "WorkerExecutor Queue Thread 3" [_thread_in_native, id=9636, stack(0x0000003f21e00000,0x0000003f21f00000)]
  0x0000022144951000 JavaThread "WorkerExecutor Queue Thread 4" [_thread_blocked, id=1748, stack(0x0000003f21f00000,0x0000003f22000000)]
  0x0000022144959000 JavaThread "WorkerExecutor Queue Thread 5" [_thread_blocked, id=14204, stack(0x0000003f22000000,0x0000003f22100000)]
  0x0000022144957000 JavaThread "WorkerExecutor Queue Thread 6" [_thread_blocked, id=4428, stack(0x0000003f22100000,0x0000003f22200000)]
  0x0000022144957800 JavaThread "WorkerExecutor Queue Thread 7" [_thread_blocked, id=13440, stack(0x0000003f22200000,0x0000003f22300000)]
  0x0000022144958800 JavaThread "WorkerExecutor Queue Thread 8" [_thread_blocked, id=9340, stack(0x0000003f22300000,0x0000003f22400000)]

Other Threads:
  0x000002213d24d000 VMThread "VM Thread" [stack: 0x0000003f19000000,0x0000003f19100000] [id=12232]
  0x000002213dd52000 WatcherThread [stack: 0x0000003f19a00000,0x0000003f19b00000] [id=13872]
  0x0000022120e28800 GCTaskThread "GC Thread#0" [stack: 0x0000003f18b00000,0x0000003f18c00000] [id=2964]
  0x000002213e410000 GCTaskThread "GC Thread#1" [stack: 0x0000003f19c00000,0x0000003f19d00000] [id=9948]
  0x000002213e329000 GCTaskThread "GC Thread#2" [stack: 0x0000003f19d00000,0x0000003f19e00000] [id=11792]
  0x000002213f326800 GCTaskThread "GC Thread#3" [stack: 0x0000003f1a700000,0x0000003f1a800000] [id=12584]
  0x0000022140823000 GCTaskThread "GC Thread#4" [stack: 0x0000003f1a800000,0x0000003f1a900000] [id=7316]
  0x00000221407c3000 GCTaskThread "GC Thread#5" [stack: 0x0000003f1a900000,0x0000003f1aa00000] [id=12664]
  0x000002214080e000 GCTaskThread "GC Thread#6" [stack: 0x0000003f1aa00000,0x0000003f1ab00000] [id=10732]
  0x000002213f106800 GCTaskThread "GC Thread#7" [stack: 0x0000003f1ab00000,0x0000003f1ac00000] [id=4984]
  0x0000022120e5c000 ConcurrentGCThread "G1 Main Marker" [stack: 0x0000003f18c00000,0x0000003f18d00000] [id=8840]
  0x0000022120e5d000 ConcurrentGCThread "G1 Conc#0" [stack: 0x0000003f18d00000,0x0000003f18e00000] [id=8944]
  0x000002213fec2000 ConcurrentGCThread "G1 Conc#1" [stack: 0x0000003f1af00000,0x0000003f1b000000] [id=13024]
  0x000002213d0a0800 ConcurrentGCThread "G1 Refine#0" [stack: 0x0000003f18e00000,0x0000003f18f00000] [id=4948]
  0x000002213d0a1800 ConcurrentGCThread "G1 Young RemSet Sampling" [stack: 0x0000003f18f00000,0x0000003f19000000] [id=13868]

Threads with active compile tasks:
C2 CompilerThread0  47871 10683       4       sun.invoke.util.VerifyAccess::isClassAccessible (182 bytes)

VM state:not at safepoint (normal execution)

VM Mutex/Monitor currently owned by a thread: None

Heap address: 0x0000000080000000, size: 2048 MB, Compressed Oops mode: 32-bit
Narrow klass base: 0x0000000000000000, Narrow klass shift: 3
Compressed class space size: 1073741824 Address: 0x0000000100000000

Heap:
 garbage-first heap   total 157696K, used 115152K [0x0000000080000000, 0x0000000100000000)
  region size 1024K, 41 young (41984K), 7 survivors (7168K)
 Metaspace       used 91657K, capacity 94792K, committed 94976K, reserved 1130496K
  class space    used 12357K, capacity 13620K, committed 13644K, reserved 1048576K
Heap Regions: E=young(eden), S=young(survivor), O=old, HS=humongous(starts), HC=humongous(continues), CS=collection set, F=free, A=archive, TAMS=top-at-mark-start (previous, next)
|   0|0x0000000080000000, 0x0000000080100000, 0x0000000080100000|100%| O|  |TAMS 0x0000000080100000, 0x0000000080000000| Untracked 
|   1|0x0000000080100000, 0x0000000080200000, 0x0000000080200000|100%| O|  |TAMS 0x0000000080200000, 0x0000000080100000| Untracked 
|   2|0x0000000080200000, 0x0000000080300000, 0x0000000080300000|100%| O|  |TAMS 0x0000000080300000, 0x0000000080200000| Untracked 
|   3|0x0000000080300000, 0x0000000080400000, 0x0000000080400000|100%|HS|  |TAMS 0x0000000080400000, 0x0000000080300000| Complete 
|   4|0x0000000080400000, 0x0000000080500000, 0x0000000080500000|100%|HC|  |TAMS 0x0000000080500000, 0x0000000080400000| Complete 
|   5|0x0000000080500000, 0x0000000080600000, 0x0000000080600000|100%|HC|  |TAMS 0x0000000080600000, 0x0000000080500000| Complete 
|   6|0x0000000080600000, 0x0000000080700000, 0x0000000080700000|100%| O|  |TAMS 0x0000000080700000, 0x0000000080600000| Untracked 
|   7|0x0000000080700000, 0x0000000080800000, 0x0000000080800000|100%| O|  |TAMS 0x0000000080800000, 0x0000000080700000| Untracked 
|   8|0x0000000080800000, 0x0000000080900000, 0x0000000080900000|100%| O|  |TAMS 0x0000000080900000, 0x0000000080800000| Untracked 
|   9|0x0000000080900000, 0x0000000080a00000, 0x0000000080a00000|100%| O|  |TAMS 0x0000000080a00000, 0x0000000080900000| Untracked 
|  10|0x0000000080a00000, 0x0000000080b00000, 0x0000000080b00000|100%| O|  |TAMS 0x0000000080b00000, 0x0000000080a00000| Untracked 
|  11|0x0000000080b00000, 0x0000000080c00000, 0x0000000080c00000|100%| O|  |TAMS 0x0000000080c00000, 0x0000000080b00000| Untracked 
|  12|0x0000000080c00000, 0x0000000080d00000, 0x0000000080d00000|100%| O|  |TAMS 0x0000000080d00000, 0x0000000080c00000| Untracked 
|  13|0x0000000080d00000, 0x0000000080e00000, 0x0000000080e00000|100%| O|  |TAMS 0x0000000080e00000, 0x0000000080d00000| Untracked 
|  14|0x0000000080e00000, 0x0000000080f00000, 0x0000000080f00000|100%| O|  |TAMS 0x0000000080f00000, 0x0000000080e00000| Untracked 
|  15|0x0000000080f00000, 0x0000000081000000, 0x0000000081000000|100%| O|  |TAMS 0x0000000081000000, 0x0000000080f00000| Untracked 
|  16|0x0000000081000000, 0x0000000081100000, 0x0000000081100000|100%| O|  |TAMS 0x0000000081100000, 0x0000000081000000| Untracked 
|  17|0x0000000081100000, 0x0000000081200000, 0x0000000081200000|100%| O|  |TAMS 0x0000000081200000, 0x0000000081100000| Untracked 
|  18|0x0000000081200000, 0x0000000081300000, 0x0000000081300000|100%| O|  |TAMS 0x0000000081300000, 0x0000000081200000| Untracked 
|  19|0x0000000081300000, 0x0000000081400000, 0x0000000081400000|100%|HS|  |TAMS 0x0000000081400000, 0x0000000081300000| Complete 
|  20|0x0000000081400000, 0x0000000081500000, 0x0000000081500000|100%| O|  |TAMS 0x0000000081500000, 0x0000000081400000| Untracked 
|  21|0x0000000081500000, 0x0000000081600000, 0x0000000081600000|100%| O|  |TAMS 0x0000000081600000, 0x0000000081500000| Untracked 
|  22|0x0000000081600000, 0x0000000081700000, 0x0000000081700000|100%| O|  |TAMS 0x0000000081700000, 0x0000000081600000| Untracked 
|  23|0x0000000081700000, 0x0000000081800000, 0x0000000081800000|100%| O|  |TAMS 0x0000000081800000, 0x0000000081700000| Untracked 
|  24|0x0000000081800000, 0x0000000081900000, 0x0000000081900000|100%|HS|  |TAMS 0x0000000081900000, 0x0000000081800000| Complete 
|  25|0x0000000081900000, 0x0000000081a00000, 0x0000000081a00000|100%| O|  |TAMS 0x0000000081a00000, 0x0000000081900000| Untracked 
|  26|0x0000000081a00000, 0x0000000081b00000, 0x0000000081b00000|100%| O|  |TAMS 0x0000000081b00000, 0x0000000081a00000| Untracked 
|  27|0x0000000081b00000, 0x0000000081c00000, 0x0000000081c00000|100%| O|  |TAMS 0x0000000081c00000, 0x0000000081b00000| Untracked 
|  28|0x0000000081c00000, 0x0000000081d00000, 0x0000000081d00000|100%| O|  |TAMS 0x0000000081d00000, 0x0000000081c00000| Untracked 
|  29|0x0000000081d00000, 0x0000000081e00000, 0x0000000081e00000|100%|HS|  |TAMS 0x0000000081e00000, 0x0000000081d00000| Complete 
|  30|0x0000000081e00000, 0x0000000081f00000, 0x0000000081f00000|100%|HS|  |TAMS 0x0000000081f00000, 0x0000000081e00000| Complete 
|  31|0x0000000081f00000, 0x0000000082000000, 0x0000000082000000|100%|HC|  |TAMS 0x0000000082000000, 0x0000000081f00000| Complete 
|  32|0x0000000082000000, 0x0000000082100000, 0x0000000082100000|100%| O|  |TAMS 0x0000000082100000, 0x0000000082000000| Untracked 
|  33|0x0000000082100000, 0x0000000082200000, 0x0000000082200000|100%| O|  |TAMS 0x0000000082200000, 0x0000000082100000| Untracked 
|  34|0x0000000082200000, 0x0000000082300000, 0x0000000082300000|100%| O|  |TAMS 0x0000000082300000, 0x0000000082200000| Untracked 
|  35|0x0000000082300000, 0x0000000082400000, 0x0000000082400000|100%| O|  |TAMS 0x0000000082400000, 0x0000000082300000| Untracked 
|  36|0x0000000082400000, 0x0000000082500000, 0x0000000082500000|100%| O|  |TAMS 0x0000000082500000, 0x0000000082400000| Untracked 
|  37|0x0000000082500000, 0x0000000082600000, 0x0000000082600000|100%| O|  |TAMS 0x0000000082600000, 0x0000000082500000| Untracked 
|  38|0x0000000082600000, 0x0000000082700000, 0x0000000082700000|100%| O|  |TAMS 0x0000000082700000, 0x0000000082600000| Untracked 
|  39|0x0000000082700000, 0x0000000082800000, 0x0000000082800000|100%| O|  |TAMS 0x0000000082800000, 0x0000000082700000| Untracked 
|  40|0x0000000082800000, 0x0000000082900000, 0x0000000082900000|100%| O|  |TAMS 0x0000000082900000, 0x0000000082800000| Untracked 
|  41|0x0000000082900000, 0x0000000082a00000, 0x0000000082a00000|100%| O|  |TAMS 0x0000000082a00000, 0x0000000082900000| Untracked 
|  42|0x0000000082a00000, 0x0000000082b00000, 0x0000000082b00000|100%| O|  |TAMS 0x0000000082b00000, 0x0000000082a00000| Untracked 
|  43|0x0000000082b00000, 0x0000000082c00000, 0x0000000082c00000|100%| O|  |TAMS 0x0000000082c00000, 0x0000000082b00000| Untracked 
|  44|0x0000000082c00000, 0x0000000082d00000, 0x0000000082d00000|100%| O|  |TAMS 0x0000000082d00000, 0x0000000082c00000| Untracked 
|  45|0x0000000082d00000, 0x0000000082e00000, 0x0000000082e00000|100%| O|  |TAMS 0x0000000082e00000, 0x0000000082d00000| Untracked 
|  46|0x0000000082e00000, 0x0000000082f00000, 0x0000000082f00000|100%| O|  |TAMS 0x0000000082f00000, 0x0000000082e00000| Untracked 
|  47|0x0000000082f00000, 0x0000000083000000, 0x0000000083000000|100%| O|  |TAMS 0x0000000083000000, 0x0000000082f00000| Untracked 
|  48|0x0000000083000000, 0x0000000083100000, 0x0000000083100000|100%| O|  |TAMS 0x0000000083100000, 0x0000000083000000| Untracked 
|  49|0x0000000083100000, 0x0000000083200000, 0x0000000083200000|100%| O|  |TAMS 0x0000000083200000, 0x0000000083100000| Untracked 
|  50|0x0000000083200000, 0x0000000083300000, 0x0000000083300000|100%| O|  |TAMS 0x0000000083300000, 0x0000000083200000| Untracked 
|  51|0x0000000083300000, 0x0000000083400000, 0x0000000083400000|100%| O|  |TAMS 0x0000000083400000, 0x0000000083300000| Untracked 
|  52|0x0000000083400000, 0x0000000083500000, 0x0000000083500000|100%| O|  |TAMS 0x0000000083500000, 0x0000000083400000| Untracked 
|  53|0x0000000083500000, 0x0000000083600000, 0x0000000083600000|100%| O|  |TAMS 0x0000000083600000, 0x0000000083500000| Untracked 
|  54|0x0000000083600000, 0x0000000083700000, 0x0000000083700000|100%| O|  |TAMS 0x0000000083700000, 0x0000000083600000| Untracked 
|  55|0x0000000083700000, 0x0000000083800000, 0x0000000083800000|100%| O|  |TAMS 0x0000000083800000, 0x0000000083700000| Untracked 
|  56|0x0000000083800000, 0x0000000083900000, 0x0000000083900000|100%| O|  |TAMS 0x0000000083900000, 0x0000000083800000| Untracked 
|  57|0x0000000083900000, 0x0000000083a00000, 0x0000000083a00000|100%| O|  |TAMS 0x0000000083a00000, 0x0000000083900000| Untracked 
|  58|0x0000000083a00000, 0x0000000083b00000, 0x0000000083b00000|100%| O|  |TAMS 0x0000000083b00000, 0x0000000083a00000| Untracked 
|  59|0x0000000083b00000, 0x0000000083c00000, 0x0000000083c00000|100%| O|  |TAMS 0x0000000083c00000, 0x0000000083b00000| Untracked 
|  60|0x0000000083c00000, 0x0000000083d00000, 0x0000000083d00000|100%| O|  |TAMS 0x0000000083d00000, 0x0000000083c00000| Untracked 
|  61|0x0000000083d00000, 0x0000000083e00000, 0x0000000083e00000|100%| O|  |TAMS 0x0000000083e00000, 0x0000000083d00000| Untracked 
|  62|0x0000000083e00000, 0x0000000083f00000, 0x0000000083f00000|100%| O|  |TAMS 0x0000000083f00000, 0x0000000083e00000| Untracked 
|  63|0x0000000083f00000, 0x0000000084000000, 0x0000000084000000|100%| O|  |TAMS 0x0000000084000000, 0x0000000083f00000| Untracked 
|  64|0x0000000084000000, 0x0000000084100000, 0x0000000084100000|100%| O|  |TAMS 0x0000000084100000, 0x0000000084000000| Untracked 
|  65|0x0000000084100000, 0x0000000084200000, 0x0000000084200000|100%| O|  |TAMS 0x0000000084200000, 0x0000000084100000| Untracked 
|  66|0x0000000084200000, 0x0000000084300000, 0x0000000084300000|100%| O|  |TAMS 0x0000000084300000, 0x0000000084200000| Untracked 
|  67|0x0000000084300000, 0x0000000084400000, 0x0000000084400000|100%| O|  |TAMS 0x00000000843c8c00, 0x0000000084300000| Untracked 
|  68|0x0000000084400000, 0x0000000084400000, 0x0000000084500000|  0%| F|  |TAMS 0x0000000084400000, 0x0000000084400000| Untracked 
|  69|0x0000000084500000, 0x0000000084500000, 0x0000000084600000|  0%| F|  |TAMS 0x0000000084500000, 0x0000000084500000| Untracked 
|  70|0x0000000084600000, 0x0000000084600000, 0x0000000084700000|  0%| F|  |TAMS 0x0000000084600000, 0x0000000084600000| Untracked 
|  71|0x0000000084700000, 0x0000000084700000, 0x0000000084800000|  0%| F|  |TAMS 0x0000000084700000, 0x0000000084700000| Untracked 
|  72|0x0000000084800000, 0x0000000084900000, 0x0000000084900000|100%| O|  |TAMS 0x0000000084800000, 0x0000000084800000| Untracked 
|  73|0x0000000084900000, 0x0000000084a00000, 0x0000000084a00000|100%| O|  |TAMS 0x0000000084900000, 0x0000000084900000| Untracked 
|  74|0x0000000084a00000, 0x0000000084b00000, 0x0000000084b00000|100%| O|  |TAMS 0x0000000084a00000, 0x0000000084a00000| Untracked 
|  75|0x0000000084b00000, 0x0000000084c00000, 0x0000000084c00000|100%| O|  |TAMS 0x0000000084b00000, 0x0000000084b00000| Untracked 
|  76|0x0000000084c00000, 0x0000000084d00000, 0x0000000084d00000|100%| O|  |TAMS 0x0000000084c00000, 0x0000000084c00000| Untracked 
|  77|0x0000000084d00000, 0x0000000084d74200, 0x0000000084e00000| 45%| O|  |TAMS 0x0000000084d00000, 0x0000000084d00000| Untracked 
|  78|0x0000000084e00000, 0x0000000084e00000, 0x0000000084f00000|  0%| F|  |TAMS 0x0000000084e00000, 0x0000000084e00000| Untracked 
|  79|0x0000000084f00000, 0x0000000084f00000, 0x0000000085000000|  0%| F|  |TAMS 0x0000000084f00000, 0x0000000084f00000| Untracked 
|  80|0x0000000085000000, 0x0000000085000000, 0x0000000085100000|  0%| F|  |TAMS 0x0000000085000000, 0x0000000085000000| Untracked 
|  81|0x0000000085100000, 0x0000000085100000, 0x0000000085200000|  0%| F|  |TAMS 0x0000000085100000, 0x0000000085100000| Untracked 
|  82|0x0000000085200000, 0x0000000085200000, 0x0000000085300000|  0%| F|  |TAMS 0x0000000085200000, 0x0000000085200000| Untracked 
|  83|0x0000000085300000, 0x0000000085300000, 0x0000000085400000|  0%| F|  |TAMS 0x0000000085300000, 0x0000000085300000| Untracked 
|  84|0x0000000085400000, 0x0000000085400000, 0x0000000085500000|  0%| F|  |TAMS 0x0000000085400000, 0x0000000085400000| Untracked 
|  85|0x0000000085500000, 0x0000000085500000, 0x0000000085600000|  0%| F|  |TAMS 0x0000000085500000, 0x0000000085500000| Untracked 
|  86|0x0000000085600000, 0x0000000085600000, 0x0000000085700000|  0%| F|  |TAMS 0x0000000085600000, 0x0000000085600000| Untracked 
|  87|0x0000000085700000, 0x0000000085700000, 0x0000000085800000|  0%| F|  |TAMS 0x0000000085700000, 0x0000000085700000| Untracked 
|  88|0x0000000085800000, 0x0000000085800000, 0x0000000085900000|  0%| F|  |TAMS 0x0000000085800000, 0x0000000085800000| Untracked 
|  89|0x0000000085900000, 0x0000000085900000, 0x0000000085a00000|  0%| F|  |TAMS 0x0000000085900000, 0x0000000085900000| Untracked 
|  90|0x0000000085a00000, 0x0000000085a00000, 0x0000000085b00000|  0%| F|  |TAMS 0x0000000085a00000, 0x0000000085a00000| Untracked 
|  91|0x0000000085b00000, 0x0000000085b00000, 0x0000000085c00000|  0%| F|  |TAMS 0x0000000085b00000, 0x0000000085b00000| Untracked 
|  92|0x0000000085c00000, 0x0000000085c00000, 0x0000000085d00000|  0%| F|  |TAMS 0x0000000085c00000, 0x0000000085c00000| Untracked 
|  93|0x0000000085d00000, 0x0000000085d00000, 0x0000000085e00000|  0%| F|  |TAMS 0x0000000085d00000, 0x0000000085d00000| Untracked 
|  94|0x0000000085e00000, 0x0000000085e00000, 0x0000000085f00000|  0%| F|  |TAMS 0x0000000085e00000, 0x0000000085e00000| Untracked 
|  95|0x0000000085f00000, 0x0000000085f00000, 0x0000000086000000|  0%| F|  |TAMS 0x0000000085f00000, 0x0000000085f00000| Untracked 
|  96|0x0000000086000000, 0x0000000086000000, 0x0000000086100000|  0%| F|  |TAMS 0x0000000086000000, 0x0000000086000000| Untracked 
|  97|0x0000000086100000, 0x0000000086200000, 0x0000000086200000|100%| S|CS|TAMS 0x0000000086100000, 0x0000000086100000| Complete 
|  98|0x0000000086200000, 0x0000000086300000, 0x0000000086300000|100%| S|CS|TAMS 0x0000000086200000, 0x0000000086200000| Complete 
|  99|0x0000000086300000, 0x0000000086400000, 0x0000000086400000|100%| S|CS|TAMS 0x0000000086300000, 0x0000000086300000| Complete 
| 100|0x0000000086400000, 0x0000000086500000, 0x0000000086500000|100%| S|CS|TAMS 0x0000000086400000, 0x0000000086400000| Complete 
| 101|0x0000000086500000, 0x0000000086600000, 0x0000000086600000|100%| S|CS|TAMS 0x0000000086500000, 0x0000000086500000| Complete 
| 102|0x0000000086600000, 0x0000000086700000, 0x0000000086700000|100%| S|CS|TAMS 0x0000000086600000, 0x0000000086600000| Complete 
| 103|0x0000000086700000, 0x0000000086800000, 0x0000000086800000|100%| S|CS|TAMS 0x0000000086700000, 0x0000000086700000| Complete 
| 104|0x0000000086800000, 0x0000000086800000, 0x0000000086900000|  0%| F|  |TAMS 0x0000000086800000, 0x0000000086800000| Untracked 
| 105|0x0000000086900000, 0x0000000086900000, 0x0000000086a00000|  0%| F|  |TAMS 0x0000000086900000, 0x0000000086900000| Untracked 
| 106|0x0000000086a00000, 0x0000000086a00000, 0x0000000086b00000|  0%| F|  |TAMS 0x0000000086a00000, 0x0000000086a00000| Untracked 
| 107|0x0000000086b00000, 0x0000000086b00000, 0x0000000086c00000|  0%| F|  |TAMS 0x0000000086b00000, 0x0000000086b00000| Untracked 
| 108|0x0000000086c00000, 0x0000000086c00000, 0x0000000086d00000|  0%| F|  |TAMS 0x0000000086c00000, 0x0000000086c00000| Untracked 
| 109|0x0000000086d00000, 0x0000000086d00000, 0x0000000086e00000|  0%| F|  |TAMS 0x0000000086d00000, 0x0000000086d00000| Untracked 
| 110|0x0000000086e00000, 0x0000000086e00000, 0x0000000086f00000|  0%| F|  |TAMS 0x0000000086e00000, 0x0000000086e00000| Untracked 
| 111|0x0000000086f00000, 0x0000000086f00000, 0x0000000087000000|  0%| F|  |TAMS 0x0000000086f00000, 0x0000000086f00000| Untracked 
| 112|0x0000000087000000, 0x0000000087000000, 0x0000000087100000|  0%| F|  |TAMS 0x0000000087000000, 0x0000000087000000| Untracked 
| 113|0x0000000087100000, 0x0000000087100000, 0x0000000087200000|  0%| F|  |TAMS 0x0000000087100000, 0x0000000087100000| Untracked 
| 114|0x0000000087200000, 0x0000000087200000, 0x0000000087300000|  0%| F|  |TAMS 0x0000000087200000, 0x0000000087200000| Untracked 
| 115|0x0000000087300000, 0x0000000087300000, 0x0000000087400000|  0%| F|  |TAMS 0x0000000087300000, 0x0000000087300000| Untracked 
| 116|0x0000000087400000, 0x0000000087400000, 0x0000000087500000|  0%| F|  |TAMS 0x0000000087400000, 0x0000000087400000| Untracked 
| 117|0x0000000087500000, 0x0000000087500000, 0x0000000087600000|  0%| F|  |TAMS 0x0000000087500000, 0x0000000087500000| Untracked 
| 118|0x0000000087600000, 0x0000000087600000, 0x0000000087700000|  0%| F|  |TAMS 0x0000000087600000, 0x0000000087600000| Untracked 
| 119|0x0000000087700000, 0x0000000087700000, 0x0000000087800000|  0%| F|  |TAMS 0x0000000087700000, 0x0000000087700000| Untracked 
| 120|0x0000000087800000, 0x0000000087816db0, 0x0000000087900000|  8%| E|  |TAMS 0x0000000087800000, 0x0000000087800000| Complete 
| 121|0x0000000087900000, 0x0000000087a00000, 0x0000000087a00000|100%| E|CS|TAMS 0x0000000087900000, 0x0000000087900000| Complete 
| 122|0x0000000087a00000, 0x0000000087b00000, 0x0000000087b00000|100%| E|CS|TAMS 0x0000000087a00000, 0x0000000087a00000| Complete 
| 123|0x0000000087b00000, 0x0000000087c00000, 0x0000000087c00000|100%| E|CS|TAMS 0x0000000087b00000, 0x0000000087b00000| Complete 
| 124|0x0000000087c00000, 0x0000000087d00000, 0x0000000087d00000|100%| E|CS|TAMS 0x0000000087c00000, 0x0000000087c00000| Complete 
| 125|0x0000000087d00000, 0x0000000087e00000, 0x0000000087e00000|100%| E|CS|TAMS 0x0000000087d00000, 0x0000000087d00000| Complete 
| 126|0x0000000087e00000, 0x0000000087f00000, 0x0000000087f00000|100%| E|CS|TAMS 0x0000000087e00000, 0x0000000087e00000| Complete 
| 127|0x0000000087f00000, 0x0000000088000000, 0x0000000088000000|100%| E|CS|TAMS 0x0000000087f00000, 0x0000000087f00000| Complete 
| 128|0x0000000088000000, 0x0000000088100000, 0x0000000088100000|100%| E|  |TAMS 0x0000000088000000, 0x0000000088000000| Complete 
| 129|0x0000000088100000, 0x0000000088200000, 0x0000000088200000|100%| E|CS|TAMS 0x0000000088100000, 0x0000000088100000| Complete 
| 130|0x0000000088200000, 0x0000000088300000, 0x0000000088300000|100%| E|CS|TAMS 0x0000000088200000, 0x0000000088200000| Complete 
| 131|0x0000000088300000, 0x0000000088400000, 0x0000000088400000|100%| E|CS|TAMS 0x0000000088300000, 0x0000000088300000| Complete 
| 132|0x0000000088400000, 0x0000000088500000, 0x0000000088500000|100%| E|CS|TAMS 0x0000000088400000, 0x0000000088400000| Complete 
| 133|0x0000000088500000, 0x0000000088600000, 0x0000000088600000|100%| E|CS|TAMS 0x0000000088500000, 0x0000000088500000| Complete 
| 134|0x0000000088600000, 0x0000000088700000, 0x0000000088700000|100%| E|CS|TAMS 0x0000000088600000, 0x0000000088600000| Complete 
| 135|0x0000000088700000, 0x0000000088800000, 0x0000000088800000|100%| E|CS|TAMS 0x0000000088700000, 0x0000000088700000| Complete 
| 136|0x0000000088800000, 0x0000000088900000, 0x0000000088900000|100%| E|CS|TAMS 0x0000000088800000, 0x0000000088800000| Complete 
| 137|0x0000000088900000, 0x0000000088a00000, 0x0000000088a00000|100%| E|CS|TAMS 0x0000000088900000, 0x0000000088900000| Complete 
| 138|0x0000000088a00000, 0x0000000088b00000, 0x0000000088b00000|100%| E|CS|TAMS 0x0000000088a00000, 0x0000000088a00000| Complete 
| 139|0x0000000088b00000, 0x0000000088c00000, 0x0000000088c00000|100%| E|CS|TAMS 0x0000000088b00000, 0x0000000088b00000| Complete 
| 140|0x0000000088c00000, 0x0000000088d00000, 0x0000000088d00000|100%| E|CS|TAMS 0x0000000088c00000, 0x0000000088c00000| Complete 
| 141|0x0000000088d00000, 0x0000000088e00000, 0x0000000088e00000|100%| E|CS|TAMS 0x0000000088d00000, 0x0000000088d00000| Complete 
| 142|0x0000000088e00000, 0x0000000088f00000, 0x0000000088f00000|100%| E|CS|TAMS 0x0000000088e00000, 0x0000000088e00000| Complete 
| 143|0x0000000088f00000, 0x0000000089000000, 0x0000000089000000|100%| E|CS|TAMS 0x0000000088f00000, 0x0000000088f00000| Complete 
| 144|0x0000000089000000, 0x0000000089100000, 0x0000000089100000|100%| E|CS|TAMS 0x0000000089000000, 0x0000000089000000| Complete 
| 145|0x0000000089100000, 0x0000000089200000, 0x0000000089200000|100%| E|CS|TAMS 0x0000000089100000, 0x0000000089100000| Complete 
| 146|0x0000000089200000, 0x0000000089300000, 0x0000000089300000|100%| E|CS|TAMS 0x0000000089200000, 0x0000000089200000| Complete 
| 147|0x0000000089300000, 0x0000000089400000, 0x0000000089400000|100%| E|CS|TAMS 0x0000000089300000, 0x0000000089300000| Complete 
| 148|0x0000000089400000, 0x0000000089500000, 0x0000000089500000|100%| E|CS|TAMS 0x0000000089400000, 0x0000000089400000| Complete 
| 149|0x0000000089500000, 0x0000000089600000, 0x0000000089600000|100%| E|CS|TAMS 0x0000000089500000, 0x0000000089500000| Complete 
| 150|0x0000000089600000, 0x0000000089700000, 0x0000000089700000|100%| E|CS|TAMS 0x0000000089600000, 0x0000000089600000| Complete 
| 151|0x0000000089700000, 0x0000000089800000, 0x0000000089800000|100%| E|CS|TAMS 0x0000000089700000, 0x0000000089700000| Complete 
| 152|0x0000000089800000, 0x0000000089900000, 0x0000000089900000|100%| E|CS|TAMS 0x0000000089800000, 0x0000000089800000| Complete 
| 153|0x0000000089900000, 0x0000000089a00000, 0x0000000089a00000|100%| E|CS|TAMS 0x0000000089900000, 0x0000000089900000| Complete 

Card table byte_map: [0x0000022135f80000,0x0000022136380000] _byte_map_base: 0x0000022135b80000

Marking Bits (Prev, Next): (CMBitMap*) 0x0000022120e52ef8, (CMBitMap*) 0x0000022120e52f30
 Prev Bits: [0x0000022136780000, 0x0000022138780000)
 Next Bits: [0x0000022138780000, 0x000002213a780000)

Polling page: 0x0000022120cc0000

Metaspace:

Usage:
  Non-class:     79.27 MB capacity,    77.44 MB ( 98%) used,     1.48 MB (  2%) free+waste,   355.75 KB ( <1%) overhead. 
      Class:     13.30 MB capacity,    12.07 MB ( 91%) used,     1.06 MB (  8%) free+waste,   179.06 KB (  1%) overhead. 
       Both:     92.57 MB capacity,    89.51 MB ( 97%) used,     2.54 MB (  3%) free+waste,   534.81 KB ( <1%) overhead. 

Virtual space:
  Non-class space:       80.00 MB reserved,      79.43 MB (>99%) committed 
      Class space:        1.00 GB reserved,      13.32 MB (  1%) committed 
             Both:        1.08 GB reserved,      92.75 MB (  8%) committed 

Chunk freelists:
   Non-Class:  0 bytes
       Class:  0 bytes
        Both:  0 bytes

MaxMetaspaceSize: 17179869184.00 GB
CompressedClassSpaceSize: 1.00 GB

CodeHeap 'non-profiled nmethods': size=120000Kb used=5456Kb max_used=5456Kb free=114543Kb
 bounds [0x000002212dbf0000, 0x000002212e150000, 0x0000022135120000]
CodeHeap 'profiled nmethods': size=120000Kb used=22281Kb max_used=22281Kb free=97718Kb
 bounds [0x00000221266c0000, 0x0000022127c90000, 0x000002212dbf0000]
CodeHeap 'non-nmethods': size=5760Kb used=2297Kb max_used=2361Kb free=3462Kb
 bounds [0x0000022126120000, 0x0000022126390000, 0x00000221266c0000]
 total_blobs=11417 nmethods=10519 adapters=809
 compilation: enabled
              stopped_count=0, restarted_count=0
 full_count=0

Compilation events (20 events):
Event: 47.647 Thread 0x000002213dbe0800 10688       3       java.util.LinkedList$ListItr::hasPrevious (13 bytes)
Event: 47.647 Thread 0x000002213dbe0800 nmethod 10688 0x0000022127c7ee10 code [0x0000022127c7efc0, 0x0000022127c7f118]
Event: 47.647 Thread 0x000002213dbe0800 10687       1       com.android.tools.r8.internal.AU0::E1 (2 bytes)
Event: 47.648 Thread 0x000002213dbe0800 nmethod 10687 0x000002212e142f10 code [0x000002212e1430c0, 0x000002212e143178]
Event: 47.648 Thread 0x000002213dbe0800 10689       1       com.android.tools.r8.internal.AU0::F1 (2 bytes)
Event: 47.648 Thread 0x000002213dbe0800 nmethod 10689 0x000002212e143210 code [0x000002212e1433c0, 0x000002212e143478]
Event: 47.648 Thread 0x000002213dbe0800 10690       1       com.android.tools.r8.internal.AU0::W1 (2 bytes)
Event: 47.648 Thread 0x000002213dbe0800 nmethod 10690 0x000002212e143510 code [0x000002212e1436c0, 0x000002212e143778]
Event: 47.665 Thread 0x000002213dbe0800 10692       3       com.android.tools.r8.internal.XR0::hasNext (33 bytes)
Event: 47.666 Thread 0x000002213dbe0800 nmethod 10692 0x0000022127c7f190 code [0x0000022127c7f360, 0x0000022127c7f698]
Event: 47.666 Thread 0x000002213dbe0800 10693       3       com.android.tools.r8.internal.XR0::next (114 bytes)
Event: 47.666 Thread 0x000002213dbe0800 nmethod 10693 0x0000022127c7f790 code [0x0000022127c7fa40, 0x0000022127c808d8]
Event: 47.666 Thread 0x000002213dbe0800 10694       1       com.android.tools.r8.internal.AU0::b2 (2 bytes)
Event: 47.667 Thread 0x000002213dbe0800 nmethod 10694 0x000002212e143810 code [0x000002212e1439c0, 0x000002212e143a78]
Event: 47.667 Thread 0x000002213dbe0800 10695       1       com.android.tools.r8.internal.AU0::j1 (2 bytes)
Event: 47.667 Thread 0x000002213dbe0800 nmethod 10695 0x000002212e143b10 code [0x000002212e143cc0, 0x000002212e143d78]
Event: 47.667 Thread 0x000002213dbe0800 10696       1       com.android.tools.r8.internal.AU0::k1 (2 bytes)
Event: 47.667 Thread 0x000002213dbe0800 nmethod 10696 0x000002212e143e10 code [0x000002212e143fc0, 0x000002212e144078]
Event: 47.685 Thread 0x000002213dbe0800 10697       3       java.util.IdentityHashMap::isEmpty (13 bytes)
Event: 47.685 Thread 0x000002213dbe0800 nmethod 10697 0x0000022127c80d10 code [0x0000022127c80ec0, 0x0000022127c81018]

GC Heap History (20 events):
Event: 15.854 GC heap before
{Heap before GC invocations=13 (full 0):
 garbage-first heap   total 157696K, used 61895K [0x0000000080000000, 0x0000000100000000)
  region size 1024K, 27 young (27648K), 10 survivors (10240K)
 Metaspace       used 58630K, capacity 60114K, committed 60288K, reserved 1101824K
  class space    used 7479K, capacity 8059K, committed 8140K, reserved 1048576K
}
Event: 15.873 GC heap after
{Heap after GC invocations=14 (full 0):
 garbage-first heap   total 157696K, used 47509K [0x0000000080000000, 0x0000000100000000)
  region size 1024K, 2 young (2048K), 2 survivors (2048K)
 Metaspace       used 58630K, capacity 60114K, committed 60288K, reserved 1101824K
  class space    used 7479K, capacity 8059K, committed 8140K, reserved 1048576K
}
Event: 17.267 GC heap before
{Heap before GC invocations=15 (full 0):
 garbage-first heap   total 157696K, used 96661K [0x0000000080000000, 0x0000000100000000)
  region size 1024K, 51 young (52224K), 2 survivors (2048K)
 Metaspace       used 63479K, capacity 65079K, committed 65280K, reserved 1105920K
  class space    used 8082K, capacity 8661K, committed 8780K, reserved 1048576K
}
Event: 17.273 GC heap after
{Heap after GC invocations=16 (full 0):
 garbage-first heap   total 157696K, used 51028K [0x0000000080000000, 0x0000000100000000)
  region size 1024K, 6 young (6144K), 6 survivors (6144K)
 Metaspace       used 63479K, capacity 65079K, committed 65280K, reserved 1105920K
  class space    used 8082K, capacity 8661K, committed 8780K, reserved 1048576K
}
Event: 18.272 GC heap before
{Heap before GC invocations=16 (full 0):
 garbage-first heap   total 157696K, used 103252K [0x0000000080000000, 0x0000000100000000)
  region size 1024K, 56 young (57344K), 6 survivors (6144K)
 Metaspace       used 65707K, capacity 67328K, committed 67584K, reserved 1107968K
  class space    used 8383K, capacity 8998K, committed 9036K, reserved 1048576K
}
Event: 18.281 GC heap after
{Heap after GC invocations=17 (full 0):
 garbage-first heap   total 157696K, used 55148K [0x0000000080000000, 0x0000000100000000)
  region size 1024K, 5 young (5120K), 5 survivors (5120K)
 Metaspace       used 65707K, capacity 67328K, committed 67584K, reserved 1107968K
  class space    used 8383K, capacity 8998K, committed 9036K, reserved 1048576K
}
Event: 19.423 GC heap before
{Heap before GC invocations=17 (full 0):
 garbage-first heap   total 157696K, used 107372K [0x0000000080000000, 0x0000000100000000)
  region size 1024K, 56 young (57344K), 5 survivors (5120K)
 Metaspace       used 71262K, capacity 72936K, committed 73216K, reserved 1112064K
  class space    used 9288K, capacity 9938K, committed 10060K, reserved 1048576K
}
Event: 19.433 GC heap after
{Heap after GC invocations=18 (full 0):
 garbage-first heap   total 157696K, used 58925K [0x0000000080000000, 0x0000000100000000)
  region size 1024K, 4 young (4096K), 4 survivors (4096K)
 Metaspace       used 71262K, capacity 72936K, committed 73216K, reserved 1112064K
  class space    used 9288K, capacity 9938K, committed 10060K, reserved 1048576K
}
Event: 20.530 GC heap before
{Heap before GC invocations=18 (full 0):
 garbage-first heap   total 157696K, used 113197K [0x0000000080000000, 0x0000000100000000)
  region size 1024K, 57 young (58368K), 4 survivors (4096K)
 Metaspace       used 77106K, capacity 79022K, committed 79104K, reserved 1118208K
  class space    used 10090K, capacity 10750K, committed 10828K, reserved 1048576K
}
Event: 20.537 GC heap after
{Heap after GC invocations=19 (full 0):
 garbage-first heap   total 157696K, used 61743K [0x0000000080000000, 0x0000000100000000)
  region size 1024K, 7 young (7168K), 7 survivors (7168K)
 Metaspace       used 77106K, capacity 79022K, committed 79104K, reserved 1118208K
  class space    used 10090K, capacity 10750K, committed 10828K, reserved 1048576K
}
Event: 22.217 GC heap before
{Heap before GC invocations=19 (full 0):
 garbage-first heap   total 157696K, used 114991K [0x0000000080000000, 0x0000000100000000)
  region size 1024K, 60 young (61440K), 7 survivors (7168K)
 Metaspace       used 80187K, capacity 82358K, committed 82560K, reserved 1120256K
  class space    used 10589K, capacity 11415K, committed 11468K, reserved 1048576K
}
Event: 22.234 GC heap after
{Heap after GC invocations=20 (full 0):
 garbage-first heap   total 157696K, used 65486K [0x0000000080000000, 0x0000000100000000)
  region size 1024K, 7 young (7168K), 7 survivors (7168K)
 Metaspace       used 80187K, capacity 82358K, committed 82560K, reserved 1120256K
  class space    used 10589K, capacity 11415K, committed 11468K, reserved 1048576K
}
Event: 23.771 GC heap before
{Heap before GC invocations=20 (full 0):
 garbage-first heap   total 157696K, used 118734K [0x0000000080000000, 0x0000000100000000)
  region size 1024K, 60 young (61440K), 7 survivors (7168K)
 Metaspace       used 80945K, capacity 83212K, committed 83456K, reserved 1122304K
  class space    used 10635K, capacity 11480K, committed 11596K, reserved 1048576K
}
Event: 23.783 GC heap after
{Heap after GC invocations=21 (full 0):
 garbage-first heap   total 157696K, used 69922K [0x0000000080000000, 0x0000000100000000)
  region size 1024K, 8 young (8192K), 8 survivors (8192K)
 Metaspace       used 80945K, capacity 83212K, committed 83456K, reserved 1122304K
  class space    used 10635K, capacity 11480K, committed 11596K, reserved 1048576K
}
Event: 25.519 GC heap before
{Heap before GC invocations=21 (full 0):
 garbage-first heap   total 157696K, used 121122K [0x0000000080000000, 0x0000000100000000)
  region size 1024K, 59 young (60416K), 8 survivors (8192K)
 Metaspace       used 81493K, capacity 83685K, committed 83968K, reserved 1122304K
  class space    used 10670K, capacity 11494K, committed 11596K, reserved 1048576K
}
Event: 25.531 GC heap after
{Heap after GC invocations=22 (full 0):
 garbage-first heap   total 157696K, used 73380K [0x0000000080000000, 0x0000000100000000)
  region size 1024K, 4 young (4096K), 4 survivors (4096K)
 Metaspace       used 81493K, capacity 83685K, committed 83968K, reserved 1122304K
  class space    used 10670K, capacity 11494K, committed 11596K, reserved 1048576K
}
Event: 26.684 GC heap before
{Heap before GC invocations=22 (full 0):
 garbage-first heap   total 157696K, used 103076K [0x0000000080000000, 0x0000000100000000)
  region size 1024K, 33 young (33792K), 4 survivors (4096K)
 Metaspace       used 82445K, capacity 84728K, committed 84992K, reserved 1122304K
  class space    used 10735K, capacity 11579K, committed 11596K, reserved 1048576K
}
Event: 26.690 GC heap after
{Heap after GC invocations=23 (full 0):
 garbage-first heap   total 157696K, used 76396K [0x0000000080000000, 0x0000000100000000)
  region size 1024K, 5 young (5120K), 5 survivors (5120K)
 Metaspace       used 82445K, capacity 84728K, committed 84992K, reserved 1122304K
  class space    used 10735K, capacity 11579K, committed 11596K, reserved 1048576K
}
Event: 35.326 GC heap before
{Heap before GC invocations=24 (full 0):
 garbage-first heap   total 157696K, used 123500K [0x0000000080000000, 0x0000000100000000)
  region size 1024K, 50 young (51200K), 5 survivors (5120K)
 Metaspace       used 86294K, capacity 88686K, committed 88960K, reserved 1126400K
  class space    used 11281K, capacity 12141K, committed 12236K, reserved 1048576K
}
Event: 35.342 GC heap after
{Heap after GC invocations=25 (full 0):
 garbage-first heap   total 157696K, used 82384K [0x0000000080000000, 0x0000000100000000)
  region size 1024K, 7 young (7168K), 7 survivors (7168K)
 Metaspace       used 86294K, capacity 88686K, committed 88960K, reserved 1126400K
  class space    used 11281K, capacity 12141K, committed 12236K, reserved 1048576K
}

Deoptimization events (20 events):
Event: 42.868 Thread 0x0000022144952800 Uncommon trap: trap_request=0xffffff4d fr.pc=0x000002212e0db1cc relative=0x000000000000072c
Event: 42.868 Thread 0x0000022144952800 Uncommon trap: reason=unstable_if action=reinterpret pc=0x000002212e0db1cc method=com.android.tools.r8.internal.lH0.b(I[C)Ljava/lang/Object; @ 62 c2
Event: 42.868 Thread 0x0000022144952800 DEOPT PACKING pc=0x000002212e0db1cc sp=0x0000003f21cfb8b0
Event: 42.868 Thread 0x0000022144952800 DEOPT UNPACKING pc=0x000002212614662f sp=0x0000003f21cfb858 mode 2
Event: 43.327 Thread 0x0000022144958800 Uncommon trap: trap_request=0xffffffde fr.pc=0x000002212e0be9ec relative=0x000000000000040c
Event: 43.327 Thread 0x0000022144957800 Uncommon trap: trap_request=0xffffffde fr.pc=0x000002212e0be9ec relative=0x000000000000040c
Event: 43.327 Thread 0x0000022144958800 Uncommon trap: reason=class_check action=maybe_recompile pc=0x000002212e0be9ec method=com.android.tools.r8.internal.GY0.hasNext()Z @ 103 c2
Event: 43.327 Thread 0x0000022144957800 Uncommon trap: reason=class_check action=maybe_recompile pc=0x000002212e0be9ec method=com.android.tools.r8.internal.GY0.hasNext()Z @ 103 c2
Event: 43.327 Thread 0x0000022144959000 Uncommon trap: trap_request=0xffffffde fr.pc=0x000002212e0be9ec relative=0x000000000000040c
Event: 43.327 Thread 0x0000022144958800 DEOPT PACKING pc=0x000002212e0be9ec sp=0x0000003f223fcb40
Event: 43.327 Thread 0x0000022144957000 Uncommon trap: trap_request=0xffffffde fr.pc=0x000002212e0be9ec relative=0x000000000000040c
Event: 43.327 Thread 0x0000022144959000 Uncommon trap: reason=class_check action=maybe_recompile pc=0x000002212e0be9ec method=com.android.tools.r8.internal.GY0.hasNext()Z @ 103 c2
Event: 43.327 Thread 0x0000022144957000 Uncommon trap: reason=class_check action=maybe_recompile pc=0x000002212e0be9ec method=com.android.tools.r8.internal.GY0.hasNext()Z @ 103 c2
Event: 43.327 Thread 0x0000022144957800 DEOPT PACKING pc=0x000002212e0be9ec sp=0x0000003f222fcb20
Event: 43.327 Thread 0x0000022144958800 DEOPT UNPACKING pc=0x000002212614662f sp=0x0000003f223fcaf8 mode 2
Event: 43.327 Thread 0x0000022144957000 DEOPT PACKING pc=0x000002212e0be9ec sp=0x0000003f221fc8b0
Event: 43.327 Thread 0x0000022144959000 DEOPT PACKING pc=0x000002212e0be9ec sp=0x0000003f220fc960
Event: 43.327 Thread 0x0000022144957000 DEOPT UNPACKING pc=0x000002212614662f sp=0x0000003f221fc868 mode 2
Event: 43.327 Thread 0x0000022144959000 DEOPT UNPACKING pc=0x000002212614662f sp=0x0000003f220fc918 mode 2
Event: 43.327 Thread 0x0000022144957800 DEOPT UNPACKING pc=0x000002212614662f sp=0x0000003f222fcad8 mode 2

Classes redefined (0 events):
No events

Internal exceptions (20 events):
Event: 46.201 Thread 0x0000022144956000 Exception <a 'java/lang/NoSuchMethodError'{0x0000000087df6da8}: 'java.lang.Object java.lang.invoke.DirectMethodHandle$Holder.invokeVirtual(java.lang.Object, java.lang.Object, int, java.lang.Object)'> (0x0000000087df6da8) thrown at [./src/hotspot/share/interpreter/linkResolver.cpp, line 773]
Event: 46.201 Thread 0x0000022144959000 Exception <a 'java/lang/NoSuchMethodError'{0x0000000087dfc458}: 'java.lang.Object java.lang.invoke.DirectMethodHandle$Holder.invokeVirtual(java.lang.Object, java.lang.Object, int, java.lang.Object)'> (0x0000000087dfc458) thrown at [./src/hotspot/share/interpreter/linkResolver.cpp, line 773]
Event: 46.201 Thread 0x0000022144957000 Exception <a 'java/lang/NoSuchMethodError'{0x0000000087d4e218}: 'java.lang.Object java.lang.invoke.DirectMethodHandle$Holder.invokeVirtual(java.lang.Object, java.lang.Object, int, java.lang.Object)'> (0x0000000087d4e218) thrown at [./src/hotspot/share/interpreter/linkResolver.cpp, line 773]
Event: 46.201 Thread 0x0000022144952800 Exception <a 'java/lang/NoSuchMethodError'{0x0000000087c01348}: 'java.lang.Object java.lang.invoke.DirectMethodHandle$Holder.invokeVirtual(java.lang.Object, java.lang.Object, int, java.lang.Object)'> (0x0000000087c01348) thrown at [./src/hotspot/share/interpreter/linkResolver.cpp, line 773]
Event: 46.201 Thread 0x0000022144958800 Exception <a 'java/lang/NoSuchMethodError'{0x0000000087db7b10}: 'java.lang.Object java.lang.invoke.DirectMethodHandle$Holder.invokeVirtual(java.lang.Object, java.lang.Object, int, java.lang.Object)'> (0x0000000087db7b10) thrown at [./src/hotspot/share/interpreter/linkResolver.cpp, line 773]
Event: 46.201 Thread 0x0000022144955000 Exception <a 'java/lang/NoSuchMethodError'{0x0000000087d7c128}: 'java.lang.Object java.lang.invoke.DirectMethodHandle$Holder.invokeVirtual(java.lang.Object, java.lang.Object, int, java.lang.Object)'> (0x0000000087d7c128) thrown at [./src/hotspot/share/interpreter/linkResolver.cpp, line 773]
Event: 46.201 Thread 0x0000022144951000 Exception <a 'java/lang/NoSuchMethodError'{0x0000000087d1d230}: 'java.lang.Object java.lang.invoke.DirectMethodHandle$Holder.invokeVirtual(java.lang.Object, java.lang.Object, int, java.lang.Object)'> (0x0000000087d1d230) thrown at [./src/hotspot/share/interpreter/linkResolver.cpp, line 773]
Event: 46.201 Thread 0x0000022144957800 Exception <a 'java/lang/NoSuchMethodError'{0x0000000087deb210}: 'java.lang.Object java.lang.invoke.DirectMethodHandle$Holder.invokeVirtual(java.lang.Object, java.lang.Object, int, java.lang.Object)'> (0x0000000087deb210) thrown at [./src/hotspot/share/interpreter/linkResolver.cpp, line 773]
Event: 46.587 Thread 0x0000022144951000 Exception <a 'java/lang/IncompatibleClassChangeError'{0x0000000087b0ac60}: Found class java.lang.Object, but interface was expected> (0x0000000087b0ac60) thrown at [./src/hotspot/share/interpreter/linkResolver.cpp, line 839]
Event: 46.587 Thread 0x0000022144952800 Exception <a 'java/lang/IncompatibleClassChangeError'{0x0000000087cfeb98}: Found class java.lang.Object, but interface was expected> (0x0000000087cfeb98) thrown at [./src/hotspot/share/interpreter/linkResolver.cpp, line 839]
Event: 46.587 Thread 0x0000022144955000 Exception <a 'java/lang/IncompatibleClassChangeError'{0x0000000087b02988}: Found class java.lang.Object, but interface was expected> (0x0000000087b02988) thrown at [./src/hotspot/share/interpreter/linkResolver.cpp, line 839]
Event: 46.587 Thread 0x0000022144956000 Exception <a 'java/lang/IncompatibleClassChangeError'{0x0000000087b0fe48}: Found class java.lang.Object, but interface was expected> (0x0000000087b0fe48) thrown at [./src/hotspot/share/interpreter/linkResolver.cpp, line 839]
Event: 46.643 Thread 0x0000022144956000 Exception <a 'java/lang/IncompatibleClassChangeError'{0x0000000087b1ec80}: Found class java.lang.Object, but interface was expected> (0x0000000087b1ec80) thrown at [./src/hotspot/share/interpreter/linkResolver.cpp, line 839]
Event: 46.643 Thread 0x0000022144955000 Exception <a 'java/lang/IncompatibleClassChangeError'{0x0000000087b05d20}: Found class java.lang.Object, but interface was expected> (0x0000000087b05d20) thrown at [./src/hotspot/share/interpreter/linkResolver.cpp, line 839]
Event: 46.643 Thread 0x0000022144952800 Exception <a 'java/lang/IncompatibleClassChangeError'{0x0000000087b17ee8}: Found class java.lang.Object, but interface was expected> (0x0000000087b17ee8) thrown at [./src/hotspot/share/interpreter/linkResolver.cpp, line 839]
Event: 46.764 Thread 0x0000022144959000 Exception <a 'java/lang/NoSuchMethodError'{0x0000000087a60998}: 'void java.lang.invoke.DirectMethodHandle$Holder.invokeVirtual(java.lang.Object, java.lang.Object, int, java.lang.Object)'> (0x0000000087a60998) thrown at [./src/hotspot/share/interpreter/linkResolver.cpp, line 773]
Event: 46.764 Thread 0x0000022144956000 Exception <a 'java/lang/NoSuchMethodError'{0x0000000087a36b20}: 'void java.lang.invoke.DirectMethodHandle$Holder.invokeVirtual(java.lang.Object, java.lang.Object, int, java.lang.Object)'> (0x0000000087a36b20) thrown at [./src/hotspot/share/interpreter/linkResolver.cpp, line 773]
Event: 46.764 Thread 0x0000022144957000 Exception <a 'java/lang/NoSuchMethodError'{0x0000000087c77550}: 'void java.lang.invoke.DirectMethodHandle$Holder.invokeVirtual(java.lang.Object, java.lang.Object, int, java.lang.Object)'> (0x0000000087c77550) thrown at [./src/hotspot/share/interpreter/linkResolver.cpp, line 773]
Event: 46.764 Thread 0x0000022144955000 Exception <a 'java/lang/NoSuchMethodError'{0x0000000087b9fe70}: 'void java.lang.invoke.DirectMethodHandle$Holder.invokeVirtual(java.lang.Object, java.lang.Object, int, java.lang.Object)'> (0x0000000087b9fe70) thrown at [./src/hotspot/share/interpreter/linkResolver.cpp, line 773]
Event: 46.764 Thread 0x0000022144958800 Exception <a 'java/lang/NoSuchMethodError'{0x0000000087c4d738}: 'void java.lang.invoke.DirectMethodHandle$Holder.invokeVirtual(java.lang.Object, java.lang.Object, int, java.lang.Object)'> (0x0000000087c4d738) thrown at [./src/hotspot/share/interpreter/linkResolver.cpp, line 773]

Events (20 events):
Event: 47.665 loading class com/android/tools/r8/internal/VR0
Event: 47.665 loading class com/android/tools/r8/internal/VR0 done
Event: 47.665 loading class com/android/tools/r8/internal/VR0
Event: 47.665 loading class com/android/tools/r8/internal/VR0 done
Event: 47.665 loading class com/android/tools/r8/internal/VR0
Event: 47.665 loading class com/android/tools/r8/internal/VR0 done
Event: 47.665 loading class com/android/tools/r8/internal/VR0
Event: 47.665 loading class com/android/tools/r8/internal/VR0 done
Event: 47.665 loading class com/android/tools/r8/internal/AA0
Event: 47.665 loading class com/android/tools/r8/internal/AA0 done
Event: 47.665 loading class com/android/tools/r8/internal/Es1
Event: 47.665 loading class com/android/tools/r8/internal/Es1 done
Event: 47.665 loading class com/android/tools/r8/internal/fB0
Event: 47.665 loading class com/android/tools/r8/internal/fB0 done
Event: 47.666 loading class com/android/tools/r8/internal/Sz0
Event: 47.666 loading class com/android/tools/r8/internal/Sz0 done
Event: 47.685 loading class com/android/tools/r8/internal/Kn1
Event: 47.685 loading class com/android/tools/r8/internal/Kn1 done
Event: 47.690 loading class com/android/tools/r8/internal/O
Event: 47.690 loading class com/android/tools/r8/internal/O done


Dynamic libraries:
0x00007ff683560000 - 0x00007ff68356a000 	C:\Program Files\Android\Android Studio\jre\bin\java.exe
0x00007ffa1c010000 - 0x00007ffa1c205000 	C:\WINDOWS\SYSTEM32\ntdll.dll
0x00007ffa1bac0000 - 0x00007ffa1bb7e000 	C:\WINDOWS\System32\KERNEL32.DLL
0x00007ffa198e0000 - 0x00007ffa19ba8000 	C:\WINDOWS\System32\KERNELBASE.dll
0x00007ffa19d90000 - 0x00007ffa19e90000 	C:\WINDOWS\System32\ucrtbase.dll
0x00007ffa15f60000 - 0x00007ffa15f79000 	C:\Program Files\Android\Android Studio\jre\bin\jli.dll
0x00007ffa15900000 - 0x00007ffa15917000 	C:\Program Files\Android\Android Studio\jre\bin\VCRUNTIME140.dll
0x00007ffa1bb80000 - 0x00007ffa1bd20000 	C:\WINDOWS\System32\USER32.dll
0x00007ff9fc240000 - 0x00007ff9fc4da000 	C:\WINDOWS\WinSxS\amd64_microsoft.windows.common-controls_6595b64144ccf1df_6.0.19041.1110_none_60b5254171f9507e\COMCTL32.dll
0x00007ffa19bb0000 - 0x00007ffa19bd2000 	C:\WINDOWS\System32\win32u.dll
0x00007ffa1b9b0000 - 0x00007ffa1ba4e000 	C:\WINDOWS\System32\msvcrt.dll
0x00007ffa1bd20000 - 0x00007ffa1bd4b000 	C:\WINDOWS\System32\GDI32.dll
0x00007ffa19f50000 - 0x00007ffa1a05d000 	C:\WINDOWS\System32\gdi32full.dll
0x00007ffa19720000 - 0x00007ffa197bd000 	C:\WINDOWS\System32\msvcp_win.dll
0x00007ffa1acd0000 - 0x00007ffa1ad00000 	C:\WINDOWS\System32\IMM32.DLL
0x00007ffa137c0000 - 0x00007ffa1385d000 	C:\Program Files\Android\Android Studio\jre\bin\msvcp140.dll
0x00007ff9d32d0000 - 0x00007ff9d3da5000 	C:\Program Files\Android\Android Studio\jre\bin\server\jvm.dll
0x00007ffa1b900000 - 0x00007ffa1b9ae000 	C:\WINDOWS\System32\ADVAPI32.dll
0x00007ffa1b730000 - 0x00007ffa1b7cc000 	C:\WINDOWS\System32\sechost.dll
0x00007ffa1a060000 - 0x00007ffa1a185000 	C:\WINDOWS\System32\RPCRT4.dll
0x00007ffa1b0e0000 - 0x00007ffa1b0e8000 	C:\WINDOWS\System32\PSAPI.DLL
0x00007ffa16ac0000 - 0x00007ffa16ac9000 	C:\WINDOWS\SYSTEM32\WSOCK32.dll
0x00007ffa01620000 - 0x00007ffa01647000 	C:\WINDOWS\SYSTEM32\WINMM.dll
0x00007ffa109a0000 - 0x00007ffa109aa000 	C:\WINDOWS\SYSTEM32\VERSION.dll
0x00007ffa1be80000 - 0x00007ffa1beeb000 	C:\WINDOWS\System32\WS2_32.dll
0x00007ffa18200000 - 0x00007ffa18212000 	C:\WINDOWS\SYSTEM32\kernel.appcore.dll
0x00007ffa16850000 - 0x00007ffa16861000 	C:\Program Files\Android\Android Studio\jre\bin\verify.dll
0x00007ffa14330000 - 0x00007ffa14514000 	C:\WINDOWS\SYSTEM32\DBGHELP.DLL
0x00007ff9fc5e0000 - 0x00007ff9fc60c000 	C:\WINDOWS\SYSTEM32\dbgcore.DLL
0x00007ffa19e90000 - 0x00007ffa19f12000 	C:\WINDOWS\System32\bcryptPrimitives.dll
0x00007ffa113c0000 - 0x00007ffa113e9000 	C:\Program Files\Android\Android Studio\jre\bin\java.dll
0x00007ffa16840000 - 0x00007ffa1684b000 	C:\Program Files\Android\Android Studio\jre\bin\jimage.dll
0x00007ffa0dc60000 - 0x00007ffa0dc78000 	C:\Program Files\Android\Android Studio\jre\bin\zip.dll
0x00007ffa1a2f0000 - 0x00007ffa1aa34000 	C:\WINDOWS\System32\SHELL32.dll
0x00007ffa177b0000 - 0x00007ffa17f44000 	C:\WINDOWS\SYSTEM32\windows.storage.dll
0x00007ffa1ad80000 - 0x00007ffa1b0d5000 	C:\WINDOWS\System32\combase.dll
0x00007ffa18fc0000 - 0x00007ffa18fee000 	C:\WINDOWS\SYSTEM32\Wldp.dll
0x00007ffa1a190000 - 0x00007ffa1a23d000 	C:\WINDOWS\System32\SHCORE.dll
0x00007ffa1aa40000 - 0x00007ffa1aa95000 	C:\WINDOWS\System32\shlwapi.dll
0x00007ffa19660000 - 0x00007ffa1967f000 	C:\WINDOWS\SYSTEM32\profapi.dll
0x00007ffa0dc40000 - 0x00007ffa0dc5a000 	C:\Program Files\Android\Android Studio\jre\bin\net.dll
0x00007ffa064f0000 - 0x00007ffa065fc000 	C:\WINDOWS\SYSTEM32\WINHTTP.dll
0x00007ffa18da0000 - 0x00007ffa18e0a000 	C:\WINDOWS\system32\mswsock.dll
0x00007ffa0dc20000 - 0x00007ffa0dc34000 	C:\Program Files\Android\Android Studio\jre\bin\nio.dll
0x00007ffa16350000 - 0x00007ffa16377000 	C:\Users\ahmed\.gradle\native\e1d6ef7f7dcc3fd88c89a11ec53ec762bb8ba0a96d01ffa2cd45eb1d1d8dd5c5\windows-amd64\native-platform.dll
0x00007ffa107f0000 - 0x00007ffa10934000 	C:\Users\ahmed\.gradle\native\5664cfc778a61ccfe75a443a1ab52a65af34e5dc3c78e0209fed803814484fcb\windows-amd64\native-platform-file-events.dll
0x00007ffa10c80000 - 0x00007ffa10c8a000 	C:\Program Files\Android\Android Studio\jre\bin\management.dll
0x00007ffa0fea0000 - 0x00007ffa0fead000 	C:\Program Files\Android\Android Studio\jre\bin\management_ext.dll
0x00007ffa19300000 - 0x00007ffa19318000 	C:\WINDOWS\SYSTEM32\CRYPTSP.dll
0x00007ffa18740000 - 0x00007ffa18774000 	C:\WINDOWS\system32\rsaenh.dll
0x00007ffa19f20000 - 0x00007ffa19f47000 	C:\WINDOWS\System32\bcrypt.dll
0x00007ffa19570000 - 0x00007ffa1959e000 	C:\WINDOWS\SYSTEM32\USERENV.dll
0x00007ffa18f30000 - 0x00007ffa18f3c000 	C:\WINDOWS\SYSTEM32\CRYPTBASE.dll
0x00007ffa18ab0000 - 0x00007ffa18aeb000 	C:\WINDOWS\SYSTEM32\IPHLPAPI.DLL
0x00007ffa1ba50000 - 0x00007ffa1ba58000 	C:\WINDOWS\System32\NSI.dll
0x00007ffa0d320000 - 0x00007ffa0d337000 	C:\WINDOWS\SYSTEM32\dhcpcsvc6.DLL
0x00007ffa0d300000 - 0x00007ffa0d31d000 	C:\WINDOWS\SYSTEM32\dhcpcsvc.DLL
0x00007ffa18b40000 - 0x00007ffa18c0b000 	C:\WINDOWS\SYSTEM32\DNSAPI.dll

dbghelp: loaded successfully - version: 4.0.5 - missing functions: none
symbol engine: initialized successfully - sym options: 0x614 - pdb path: .;C:\Program Files\Android\Android Studio\jre\bin;C:\WINDOWS\SYSTEM32;C:\WINDOWS\WinSxS\amd64_microsoft.windows.common-controls_6595b64144ccf1df_6.0.19041.1110_none_60b5254171f9507e;C:\Program Files\Android\Android Studio\jre\bin\server;C:\Users\ahmed\.gradle\native\e1d6ef7f7dcc3fd88c89a11ec53ec762bb8ba0a96d01ffa2cd45eb1d1d8dd5c5\windows-amd64;C:\Users\ahmed\.gradle\native\5664cfc778a61ccfe75a443a1ab52a65af34e5dc3c78e0209fed803814484fcb\windows-amd64

VM Arguments:
jvm_args: --add-opens=java.base/java.util=ALL-UNNAMED --add-opens=java.base/java.lang=ALL-UNNAMED --add-opens=java.base/java.lang.invoke=ALL-UNNAMED --add-opens=java.base/java.util=ALL-UNNAMED --add-opens=java.prefs/java.util.prefs=ALL-UNNAMED --add-opens=java.prefs/java.util.prefs=ALL-UNNAMED --add-opens=java.base/java.nio.charset=ALL-UNNAMED --add-opens=java.base/java.net=ALL-UNNAMED --add-opens=java.base/java.util.concurrent.atomic=ALL-UNNAMED -Xmx2048m -Dfile.encoding=UTF-8 -Duser.country=US -Duser.language=en -Duser.variant 
java_command: org.gradle.launcher.daemon.bootstrap.GradleDaemon 7.2
java_class_path (initial): C:\Users\ahmed\.gradle\wrapper\dists\gradle-7.2-bin\2dnblmf4td7x66yl1d74lt32g\gradle-7.2\lib\gradle-launcher-7.2.jar
Launcher Type: SUN_STANDARD

[Global flags]
     intx CICompilerCount                          = 4                                         {product} {ergonomic}
     uint ConcGCThreads                            = 2                                         {product} {ergonomic}
     uint G1ConcRefinementThreads                  = 8                                         {product} {ergonomic}
   size_t G1HeapRegionSize                         = 1048576                                   {product} {ergonomic}
    uintx GCDrainStackTargetSize                   = 64                                        {product} {ergonomic}
   size_t InitialHeapSize                          = 134217728                                 {product} {ergonomic}
   size_t MarkStackSize                            = 4194304                                   {product} {ergonomic}
   size_t MaxHeapSize                              = 2147483648                                {product} {command line}
   size_t MaxNewSize                               = 1287651328                                {product} {ergonomic}
   size_t MinHeapDeltaBytes                        = 1048576                                   {product} {ergonomic}
    uintx NonNMethodCodeHeapSize                   = 5836300                                {pd product} {ergonomic}
    uintx NonProfiledCodeHeapSize                  = 122910970                              {pd product} {ergonomic}
    uintx ProfiledCodeHeapSize                     = 122910970                              {pd product} {ergonomic}
    uintx ReservedCodeCacheSize                    = 251658240                              {pd product} {ergonomic}
     bool SegmentedCodeCache                       = true                                      {product} {ergonomic}
     bool UseCompressedClassPointers               = true                                 {lp64_product} {ergonomic}
     bool UseCompressedOops                        = true                                 {lp64_product} {ergonomic}
     bool UseG1GC                                  = true                                      {product} {ergonomic}
     bool UseLargePagesIndividualAllocation        = false                                  {pd product} {ergonomic}

Logging:
Log output configuration:
 #0: stdout all=warning uptime,level,tags
 #1: stderr all=off uptime,level,tags

Environment Variables:
JAVA_HOME=C:\Program Files\AdoptOpenJDK\jdk-11.0.10.9-hotspot\
PATH=C:\Program Files\AdoptOpenJDK\jdk-11.0.10.9-hotspot\bin;C:\Program Files\AdoptOpenJDK\javafx-sdk-11.0.2\bin;C:\Program Files (x86)\Common Files\Oracle\Java\javapath;C:\WINDOWS\system32;C:\WINDOWS;C:\WINDOWS\System32\Wbem;C:\WINDOWS\System32\WindowsPowerShell\v1.0\;C:\WINDOWS\System32\OpenSSH\;C:\Program Files\Git\cmd;C:\Users\ahmed\.openjfx\cache\15.0.1;C:\Users\ahmed\Desktop\School\All Softwares\Java\apache-maven-3.6.3-bin\apache-maven-3.6.3\bin;C:\Program Files\dotnet\;C:\Program Files\Microsoft SQL Server\130\Tools\Binn\;C:\Users\ahmed\Desktop\School\All Softwares\SQLite\sqlite3;C:\Program Files\Microsoft SQL Server\Client SDK\ODBC\170\Tools\Binn\;C:\Program Files (x86)\Microsoft SQL Server\150\Tools\Binn\;C:\Program Files\Microsoft SQL Server\150\Tools\Binn\;C:\Program Files\Microsoft SQL Server\150\DTS\Binn\;C:\Program Files (x86)\Microsoft SQL Server\150\DTS\Binn\;C:\Program Files\Azure Data Studio\bin;C:\Program Files\JetBrains\IntelliJ IDEA Community Edition 2019.2.1\bin;C:\Users\ahmed\.dotnet\tools;C:\Users\ahmed\Desktop\School\All Softwares\Flutter SDK\flutter_windows_2.2.2-stable\flutter\bin;C:\Program Files\JetBrains\IntelliJ IDEA 2021.2.2\bin;C:\Users\ahmed\AppData\Local\Programs\Microsoft VS Code\bin
USERNAME=ahmed
OS=Windows_NT
PROCESSOR_IDENTIFIER=Intel64 Family 6 Model 142 Stepping 11, GenuineIntel



---------------  S Y S T E M  ---------------

OS: Windows 10 , 64 bit Build 19041 (10.0.19041.1503)
OS uptime: 0 days 9:18 hours
Hyper-V role detected

CPU:total 8 (initial active 8) (4 cores per cpu, 2 threads per core) family 6 model 142 stepping 11 microcode 0xde, cmov, cx8, fxsr, mmx, sse, sse2, sse3, ssse3, sse4.1, sse4.2, popcnt, avx, avx2, aes, clmul, erms, 3dnowpref, lzcnt, ht, tsc, tscinvbit, bmi1, bmi2, adx, fma

Memory: 4k page, system-wide physical 8079M (344M free)
TotalPageFile size 10511M (AvailPageFile size 5M)
current process WorkingSet (physical memory assigned to process): 386M, peak: 402M
current process commit charge ("private bytes"): 440M, peak: 458M

vm_info: OpenJDK 64-Bit Server VM (11.0.11+9-b60-7590822) for windows-amd64 JRE (11.0.11+9-b60-7590822), built on Jul 29 2021 21:43:44 by "builder" with MS VC++ 14.0 (VS2015)

END.
