#
# There is insufficient memory for the Java Runtime Environment to continue.
# Native memory allocation (malloc) failed to allocate 2061456 bytes for Chunk::new
# Possible reasons:
#   The system is out of physical RAM or swap space
#   The process is running with CompressedOops enabled, and the Java Heap may be blocking the growth of the native heap
# Possible solutions:
#   Reduce memory load on the system
#   Increase physical memory or swap space
#   Check if swap backing store is full
#   Decrease Java heap size (-Xmx/-Xms)
#   Decrease number of Java threads
#   Decrease Java thread stack sizes (-Xss)
#   Set larger code cache with -XX:ReservedCodeCacheSize=
#   JVM is running with Unscaled Compressed Oops mode in which the Java heap is
#     placed in the first 4GB address space. The Java Heap base address is the
#     maximum limit for the native heap growth. Please use -XX:HeapBaseMinAddress
#     to set the Java Heap base and to place the Java Heap above 4GB virtual address.
# This output file may be truncated or incomplete.
#
#  Out of Memory Error (./src/hotspot/share/memory/arena.cpp:197), pid=13240, tid=12708
#
# JRE version: OpenJDK Runtime Environment (11.0.11+9) (build 11.0.11+9-b60-7590822)
# Java VM: OpenJDK 64-Bit Server VM (11.0.11+9-b60-7590822, mixed mode, tiered, compressed oops, g1 gc, windows-amd64)
# No core dump will be written. Minidumps are not enabled by default on client versions of Windows
#

---------------  S U M M A R Y ------------

Command Line: --add-opens=java.base/java.util=ALL-UNNAMED --add-opens=java.base/java.lang=ALL-UNNAMED --add-opens=java.base/java.lang.invoke=ALL-UNNAMED --add-opens=java.base/java.util=ALL-UNNAMED --add-opens=java.prefs/java.util.prefs=ALL-UNNAMED --add-opens=java.prefs/java.util.prefs=ALL-UNNAMED --add-opens=java.base/java.nio.charset=ALL-UNNAMED --add-opens=java.base/java.net=ALL-UNNAMED --add-opens=java.base/java.util.concurrent.atomic=ALL-UNNAMED -Xmx2048m -Dfile.encoding=UTF-8 -Duser.country=US -Duser.language=en -Duser.variant org.gradle.launcher.daemon.bootstrap.GradleDaemon 7.2

Host: Intel(R) Core(TM) i7-8565U CPU @ 1.80GHz, 8 cores, 7G,  Windows 10 , 64 bit Build 19041 (10.0.19041.1503)
Time: Wed Mar  2 13:19:35 2022 Eastern Standard Time elapsed time: 24.304144 seconds (0d 0h 0m 24s)

---------------  T H R E A D  ---------------

Current thread (0x000001671ca6c000):  JavaThread "C2 CompilerThread0" daemon [_thread_in_native, id=12708, stack(0x0000000613f00000,0x0000000614000000)]


Current CompileTask:
C2:  24304 7352       4       java.lang.Class::annotationData (44 bytes)

Stack: [0x0000000613f00000,0x0000000614000000]
Native frames: (J=compiled Java code, j=interpreted, Vv=VM code, C=native code)
V  [jvm.dll+0x5f214a]
V  [jvm.dll+0x726fb5]
V  [jvm.dll+0x7285cd]
V  [jvm.dll+0x728c83]
V  [jvm.dll+0x243278]
V  [jvm.dll+0xbc53c]
V  [jvm.dll+0xbca3c]
V  [jvm.dll+0x353e3b]
V  [jvm.dll+0x321893]
V  [jvm.dll+0x320d8a]
V  [jvm.dll+0x1fc1e2]
V  [jvm.dll+0x1fb3d4]
V  [jvm.dll+0x183d6c]
V  [jvm.dll+0x209a57]
V  [jvm.dll+0x2082a1]
V  [jvm.dll+0x6ef58f]
V  [jvm.dll+0x6e80b5]
V  [jvm.dll+0x5f1036]
C  [ucrtbase.dll+0x21bb2]
C  [KERNEL32.DLL+0x17034]
C  [ntdll.dll+0x52651]


---------------  P R O C E S S  ---------------

Threads class SMR info:
_java_thread_list=0x000001671eb882b0, length=122, elements={
0x000001677fe83800, 0x000001671c0d3800, 0x000001671c0df000, 0x000001671ca65800,
0x000001671ca66800, 0x000001671ca69000, 0x000001671ca6c000, 0x000001671ca6d000,
0x000001671c0f3800, 0x000001671cbbe000, 0x000001671ef46000, 0x000001671e1fd800,
0x000001671ccdc800, 0x000001671e412000, 0x000001671e5dd800, 0x000001671dcdb800,
0x000001671df65000, 0x000001671e9e9800, 0x000001671f599800, 0x000001671ea70800,
0x000001671ea6d800, 0x000001671ea6e000, 0x000001671ea6b000, 0x000001671ea6b800,
0x000001671ea6c800, 0x000001671ea6f000, 0x000001671ea6f800, 0x000001671ea71800,
0x000001671f1fb800, 0x000001671f1fc800, 0x000001671f1fd000, 0x000001671f1fe000,
0x000001671f1ff000, 0x000001671f200800, 0x000001671f1fb000, 0x000001671f205800,
0x000001671f202000, 0x000001671f204800, 0x000001671f201800, 0x000001671f208000,
0x000001671f208800, 0x000001671f203000, 0x000001671f206000, 0x000001671f207000,
0x000001671f204000, 0x0000016722683000, 0x0000016722681800, 0x0000016722680000,
0x0000016722685000, 0x0000016722684000, 0x0000016722685800, 0x0000016722682800,
0x0000016722686800, 0x0000016722681000, 0x0000016722689800, 0x000001672268a800,
0x0000016722688000, 0x000001672268b800, 0x000001672268c000, 0x0000016722689000,
0x000001672268d000, 0x0000016722687800, 0x000001672268e000, 0x000001672268e800,
0x0000016722403800, 0x0000016722400000, 0x0000016722404000, 0x00000167223fe800,
0x0000016722405000, 0x00000167223ff000, 0x0000016722405800, 0x0000016722402800,
0x0000016722406800, 0x0000016722401000, 0x0000016722401800, 0x0000016722409000,
0x000001672240a800, 0x000001672240c000, 0x000001672240d000, 0x0000016722407800,
0x000001672240a000, 0x0000016722408000, 0x000001672240b800, 0x0000016723df6000,
0x0000016723df7000, 0x0000016723df7800, 0x0000016723df8800, 0x0000016723df9800,
0x0000016723dfa000, 0x0000016723dfb000, 0x0000016723df5800, 0x0000016723e01800,
0x0000016723dfd800, 0x0000016723dfe800, 0x0000016723dfc000, 0x0000016723e02800,
0x0000016723e00000, 0x0000016723e00800, 0x0000016723dff000, 0x0000016723dfc800,
0x0000016723e03000, 0x0000016723e04000, 0x0000016722b5c800, 0x0000016722b5c000,
0x0000016722b5d800, 0x0000016722b5b000, 0x0000016722b5f000, 0x0000016722b5e800,
0x0000016722b60000, 0x0000016722b5a000, 0x0000016722b60800, 0x0000016722b61800,
0x0000016722b67800, 0x0000016722b66800, 0x0000016722b68000, 0x0000016722b62800,
0x0000016722b65000, 0x0000016722b69000, 0x0000016722b63000, 0x0000016722b64000,
0x0000016722b65800, 0x00000167224a3000
}

Java Threads: ( => current thread )
  0x000001677fe83800 JavaThread "main" [_thread_blocked, id=14668, stack(0x0000000613300000,0x0000000613400000)]
  0x000001671c0d3800 JavaThread "Reference Handler" daemon [_thread_blocked, id=14188, stack(0x0000000613a00000,0x0000000613b00000)]
  0x000001671c0df000 JavaThread "Finalizer" daemon [_thread_blocked, id=12628, stack(0x0000000613b00000,0x0000000613c00000)]
  0x000001671ca65800 JavaThread "Signal Dispatcher" daemon [_thread_blocked, id=14596, stack(0x0000000613c00000,0x0000000613d00000)]
  0x000001671ca66800 JavaThread "Attach Listener" daemon [_thread_blocked, id=4632, stack(0x0000000613d00000,0x0000000613e00000)]
  0x000001671ca69000 JavaThread "Service Thread" daemon [_thread_blocked, id=11380, stack(0x0000000613e00000,0x0000000613f00000)]
=>0x000001671ca6c000 JavaThread "C2 CompilerThread0" daemon [_thread_in_native, id=12708, stack(0x0000000613f00000,0x0000000614000000)]
  0x000001671ca6d000 JavaThread "C1 CompilerThread0" daemon [_thread_blocked, id=1968, stack(0x0000000614000000,0x0000000614100000)]
  0x000001671c0f3800 JavaThread "Sweeper thread" daemon [_thread_blocked, id=9368, stack(0x0000000614100000,0x0000000614200000)]
  0x000001671cbbe000 JavaThread "Common-Cleaner" daemon [_thread_blocked, id=13296, stack(0x0000000614200000,0x0000000614300000)]
  0x000001671ef46000 JavaThread "Daemon health stats" [_thread_blocked, id=6920, stack(0x0000000614700000,0x0000000614800000)]
  0x000001671e1fd800 JavaThread "Incoming local TCP Connector on port 49240" [_thread_in_native, id=9956, stack(0x0000000614600000,0x0000000614700000)]
  0x000001671ccdc800 JavaThread "Daemon periodic checks" [_thread_blocked, id=4036, stack(0x0000000614800000,0x0000000614900000)]
  0x000001671e412000 JavaThread "Daemon" [_thread_blocked, id=14840, stack(0x0000000614900000,0x0000000614a00000)]
  0x000001671e5dd800 JavaThread "Handler for socket connection from /127.0.0.1:49240 to /127.0.0.1:49241" [_thread_in_native, id=15588, stack(0x0000000614a00000,0x0000000614b00000)]
  0x000001671dcdb800 JavaThread "Cancel handler" [_thread_blocked, id=14196, stack(0x0000000614b00000,0x0000000614c00000)]
  0x000001671df65000 JavaThread "Daemon worker" [_thread_in_vm, id=5492, stack(0x0000000614c00000,0x0000000614d00000)]
  0x000001671e9e9800 JavaThread "Asynchronous log dispatcher for DefaultDaemonConnection: socket connection from /127.0.0.1:49240 to /127.0.0.1:49241" [_thread_blocked, id=2112, stack(0x0000000614d00000,0x0000000614e00000)]
  0x000001671f599800 JavaThread "Stdin handler" [_thread_blocked, id=11320, stack(0x0000000614e00000,0x0000000614f00000)]
  0x000001671ea70800 JavaThread "Daemon client event forwarder" [_thread_blocked, id=12172, stack(0x0000000614f00000,0x0000000615000000)]
  0x000001671ea6d800 JavaThread "Cache worker for journal cache (C:\Users\ahmed\.gradle\caches\journal-1)" [_thread_blocked, id=12380, stack(0x0000000615500000,0x0000000615600000)]
  0x000001671ea6e000 JavaThread "File lock request listener" [_thread_in_native, id=16252, stack(0x0000000615600000,0x0000000615700000)]
  0x000001671ea6b000 JavaThread "Cache worker for file hash cache (C:\Users\ahmed\.gradle\caches\7.2\fileHashes)" [_thread_blocked, id=3692, stack(0x0000000615700000,0x0000000615800000)]
  0x000001671ea6b800 JavaThread "Cache worker for file hash cache (C:\Users\ahmed\AndroidStudioProjects\MyPlanner\.gradle\7.2\fileHashes)" [_thread_blocked, id=14780, stack(0x0000000615900000,0x0000000615a00000)]
  0x000001671ea6c800 JavaThread "File watcher server" daemon [_thread_in_native, id=13748, stack(0x0000000615a00000,0x0000000615b00000)]
  0x000001671ea6f000 JavaThread "File watcher consumer" daemon [_thread_blocked, id=8424, stack(0x0000000615b00000,0x0000000615c00000)]
  0x000001671ea6f800 JavaThread "Cache worker for checksums cache (C:\Users\ahmed\AndroidStudioProjects\MyPlanner\.gradle\checksums)" [_thread_blocked, id=2448, stack(0x0000000615c00000,0x0000000615d00000)]
  0x000001671ea71800 JavaThread "Cache worker for cache directory md-supplier (C:\Users\ahmed\.gradle\caches\7.2\md-supplier)" [_thread_blocked, id=14472, stack(0x0000000615d00000,0x0000000615e00000)]
  0x000001671f1fb800 JavaThread "Cache worker for cache directory md-rule (C:\Users\ahmed\.gradle\caches\7.2\md-rule)" [_thread_blocked, id=8260, stack(0x0000000615f00000,0x0000000616000000)]
  0x000001671f1fc800 JavaThread "Cache worker for execution history cache (C:\Users\ahmed\.gradle\caches\7.2\executionHistory)" [_thread_blocked, id=6364, stack(0x0000000616000000,0x0000000616100000)]
  0x000001671f1fd000 JavaThread "jar transforms" [_thread_blocked, id=11992, stack(0x0000000616100000,0x0000000616200000)]
  0x000001671f1fe000 JavaThread "jar transforms Thread 2" [_thread_blocked, id=15084, stack(0x0000000616200000,0x0000000616300000)]
  0x000001671f1ff000 JavaThread "Cache worker for file content cache (C:\Users\ahmed\.gradle\caches\7.2\fileContent)" [_thread_blocked, id=9988, stack(0x0000000616300000,0x0000000616400000)]
  0x000001671f200800 JavaThread "Cache worker for dependencies-accessors (C:\Users\ahmed\AndroidStudioProjects\MyPlanner\.gradle\7.2\dependencies-accessors)" [_thread_blocked, id=11832, stack(0x0000000616400000,0x0000000616500000)]
  0x000001671f1fb000 JavaThread "jar transforms Thread 3" [_thread_blocked, id=11308, stack(0x0000000616500000,0x0000000616600000)]
  0x000001671f205800 JavaThread "Cache worker for Build Output Cleanup Cache (C:\Users\ahmed\AndroidStudioProjects\MyPlanner\.gradle\buildOutputCleanup)" [_thread_blocked, id=2524, stack(0x0000000616600000,0x0000000616700000)]
  0x000001671f202000 JavaThread "Unconstrained build operations" [_thread_blocked, id=14752, stack(0x0000000616700000,0x0000000616800000)]
  0x000001671f204800 JavaThread "Unconstrained build operations Thread 2" [_thread_blocked, id=10896, stack(0x0000000616800000,0x0000000616900000)]
  0x000001671f201800 JavaThread "Unconstrained build operations Thread 3" [_thread_blocked, id=14296, stack(0x0000000616900000,0x0000000616a00000)]
  0x000001671f208000 JavaThread "Unconstrained build operations Thread 4" [_thread_blocked, id=13776, stack(0x0000000616a00000,0x0000000616b00000)]
  0x000001671f208800 JavaThread "Unconstrained build operations Thread 5" [_thread_blocked, id=10556, stack(0x0000000616b00000,0x0000000616c00000)]
  0x000001671f203000 JavaThread "Unconstrained build operations Thread 6" [_thread_blocked, id=15452, stack(0x0000000616c00000,0x0000000616d00000)]
  0x000001671f206000 JavaThread "Unconstrained build operations Thread 7" [_thread_blocked, id=7852, stack(0x0000000616d00000,0x0000000616e00000)]
  0x000001671f207000 JavaThread "Unconstrained build operations Thread 8" [_thread_blocked, id=10048, stack(0x0000000616e00000,0x0000000616f00000)]
  0x000001671f204000 JavaThread "Unconstrained build operations Thread 9" [_thread_blocked, id=7912, stack(0x0000000616f00000,0x0000000617000000)]
  0x0000016722683000 JavaThread "Unconstrained build operations Thread 10" [_thread_blocked, id=6392, stack(0x0000000617000000,0x0000000617100000)]
  0x0000016722681800 JavaThread "Unconstrained build operations Thread 11" [_thread_blocked, id=10716, stack(0x0000000617100000,0x0000000617200000)]
  0x0000016722680000 JavaThread "Unconstrained build operations Thread 12" [_thread_blocked, id=10152, stack(0x0000000617200000,0x0000000617300000)]
  0x0000016722685000 JavaThread "Unconstrained build operations Thread 13" [_thread_blocked, id=16112, stack(0x0000000617300000,0x0000000617400000)]
  0x0000016722684000 JavaThread "Unconstrained build operations Thread 14" [_thread_blocked, id=7740, stack(0x0000000617400000,0x0000000617500000)]
  0x0000016722685800 JavaThread "Unconstrained build operations Thread 15" [_thread_blocked, id=11812, stack(0x0000000617500000,0x0000000617600000)]
  0x0000016722682800 JavaThread "Unconstrained build operations Thread 16" [_thread_blocked, id=9484, stack(0x0000000617600000,0x0000000617700000)]
  0x0000016722686800 JavaThread "Unconstrained build operations Thread 17" [_thread_blocked, id=12124, stack(0x0000000617700000,0x0000000617800000)]
  0x0000016722681000 JavaThread "Unconstrained build operations Thread 18" [_thread_blocked, id=8776, stack(0x0000000617800000,0x0000000617900000)]
  0x0000016722689800 JavaThread "Unconstrained build operations Thread 19" [_thread_blocked, id=6008, stack(0x0000000617900000,0x0000000617a00000)]
  0x000001672268a800 JavaThread "Unconstrained build operations Thread 20" [_thread_blocked, id=10924, stack(0x0000000617a00000,0x0000000617b00000)]
  0x0000016722688000 JavaThread "Unconstrained build operations Thread 21" [_thread_blocked, id=10884, stack(0x0000000617b00000,0x0000000617c00000)]
  0x000001672268b800 JavaThread "Unconstrained build operations Thread 22" [_thread_blocked, id=13724, stack(0x0000000617c00000,0x0000000617d00000)]
  0x000001672268c000 JavaThread "Unconstrained build operations Thread 23" [_thread_blocked, id=6068, stack(0x0000000617d00000,0x0000000617e00000)]
  0x0000016722689000 JavaThread "Unconstrained build operations Thread 24" [_thread_blocked, id=4268, stack(0x0000000617e00000,0x0000000617f00000)]
  0x000001672268d000 JavaThread "Unconstrained build operations Thread 25" [_thread_blocked, id=13880, stack(0x0000000617f00000,0x0000000618000000)]
  0x0000016722687800 JavaThread "Unconstrained build operations Thread 26" [_thread_blocked, id=1964, stack(0x0000000618000000,0x0000000618100000)]
  0x000001672268e000 JavaThread "Unconstrained build operations Thread 27" [_thread_blocked, id=2800, stack(0x0000000618100000,0x0000000618200000)]
  0x000001672268e800 JavaThread "Unconstrained build operations Thread 28" [_thread_blocked, id=3200, stack(0x0000000618200000,0x0000000618300000)]
  0x0000016722403800 JavaThread "Unconstrained build operations Thread 29" [_thread_blocked, id=13332, stack(0x0000000618300000,0x0000000618400000)]
  0x0000016722400000 JavaThread "Unconstrained build operations Thread 30" [_thread_blocked, id=7772, stack(0x0000000618400000,0x0000000618500000)]
  0x0000016722404000 JavaThread "Unconstrained build operations Thread 31" [_thread_blocked, id=5064, stack(0x0000000618500000,0x0000000618600000)]
  0x00000167223fe800 JavaThread "Unconstrained build operations Thread 32" [_thread_blocked, id=240, stack(0x0000000618600000,0x0000000618700000)]
  0x0000016722405000 JavaThread "Unconstrained build operations Thread 33" [_thread_blocked, id=11964, stack(0x0000000618700000,0x0000000618800000)]
  0x00000167223ff000 JavaThread "Unconstrained build operations Thread 34" [_thread_blocked, id=2004, stack(0x0000000618800000,0x0000000618900000)]
  0x0000016722405800 JavaThread "Unconstrained build operations Thread 35" [_thread_blocked, id=8112, stack(0x0000000618900000,0x0000000618a00000)]
  0x0000016722402800 JavaThread "Unconstrained build operations Thread 36" [_thread_blocked, id=4052, stack(0x0000000618a00000,0x0000000618b00000)]
  0x0000016722406800 JavaThread "Unconstrained build operations Thread 37" [_thread_blocked, id=10452, stack(0x0000000618b00000,0x0000000618c00000)]
  0x0000016722401000 JavaThread "Unconstrained build operations Thread 38" [_thread_blocked, id=8988, stack(0x0000000618c00000,0x0000000618d00000)]
  0x0000016722401800 JavaThread "Unconstrained build operations Thread 39" [_thread_blocked, id=9668, stack(0x0000000618d00000,0x0000000618e00000)]
  0x0000016722409000 JavaThread "Unconstrained build operations Thread 40" [_thread_blocked, id=14412, stack(0x0000000618e00000,0x0000000618f00000)]
  0x000001672240a800 JavaThread "Unconstrained build operations Thread 41" [_thread_blocked, id=13272, stack(0x0000000618f00000,0x0000000619000000)]
  0x000001672240c000 JavaThread "Unconstrained build operations Thread 42" [_thread_blocked, id=8336, stack(0x0000000619000000,0x0000000619100000)]
  0x000001672240d000 JavaThread "Unconstrained build operations Thread 43" [_thread_blocked, id=2948, stack(0x0000000619100000,0x0000000619200000)]
  0x0000016722407800 JavaThread "Unconstrained build operations Thread 44" [_thread_blocked, id=9596, stack(0x0000000619200000,0x0000000619300000)]
  0x000001672240a000 JavaThread "Unconstrained build operations Thread 45" [_thread_blocked, id=1604, stack(0x0000000619300000,0x0000000619400000)]
  0x0000016722408000 JavaThread "Unconstrained build operations Thread 46" [_thread_blocked, id=14520, stack(0x0000000619400000,0x0000000619500000)]
  0x000001672240b800 JavaThread "Unconstrained build operations Thread 47" [_thread_blocked, id=11800, stack(0x0000000619500000,0x0000000619600000)]
  0x0000016723df6000 JavaThread "Unconstrained build operations Thread 48" [_thread_blocked, id=14004, stack(0x0000000619600000,0x0000000619700000)]
  0x0000016723df7000 JavaThread "Unconstrained build operations Thread 49" [_thread_blocked, id=2556, stack(0x0000000619700000,0x0000000619800000)]
  0x0000016723df7800 JavaThread "Unconstrained build operations Thread 50" [_thread_blocked, id=4692, stack(0x0000000619800000,0x0000000619900000)]
  0x0000016723df8800 JavaThread "Unconstrained build operations Thread 51" [_thread_blocked, id=15180, stack(0x0000000619900000,0x0000000619a00000)]
  0x0000016723df9800 JavaThread "Unconstrained build operations Thread 52" [_thread_blocked, id=13988, stack(0x0000000619a00000,0x0000000619b00000)]
  0x0000016723dfa000 JavaThread "Unconstrained build operations Thread 53" [_thread_blocked, id=12540, stack(0x0000000619b00000,0x0000000619c00000)]
  0x0000016723dfb000 JavaThread "Unconstrained build operations Thread 54" [_thread_blocked, id=15432, stack(0x0000000619c00000,0x0000000619d00000)]
  0x0000016723df5800 JavaThread "Unconstrained build operations Thread 55" [_thread_blocked, id=8952, stack(0x0000000619d00000,0x0000000619e00000)]
  0x0000016723e01800 JavaThread "Unconstrained build operations Thread 56" [_thread_blocked, id=12976, stack(0x0000000619e00000,0x0000000619f00000)]
  0x0000016723dfd800 JavaThread "Unconstrained build operations Thread 57" [_thread_blocked, id=10548, stack(0x0000000619f00000,0x000000061a000000)]
  0x0000016723dfe800 JavaThread "Unconstrained build operations Thread 58" [_thread_blocked, id=7044, stack(0x000000061a000000,0x000000061a100000)]
  0x0000016723dfc000 JavaThread "Unconstrained build operations Thread 59" [_thread_blocked, id=13436, stack(0x000000061a100000,0x000000061a200000)]
  0x0000016723e02800 JavaThread "Unconstrained build operations Thread 60" [_thread_blocked, id=14744, stack(0x000000061a200000,0x000000061a300000)]
  0x0000016723e00000 JavaThread "Unconstrained build operations Thread 61" [_thread_blocked, id=11464, stack(0x000000061a300000,0x000000061a400000)]
  0x0000016723e00800 JavaThread "Unconstrained build operations Thread 62" [_thread_blocked, id=8840, stack(0x000000061a400000,0x000000061a500000)]
  0x0000016723dff000 JavaThread "Unconstrained build operations Thread 63" [_thread_blocked, id=15212, stack(0x000000061a500000,0x000000061a600000)]
  0x0000016723dfc800 JavaThread "Unconstrained build operations Thread 64" [_thread_blocked, id=4880, stack(0x000000061a600000,0x000000061a700000)]
  0x0000016723e03000 JavaThread "Unconstrained build operations Thread 65" [_thread_blocked, id=9676, stack(0x000000061a700000,0x000000061a800000)]
  0x0000016723e04000 JavaThread "Unconstrained build operations Thread 66" [_thread_blocked, id=14092, stack(0x000000061a800000,0x000000061a900000)]
  0x0000016722b5c800 JavaThread "Unconstrained build operations Thread 67" [_thread_blocked, id=11272, stack(0x000000061a900000,0x000000061aa00000)]
  0x0000016722b5c000 JavaThread "Unconstrained build operations Thread 68" [_thread_blocked, id=13124, stack(0x000000061aa00000,0x000000061ab00000)]
  0x0000016722b5d800 JavaThread "Unconstrained build operations Thread 69" [_thread_blocked, id=12756, stack(0x000000061ab00000,0x000000061ac00000)]
  0x0000016722b5b000 JavaThread "Unconstrained build operations Thread 70" [_thread_blocked, id=5624, stack(0x000000061ac00000,0x000000061ad00000)]
  0x0000016722b5f000 JavaThread "Unconstrained build operations Thread 71" [_thread_blocked, id=5576, stack(0x000000061ad00000,0x000000061ae00000)]
  0x0000016722b5e800 JavaThread "Unconstrained build operations Thread 72" [_thread_blocked, id=8136, stack(0x000000061ae00000,0x000000061af00000)]
  0x0000016722b60000 JavaThread "Unconstrained build operations Thread 73" [_thread_blocked, id=9756, stack(0x000000061af00000,0x000000061b000000)]
  0x0000016722b5a000 JavaThread "Unconstrained build operations Thread 74" [_thread_blocked, id=13808, stack(0x000000061b000000,0x000000061b100000)]
  0x0000016722b60800 JavaThread "Unconstrained build operations Thread 75" [_thread_blocked, id=8012, stack(0x000000061b100000,0x000000061b200000)]
  0x0000016722b61800 JavaThread "Unconstrained build operations Thread 76" [_thread_blocked, id=9076, stack(0x000000061b200000,0x000000061b300000)]
  0x0000016722b67800 JavaThread "Unconstrained build operations Thread 77" [_thread_blocked, id=7068, stack(0x000000061b300000,0x000000061b400000)]
  0x0000016722b66800 JavaThread "Unconstrained build operations Thread 78" [_thread_blocked, id=12732, stack(0x000000061b400000,0x000000061b500000)]
  0x0000016722b68000 JavaThread "Unconstrained build operations Thread 79" [_thread_blocked, id=12164, stack(0x000000061b500000,0x000000061b600000)]
  0x0000016722b62800 JavaThread "Unconstrained build operations Thread 80" [_thread_blocked, id=6576, stack(0x000000061b600000,0x000000061b700000)]
  0x0000016722b65000 JavaThread "jar transforms Thread 4" [_thread_blocked, id=9332, stack(0x000000061b700000,0x000000061b800000)]
  0x0000016722b69000 JavaThread "jar transforms Thread 5" [_thread_blocked, id=11508, stack(0x000000061b800000,0x000000061b900000)]
  0x0000016722b63000 JavaThread "jar transforms Thread 6" [_thread_blocked, id=11492, stack(0x000000061b900000,0x000000061ba00000)]
  0x0000016722b64000 JavaThread "jar transforms Thread 7" [_thread_blocked, id=16180, stack(0x000000061ba00000,0x000000061bb00000)]
  0x0000016722b65800 JavaThread "jar transforms Thread 8" [_thread_blocked, id=5464, stack(0x000000061bb00000,0x000000061bc00000)]
  0x00000167224a3000 JavaThread "Memory manager" [_thread_blocked, id=7108, stack(0x0000000615e00000,0x0000000615f00000)]

Other Threads:
  0x000001671c0cf800 VMThread "VM Thread" [stack: 0x0000000613900000,0x0000000613a00000] [id=5632]
  0x000001671cbcc800 WatcherThread [stack: 0x0000000614300000,0x0000000614400000] [id=16104]
  0x000001677fe99000 GCTaskThread "GC Thread#0" [stack: 0x0000000613400000,0x0000000613500000] [id=2044]
  0x000001671ce42800 GCTaskThread "GC Thread#1" [stack: 0x0000000614400000,0x0000000614500000] [id=8632]
  0x000001671cef2000 GCTaskThread "GC Thread#2" [stack: 0x0000000614500000,0x0000000614600000] [id=10996]
  0x000001671f9df800 GCTaskThread "GC Thread#3" [stack: 0x0000000615000000,0x0000000615100000] [id=8276]
  0x000001671e822800 GCTaskThread "GC Thread#4" [stack: 0x0000000615100000,0x0000000615200000] [id=15216]
  0x000001671eafd800 GCTaskThread "GC Thread#5" [stack: 0x0000000615200000,0x0000000615300000] [id=10860]
  0x000001671ea3f800 GCTaskThread "GC Thread#6" [stack: 0x0000000615300000,0x0000000615400000] [id=14888]
  0x000001671dcfe800 GCTaskThread "GC Thread#7" [stack: 0x0000000615400000,0x0000000615500000] [id=15820]
  0x000001677feca800 ConcurrentGCThread "G1 Main Marker" [stack: 0x0000000613500000,0x0000000613600000] [id=7536]
  0x000001677fecb800 ConcurrentGCThread "G1 Conc#0" [stack: 0x0000000613600000,0x0000000613700000] [id=15608]
  0x000001671e4bf000 ConcurrentGCThread "G1 Conc#1" [stack: 0x0000000615800000,0x0000000615900000] [id=10748]
  0x000001671bf20800 ConcurrentGCThread "G1 Refine#0" [stack: 0x0000000613700000,0x0000000613800000] [id=11220]
  0x000001671bf21800 ConcurrentGCThread "G1 Young RemSet Sampling" [stack: 0x0000000613800000,0x0000000613900000] [id=15812]

Threads with active compile tasks:
C2 CompilerThread0  24443 7352       4       java.lang.Class::annotationData (44 bytes)

VM state:not at safepoint (normal execution)

VM Mutex/Monitor currently owned by a thread: None

Heap address: 0x0000000080000000, size: 2048 MB, Compressed Oops mode: 32-bit
Narrow klass base: 0x0000000000000000, Narrow klass shift: 3
Compressed class space size: 1073741824 Address: 0x0000000100000000

Heap:
 garbage-first heap   total 131072K, used 74165K [0x0000000080000000, 0x0000000100000000)
  region size 1024K, 21 young (21504K), 6 survivors (6144K)
 Metaspace       used 76366K, capacity 78156K, committed 78464K, reserved 1118208K
  class space    used 9992K, capacity 10613K, committed 10700K, reserved 1048576K
Heap Regions: E=young(eden), S=young(survivor), O=old, HS=humongous(starts), HC=humongous(continues), CS=collection set, F=free, A=archive, TAMS=top-at-mark-start (previous, next)
|   0|0x0000000080000000, 0x0000000080100000, 0x0000000080100000|100%| O|  |TAMS 0x0000000080100000, 0x0000000080000000| Untracked 
|   1|0x0000000080100000, 0x0000000080200000, 0x0000000080200000|100%| O|  |TAMS 0x0000000080200000, 0x0000000080100000| Untracked 
|   2|0x0000000080200000, 0x0000000080300000, 0x0000000080300000|100%| O|  |TAMS 0x0000000080300000, 0x0000000080200000| Untracked 
|   3|0x0000000080300000, 0x0000000080400000, 0x0000000080400000|100%|HS|  |TAMS 0x0000000080400000, 0x0000000080300000| Complete 
|   4|0x0000000080400000, 0x0000000080500000, 0x0000000080500000|100%|HC|  |TAMS 0x0000000080500000, 0x0000000080400000| Complete 
|   5|0x0000000080500000, 0x0000000080600000, 0x0000000080600000|100%|HC|  |TAMS 0x0000000080600000, 0x0000000080500000| Complete 
|   6|0x0000000080600000, 0x0000000080700000, 0x0000000080700000|100%| O|  |TAMS 0x0000000080700000, 0x0000000080600000| Untracked 
|   7|0x0000000080700000, 0x0000000080800000, 0x0000000080800000|100%| O|  |TAMS 0x0000000080800000, 0x0000000080700000| Untracked 
|   8|0x0000000080800000, 0x0000000080900000, 0x0000000080900000|100%| O|  |TAMS 0x0000000080900000, 0x0000000080800000| Untracked 
|   9|0x0000000080900000, 0x0000000080a00000, 0x0000000080a00000|100%| O|  |TAMS 0x0000000080a00000, 0x0000000080900000| Untracked 
|  10|0x0000000080a00000, 0x0000000080b00000, 0x0000000080b00000|100%| O|  |TAMS 0x0000000080b00000, 0x0000000080a00000| Untracked 
|  11|0x0000000080b00000, 0x0000000080c00000, 0x0000000080c00000|100%| O|  |TAMS 0x0000000080c00000, 0x0000000080b00000| Untracked 
|  12|0x0000000080c00000, 0x0000000080d00000, 0x0000000080d00000|100%| O|  |TAMS 0x0000000080d00000, 0x0000000080c00000| Untracked 
|  13|0x0000000080d00000, 0x0000000080e00000, 0x0000000080e00000|100%| O|  |TAMS 0x0000000080e00000, 0x0000000080d00000| Untracked 
|  14|0x0000000080e00000, 0x0000000080f00000, 0x0000000080f00000|100%| O|  |TAMS 0x0000000080f00000, 0x0000000080e00000| Untracked 
|  15|0x0000000080f00000, 0x0000000081000000, 0x0000000081000000|100%| O|  |TAMS 0x0000000081000000, 0x0000000080f00000| Untracked 
|  16|0x0000000081000000, 0x0000000081100000, 0x0000000081100000|100%| O|  |TAMS 0x0000000081100000, 0x0000000081000000| Untracked 
|  17|0x0000000081100000, 0x0000000081200000, 0x0000000081200000|100%| O|  |TAMS 0x0000000081200000, 0x0000000081100000| Untracked 
|  18|0x0000000081200000, 0x0000000081300000, 0x0000000081300000|100%| O|  |TAMS 0x0000000081300000, 0x0000000081200000| Untracked 
|  19|0x0000000081300000, 0x0000000081400000, 0x0000000081400000|100%|HS|  |TAMS 0x0000000081400000, 0x0000000081300000| Complete 
|  20|0x0000000081400000, 0x0000000081500000, 0x0000000081500000|100%| O|  |TAMS 0x0000000081500000, 0x0000000081400000| Untracked 
|  21|0x0000000081500000, 0x0000000081600000, 0x0000000081600000|100%| O|  |TAMS 0x0000000081600000, 0x0000000081500000| Untracked 
|  22|0x0000000081600000, 0x0000000081700000, 0x0000000081700000|100%| O|  |TAMS 0x0000000081700000, 0x0000000081600000| Untracked 
|  23|0x0000000081700000, 0x0000000081800000, 0x0000000081800000|100%| O|  |TAMS 0x0000000081800000, 0x0000000081700000| Untracked 
|  24|0x0000000081800000, 0x0000000081900000, 0x0000000081900000|100%| O|  |TAMS 0x0000000081900000, 0x0000000081800000| Untracked 
|  25|0x0000000081900000, 0x0000000081a00000, 0x0000000081a00000|100%| O|  |TAMS 0x0000000081a00000, 0x0000000081900000| Untracked 
|  26|0x0000000081a00000, 0x0000000081b00000, 0x0000000081b00000|100%| O|  |TAMS 0x0000000081b00000, 0x0000000081a00000| Untracked 
|  27|0x0000000081b00000, 0x0000000081c00000, 0x0000000081c00000|100%| O|  |TAMS 0x0000000081c00000, 0x0000000081b00000| Untracked 
|  28|0x0000000081c00000, 0x0000000081d00000, 0x0000000081d00000|100%|HS|  |TAMS 0x0000000081d00000, 0x0000000081c00000| Complete 
|  29|0x0000000081d00000, 0x0000000081e00000, 0x0000000081e00000|100%|HS|  |TAMS 0x0000000081e00000, 0x0000000081d00000| Complete 
|  30|0x0000000081e00000, 0x0000000081f00000, 0x0000000081f00000|100%|HS|  |TAMS 0x0000000081f00000, 0x0000000081e00000| Complete 
|  31|0x0000000081f00000, 0x0000000082000000, 0x0000000082000000|100%|HC|  |TAMS 0x0000000082000000, 0x0000000081f00000| Complete 
|  32|0x0000000082000000, 0x0000000082100000, 0x0000000082100000|100%| O|  |TAMS 0x0000000082100000, 0x0000000082000000| Untracked 
|  33|0x0000000082100000, 0x0000000082200000, 0x0000000082200000|100%| O|  |TAMS 0x0000000082200000, 0x0000000082100000| Untracked 
|  34|0x0000000082200000, 0x0000000082300000, 0x0000000082300000|100%| O|  |TAMS 0x0000000082300000, 0x0000000082200000| Untracked 
|  35|0x0000000082300000, 0x0000000082400000, 0x0000000082400000|100%| O|  |TAMS 0x0000000082400000, 0x0000000082300000| Untracked 
|  36|0x0000000082400000, 0x0000000082500000, 0x0000000082500000|100%| O|  |TAMS 0x0000000082500000, 0x0000000082400000| Untracked 
|  37|0x0000000082500000, 0x0000000082600000, 0x0000000082600000|100%| O|  |TAMS 0x0000000082600000, 0x0000000082500000| Untracked 
|  38|0x0000000082600000, 0x0000000082700000, 0x0000000082700000|100%| O|  |TAMS 0x0000000082700000, 0x0000000082600000| Untracked 
|  39|0x0000000082700000, 0x0000000082800000, 0x0000000082800000|100%| O|  |TAMS 0x0000000082800000, 0x0000000082700000| Untracked 
|  40|0x0000000082800000, 0x0000000082900000, 0x0000000082900000|100%| O|  |TAMS 0x0000000082900000, 0x0000000082800000| Untracked 
|  41|0x0000000082900000, 0x0000000082a00000, 0x0000000082a00000|100%| O|  |TAMS 0x00000000829dd200, 0x0000000082900000| Untracked 
|  42|0x0000000082a00000, 0x0000000082b00000, 0x0000000082b00000|100%| O|  |TAMS 0x0000000082a00000, 0x0000000082a00000| Untracked 
|  43|0x0000000082b00000, 0x0000000082c00000, 0x0000000082c00000|100%| O|  |TAMS 0x0000000082b00000, 0x0000000082b00000| Untracked 
|  44|0x0000000082c00000, 0x0000000082d00000, 0x0000000082d00000|100%| O|  |TAMS 0x0000000082c00000, 0x0000000082c00000| Untracked 
|  45|0x0000000082d00000, 0x0000000082e00000, 0x0000000082e00000|100%| O|  |TAMS 0x0000000082d00000, 0x0000000082d00000| Untracked 
|  46|0x0000000082e00000, 0x0000000082f00000, 0x0000000082f00000|100%| O|  |TAMS 0x0000000082e00000, 0x0000000082e00000| Untracked 
|  47|0x0000000082f00000, 0x0000000083000000, 0x0000000083000000|100%| O|  |TAMS 0x0000000082f00000, 0x0000000082f00000| Untracked 
|  48|0x0000000083000000, 0x0000000083100000, 0x0000000083100000|100%| O|  |TAMS 0x0000000083000000, 0x0000000083000000| Untracked 
|  49|0x0000000083100000, 0x0000000083200000, 0x0000000083200000|100%| O|  |TAMS 0x0000000083100000, 0x0000000083100000| Untracked 
|  50|0x0000000083200000, 0x0000000083300000, 0x0000000083300000|100%| O|  |TAMS 0x0000000083200000, 0x0000000083200000| Untracked 
|  51|0x0000000083300000, 0x0000000083400000, 0x0000000083400000|100%| O|  |TAMS 0x0000000083300000, 0x0000000083300000| Untracked 
|  52|0x0000000083400000, 0x00000000834b6800, 0x0000000083500000| 71%| O|  |TAMS 0x0000000083400000, 0x0000000083400000| Untracked 
|  53|0x0000000083500000, 0x0000000083500000, 0x0000000083600000|  0%| F|  |TAMS 0x0000000083500000, 0x0000000083500000| Untracked 
|  54|0x0000000083600000, 0x0000000083600000, 0x0000000083700000|  0%| F|  |TAMS 0x0000000083600000, 0x0000000083600000| Untracked 
|  55|0x0000000083700000, 0x0000000083700000, 0x0000000083800000|  0%| F|  |TAMS 0x0000000083700000, 0x0000000083700000| Untracked 
|  56|0x0000000083800000, 0x0000000083800000, 0x0000000083900000|  0%| F|  |TAMS 0x0000000083800000, 0x0000000083800000| Untracked 
|  57|0x0000000083900000, 0x0000000083900000, 0x0000000083a00000|  0%| F|  |TAMS 0x0000000083900000, 0x0000000083900000| Untracked 
|  58|0x0000000083a00000, 0x0000000083a00000, 0x0000000083b00000|  0%| F|  |TAMS 0x0000000083a00000, 0x0000000083a00000| Untracked 
|  59|0x0000000083b00000, 0x0000000083b00000, 0x0000000083c00000|  0%| F|  |TAMS 0x0000000083b00000, 0x0000000083b00000| Untracked 
|  60|0x0000000083c00000, 0x0000000083c00000, 0x0000000083d00000|  0%| F|  |TAMS 0x0000000083c00000, 0x0000000083c00000| Untracked 
|  61|0x0000000083d00000, 0x0000000083d00000, 0x0000000083e00000|  0%| F|  |TAMS 0x0000000083d00000, 0x0000000083d00000| Untracked 
|  62|0x0000000083e00000, 0x0000000083e00000, 0x0000000083f00000|  0%| F|  |TAMS 0x0000000083e00000, 0x0000000083e00000| Untracked 
|  63|0x0000000083f00000, 0x0000000083f00000, 0x0000000084000000|  0%| F|  |TAMS 0x0000000083f00000, 0x0000000083f00000| Untracked 
|  64|0x0000000084000000, 0x0000000084000000, 0x0000000084100000|  0%| F|  |TAMS 0x0000000084000000, 0x0000000084000000| Untracked 
|  65|0x0000000084100000, 0x0000000084100000, 0x0000000084200000|  0%| F|  |TAMS 0x0000000084100000, 0x0000000084100000| Untracked 
|  66|0x0000000084200000, 0x0000000084200000, 0x0000000084300000|  0%| F|  |TAMS 0x0000000084200000, 0x0000000084200000| Untracked 
|  67|0x0000000084300000, 0x0000000084300000, 0x0000000084400000|  0%| F|  |TAMS 0x0000000084300000, 0x0000000084300000| Untracked 
|  68|0x0000000084400000, 0x0000000084400000, 0x0000000084500000|  0%| F|  |TAMS 0x0000000084400000, 0x0000000084400000| Untracked 
|  69|0x0000000084500000, 0x0000000084500000, 0x0000000084600000|  0%| F|  |TAMS 0x0000000084500000, 0x0000000084500000| Untracked 
|  70|0x0000000084600000, 0x0000000084600000, 0x0000000084700000|  0%| F|  |TAMS 0x0000000084600000, 0x0000000084600000| Untracked 
|  71|0x0000000084700000, 0x00000000847b6dd8, 0x0000000084800000| 71%| S|CS|TAMS 0x0000000084700000, 0x0000000084700000| Complete 
|  72|0x0000000084800000, 0x0000000084800000, 0x0000000084900000|  0%| F|  |TAMS 0x0000000084800000, 0x0000000084800000| Untracked 
|  73|0x0000000084900000, 0x0000000084900000, 0x0000000084a00000|  0%| F|  |TAMS 0x0000000084900000, 0x0000000084900000| Untracked 
|  74|0x0000000084a00000, 0x0000000084a00000, 0x0000000084b00000|  0%| F|  |TAMS 0x0000000084a00000, 0x0000000084a00000| Untracked 
|  75|0x0000000084b00000, 0x0000000084b00000, 0x0000000084c00000|  0%| F|  |TAMS 0x0000000084b00000, 0x0000000084b00000| Untracked 
|  76|0x0000000084c00000, 0x0000000084d00000, 0x0000000084d00000|100%| S|CS|TAMS 0x0000000084c00000, 0x0000000084c00000| Complete 
|  77|0x0000000084d00000, 0x0000000084e00000, 0x0000000084e00000|100%| S|CS|TAMS 0x0000000084d00000, 0x0000000084d00000| Complete 
|  78|0x0000000084e00000, 0x0000000084f00000, 0x0000000084f00000|100%| S|CS|TAMS 0x0000000084e00000, 0x0000000084e00000| Complete 
|  79|0x0000000084f00000, 0x0000000085000000, 0x0000000085000000|100%| S|CS|TAMS 0x0000000084f00000, 0x0000000084f00000| Complete 
|  80|0x0000000085000000, 0x0000000085100000, 0x0000000085100000|100%| S|CS|TAMS 0x0000000085000000, 0x0000000085000000| Complete 
|  81|0x0000000085100000, 0x0000000085100000, 0x0000000085200000|  0%| F|  |TAMS 0x0000000085100000, 0x0000000085100000| Untracked 
|  82|0x0000000085200000, 0x0000000085200000, 0x0000000085300000|  0%| F|  |TAMS 0x0000000085200000, 0x0000000085200000| Untracked 
|  83|0x0000000085300000, 0x0000000085300000, 0x0000000085400000|  0%| F|  |TAMS 0x0000000085300000, 0x0000000085300000| Untracked 
|  84|0x0000000085400000, 0x0000000085400000, 0x0000000085500000|  0%| F|  |TAMS 0x0000000085400000, 0x0000000085400000| Untracked 
|  85|0x0000000085500000, 0x0000000085500000, 0x0000000085600000|  0%| F|  |TAMS 0x0000000085500000, 0x0000000085500000| Untracked 
|  86|0x0000000085600000, 0x0000000085600000, 0x0000000085700000|  0%| F|  |TAMS 0x0000000085600000, 0x0000000085600000| Untracked 
|  87|0x0000000085700000, 0x0000000085700000, 0x0000000085800000|  0%| F|  |TAMS 0x0000000085700000, 0x0000000085700000| Untracked 
|  88|0x0000000085800000, 0x0000000085800000, 0x0000000085900000|  0%| F|  |TAMS 0x0000000085800000, 0x0000000085800000| Untracked 
|  89|0x0000000085900000, 0x0000000085900000, 0x0000000085a00000|  0%| F|  |TAMS 0x0000000085900000, 0x0000000085900000| Untracked 
|  90|0x0000000085a00000, 0x0000000085a00000, 0x0000000085b00000|  0%| F|  |TAMS 0x0000000085a00000, 0x0000000085a00000| Untracked 
|  91|0x0000000085b00000, 0x0000000085b00000, 0x0000000085c00000|  0%| F|  |TAMS 0x0000000085b00000, 0x0000000085b00000| Untracked 
|  92|0x0000000085c00000, 0x0000000085c00000, 0x0000000085d00000|  0%| F|  |TAMS 0x0000000085c00000, 0x0000000085c00000| Untracked 
|  93|0x0000000085d00000, 0x0000000085d00000, 0x0000000085e00000|  0%| F|  |TAMS 0x0000000085d00000, 0x0000000085d00000| Untracked 
|  94|0x0000000085e00000, 0x0000000085e00000, 0x0000000085f00000|  0%| F|  |TAMS 0x0000000085e00000, 0x0000000085e00000| Untracked 
|  95|0x0000000085f00000, 0x0000000085f00000, 0x0000000086000000|  0%| F|  |TAMS 0x0000000085f00000, 0x0000000085f00000| Untracked 
|  96|0x0000000086000000, 0x0000000086000000, 0x0000000086100000|  0%| F|  |TAMS 0x0000000086000000, 0x0000000086000000| Untracked 
|  97|0x0000000086100000, 0x0000000086100000, 0x0000000086200000|  0%| F|  |TAMS 0x0000000086100000, 0x0000000086100000| Untracked 
|  98|0x0000000086200000, 0x0000000086200000, 0x0000000086300000|  0%| F|  |TAMS 0x0000000086200000, 0x0000000086200000| Untracked 
|  99|0x0000000086300000, 0x0000000086300000, 0x0000000086400000|  0%| F|  |TAMS 0x0000000086300000, 0x0000000086300000| Untracked 
| 100|0x0000000086400000, 0x0000000086400000, 0x0000000086500000|  0%| F|  |TAMS 0x0000000086400000, 0x0000000086400000| Untracked 
| 101|0x0000000086500000, 0x0000000086500000, 0x0000000086600000|  0%| F|  |TAMS 0x0000000086500000, 0x0000000086500000| Untracked 
| 102|0x0000000086600000, 0x0000000086600000, 0x0000000086700000|  0%| F|  |TAMS 0x0000000086600000, 0x0000000086600000| Untracked 
| 103|0x0000000086700000, 0x0000000086700000, 0x0000000086800000|  0%| F|  |TAMS 0x0000000086700000, 0x0000000086700000| Untracked 
| 104|0x0000000086800000, 0x0000000086800000, 0x0000000086900000|  0%| F|  |TAMS 0x0000000086800000, 0x0000000086800000| Untracked 
| 105|0x0000000086900000, 0x0000000086900000, 0x0000000086a00000|  0%| F|  |TAMS 0x0000000086900000, 0x0000000086900000| Untracked 
| 106|0x0000000086a00000, 0x0000000086a00000, 0x0000000086b00000|  0%| F|  |TAMS 0x0000000086a00000, 0x0000000086a00000| Untracked 
| 107|0x0000000086b00000, 0x0000000086b00000, 0x0000000086c00000|  0%| F|  |TAMS 0x0000000086b00000, 0x0000000086b00000| Untracked 
| 108|0x0000000086c00000, 0x0000000086c00000, 0x0000000086d00000|  0%| F|  |TAMS 0x0000000086c00000, 0x0000000086c00000| Untracked 
| 109|0x0000000086d00000, 0x0000000086d00000, 0x0000000086e00000|  0%| F|  |TAMS 0x0000000086d00000, 0x0000000086d00000| Untracked 
| 110|0x0000000086e00000, 0x0000000086e00000, 0x0000000086f00000|  0%| F|  |TAMS 0x0000000086e00000, 0x0000000086e00000| Untracked 
| 111|0x0000000086f00000, 0x0000000086f00000, 0x0000000087000000|  0%| F|  |TAMS 0x0000000086f00000, 0x0000000086f00000| Untracked 
| 112|0x0000000087000000, 0x0000000087000000, 0x0000000087100000|  0%| F|  |TAMS 0x0000000087000000, 0x0000000087000000| Untracked 
| 113|0x0000000087100000, 0x0000000087180800, 0x0000000087200000| 50%| E|  |TAMS 0x0000000087100000, 0x0000000087100000| Complete 
| 114|0x0000000087200000, 0x0000000087300000, 0x0000000087300000|100%| E|CS|TAMS 0x0000000087200000, 0x0000000087200000| Complete 
| 115|0x0000000087300000, 0x0000000087400000, 0x0000000087400000|100%| E|CS|TAMS 0x0000000087300000, 0x0000000087300000| Complete 
| 116|0x0000000087400000, 0x0000000087500000, 0x0000000087500000|100%| E|CS|TAMS 0x0000000087400000, 0x0000000087400000| Complete 
| 117|0x0000000087500000, 0x0000000087600000, 0x0000000087600000|100%| E|CS|TAMS 0x0000000087500000, 0x0000000087500000| Complete 
| 118|0x0000000087600000, 0x0000000087700000, 0x0000000087700000|100%| E|CS|TAMS 0x0000000087600000, 0x0000000087600000| Complete 
| 119|0x0000000087700000, 0x0000000087800000, 0x0000000087800000|100%| E|CS|TAMS 0x0000000087700000, 0x0000000087700000| Complete 
| 120|0x0000000087800000, 0x0000000087900000, 0x0000000087900000|100%| E|CS|TAMS 0x0000000087800000, 0x0000000087800000| Complete 
| 121|0x0000000087900000, 0x0000000087a00000, 0x0000000087a00000|100%| E|CS|TAMS 0x0000000087900000, 0x0000000087900000| Complete 
| 122|0x0000000087a00000, 0x0000000087b00000, 0x0000000087b00000|100%| E|CS|TAMS 0x0000000087a00000, 0x0000000087a00000| Complete 
| 123|0x0000000087b00000, 0x0000000087c00000, 0x0000000087c00000|100%| E|CS|TAMS 0x0000000087b00000, 0x0000000087b00000| Complete 
| 124|0x0000000087c00000, 0x0000000087d00000, 0x0000000087d00000|100%| E|CS|TAMS 0x0000000087c00000, 0x0000000087c00000| Complete 
| 125|0x0000000087d00000, 0x0000000087e00000, 0x0000000087e00000|100%| E|CS|TAMS 0x0000000087d00000, 0x0000000087d00000| Complete 
| 126|0x0000000087e00000, 0x0000000087f00000, 0x0000000087f00000|100%| E|CS|TAMS 0x0000000087e00000, 0x0000000087e00000| Complete 
| 127|0x0000000087f00000, 0x0000000088000000, 0x0000000088000000|100%| E|CS|TAMS 0x0000000087f00000, 0x0000000087f00000| Complete 

Card table byte_map: [0x0000016714e90000,0x0000016715290000] _byte_map_base: 0x0000016714a90000

Marking Bits (Prev, Next): (CMBitMap*) 0x000001677fec1770, (CMBitMap*) 0x000001677fec1738
 Prev Bits: [0x0000016717690000, 0x0000016719690000)
 Next Bits: [0x0000016715690000, 0x0000016717690000)

Polling page: 0x000001677fe30000

Metaspace:

Usage:
  Non-class:     65.96 MB capacity,    64.82 MB ( 98%) used,   979.33 KB (  1%) free+waste,   189.44 KB ( <1%) overhead. 
      Class:     10.36 MB capacity,     9.76 MB ( 94%) used,   532.25 KB (  5%) free+waste,    88.13 KB ( <1%) overhead. 
       Both:     76.32 MB capacity,    74.58 MB ( 98%) used,     1.48 MB (  2%) free+waste,   277.56 KB ( <1%) overhead. 

Virtual space:
  Non-class space:       68.00 MB reserved,      66.18 MB ( 97%) committed 
      Class space:        1.00 GB reserved,      10.45 MB (  1%) committed 
             Both:        1.07 GB reserved,      76.63 MB (  7%) committed 

Chunk freelists:
   Non-Class:  29.00 KB
       Class:  11.00 KB
        Both:  40.00 KB

MaxMetaspaceSize: 17179869184.00 GB
CompressedClassSpaceSize: 1.00 GB

CodeHeap 'non-profiled nmethods': size=120000Kb used=4270Kb max_used=4270Kb free=115729Kb
 bounds [0x000001670cb00000, 0x000001670cf30000, 0x0000016714030000]
CodeHeap 'profiled nmethods': size=120000Kb used=15905Kb max_used=15905Kb free=104094Kb
 bounds [0x00000167055d0000, 0x0000016706560000, 0x000001670cb00000]
CodeHeap 'non-nmethods': size=5760Kb used=2273Kb max_used=2308Kb free=3486Kb
 bounds [0x0000016705030000, 0x00000167052a0000, 0x00000167055d0000]
 total_blobs=8311 nmethods=7444 adapters=778
 compilation: enabled
              stopped_count=0, restarted_count=0
 full_count=0

Compilation events (20 events):
Event: 24.269 Thread 0x000001671ca6d000 7479       3       com.sun.xml.bind.v2.model.impl.ElementPropertyInfoImpl::kind (4 bytes)
Event: 24.269 Thread 0x000001671ca6d000 nmethod 7479 0x000001670653d510 code [0x000001670653d6c0, 0x000001670653d7d8]
Event: 24.269 Thread 0x000001671ca6d000 7478       3       com.sun.xml.bind.v2.model.annotation.RuntimeInlineAnnotationReader::getMethodAnnotation (10 bytes)
Event: 24.270 Thread 0x000001671ca6d000 nmethod 7478 0x000001670653d890 code [0x000001670653dae0, 0x000001670653e278]
Event: 24.270 Thread 0x000001671ca6d000 7480       3       com.sun.xml.bind.v2.model.impl.ElementPropertyInfoImpl::getTypes (469 bytes)
Event: 24.276 Thread 0x000001671ca6d000 nmethod 7480 0x000001670653e590 code [0x000001670653ed20, 0x0000016706543c68]
Event: 24.276 Thread 0x000001671ca6d000 7481       3       com.sun.xml.bind.v2.model.impl.ModelBuilder::getTypeInfo (116 bytes)
Event: 24.277 Thread 0x000001671ca6d000 nmethod 7481 0x0000016706545510 code [0x00000167065457c0, 0x0000016706546818]
Event: 24.277 Thread 0x000001671ca6d000 7482       3       com.sun.xml.bind.v2.model.impl.RuntimeTypeInfoSetImpl::getTypeInfo (9 bytes)
Event: 24.277 Thread 0x000001671ca6d000 nmethod 7482 0x0000016706546c90 code [0x0000016706546e60, 0x00000167065471e8]
Event: 24.277 Thread 0x000001671ca6d000 7483       3       com.sun.xml.bind.v2.model.impl.RuntimeTypeInfoSetImpl::getTypeInfo (9 bytes)
Event: 24.278 Thread 0x000001671ca6d000 nmethod 7483 0x0000016706547310 code [0x00000167065474e0, 0x0000016706547708]
Event: 24.278 Thread 0x000001671ca6d000 7484       3       com.sun.xml.bind.v2.model.impl.TypeInfoSetImpl::getTypeInfo (81 bytes)
Event: 24.279 Thread 0x000001671ca6d000 nmethod 7484 0x0000016706547810 code [0x0000016706547ac0, 0x0000016706548ab8]
Event: 24.299 Thread 0x000001671ca6d000 7485       1       com.sun.xml.bind.v2.model.impl.ElementPropertyInfoImpl::isValueList (5 bytes)
Event: 24.299 Thread 0x000001671ca6d000 nmethod 7485 0x000001670cf28f90 code [0x000001670cf29140, 0x000001670cf291f8]
Event: 24.299 Thread 0x000001671ca6d000 7486       1       com.sun.xml.bind.v2.model.impl.ElementPropertyInfoImpl::ref (5 bytes)
Event: 24.299 Thread 0x000001671ca6d000 nmethod 7486 0x000001670cf29290 code [0x000001670cf29440, 0x000001670cf294f8]
Event: 24.300 Thread 0x000001671ca6d000 7487       3       com.sun.xml.bind.v2.model.impl.ElementPropertyInfoImpl$1::size (13 bytes)
Event: 24.301 Thread 0x000001671ca6d000 nmethod 7487 0x0000016706548f10 code [0x00000167065490e0, 0x0000016706549358]

GC Heap History (20 events):
Event: 5.455 GC heap before
{Heap before GC invocations=6 (full 0):
 garbage-first heap   total 131072K, used 25616K [0x0000000080000000, 0x0000000100000000)
  region size 1024K, 11 young (11264K), 7 survivors (7168K)
 Metaspace       used 35008K, capacity 35786K, committed 35840K, reserved 1081344K
  class space    used 4561K, capacity 4863K, committed 4864K, reserved 1048576K
}
Event: 5.465 GC heap after
{Heap after GC invocations=7 (full 0):
 garbage-first heap   total 131072K, used 23097K [0x0000000080000000, 0x0000000100000000)
  region size 1024K, 4 young (4096K), 4 survivors (4096K)
 Metaspace       used 35008K, capacity 35786K, committed 35840K, reserved 1081344K
  class space    used 4561K, capacity 4863K, committed 4864K, reserved 1048576K
}
Event: 6.212 GC heap before
{Heap before GC invocations=8 (full 0):
 garbage-first heap   total 131072K, used 88633K [0x0000000080000000, 0x0000000100000000)
  region size 1024K, 66 young (67584K), 4 survivors (4096K)
 Metaspace       used 39915K, capacity 40891K, committed 41164K, reserved 1085440K
  class space    used 5113K, capacity 5494K, committed 5580K, reserved 1048576K
}
Event: 6.219 GC heap after
{Heap after GC invocations=9 (full 0):
 garbage-first heap   total 131072K, used 27891K [0x0000000080000000, 0x0000000100000000)
  region size 1024K, 9 young (9216K), 9 survivors (9216K)
 Metaspace       used 39915K, capacity 40891K, committed 41164K, reserved 1085440K
  class space    used 5113K, capacity 5494K, committed 5580K, reserved 1048576K
}
Event: 7.298 GC heap before
{Heap before GC invocations=9 (full 0):
 garbage-first heap   total 131072K, used 90355K [0x0000000080000000, 0x0000000100000000)
  region size 1024K, 70 young (71680K), 9 survivors (9216K)
 Metaspace       used 45412K, capacity 46598K, committed 46796K, reserved 1089536K
  class space    used 5850K, capacity 6282K, committed 6348K, reserved 1048576K
}
Event: 7.307 GC heap after
{Heap after GC invocations=10 (full 0):
 garbage-first heap   total 131072K, used 30031K [0x0000000080000000, 0x0000000100000000)
  region size 1024K, 3 young (3072K), 3 survivors (3072K)
 Metaspace       used 45412K, capacity 46598K, committed 46796K, reserved 1089536K
  class space    used 5850K, capacity 6282K, committed 6348K, reserved 1048576K
}
Event: 14.502 GC heap before
{Heap before GC invocations=10 (full 0):
 garbage-first heap   total 131072K, used 97615K [0x0000000080000000, 0x0000000100000000)
  region size 1024K, 65 young (66560K), 3 survivors (3072K)
 Metaspace       used 47836K, capacity 49078K, committed 49356K, reserved 1091584K
  class space    used 6111K, capacity 6568K, committed 6604K, reserved 1048576K
}
Event: 14.508 GC heap after
{Heap after GC invocations=11 (full 0):
 garbage-first heap   total 131072K, used 42559K [0x0000000080000000, 0x0000000100000000)
  region size 1024K, 9 young (9216K), 9 survivors (9216K)
 Metaspace       used 47836K, capacity 49078K, committed 49356K, reserved 1091584K
  class space    used 6111K, capacity 6568K, committed 6604K, reserved 1048576K
}
Event: 17.567 GC heap before
{Heap before GC invocations=11 (full 0):
 garbage-first heap   total 131072K, used 97855K [0x0000000080000000, 0x0000000100000000)
  region size 1024K, 63 young (64512K), 9 survivors (9216K)
 Metaspace       used 54826K, capacity 56277K, committed 56396K, reserved 1097728K
  class space    used 6982K, capacity 7484K, committed 7500K, reserved 1048576K
}
Event: 17.575 GC heap after
{Heap after GC invocations=12 (full 0):
 garbage-first heap   total 131072K, used 45920K [0x0000000080000000, 0x0000000100000000)
  region size 1024K, 3 young (3072K), 3 survivors (3072K)
 Metaspace       used 54826K, capacity 56277K, committed 56396K, reserved 1097728K
  class space    used 6982K, capacity 7484K, committed 7500K, reserved 1048576K
}
Event: 18.800 GC heap before
{Heap before GC invocations=12 (full 0):
 garbage-first heap   total 131072K, used 70496K [0x0000000080000000, 0x0000000100000000)
  region size 1024K, 28 young (28672K), 3 survivors (3072K)
 Metaspace       used 58617K, capacity 60133K, committed 60288K, reserved 1101824K
  class space    used 7471K, capacity 8043K, committed 8140K, reserved 1048576K
}
Event: 18.805 GC heap after
{Heap after GC invocations=13 (full 0):
 garbage-first heap   total 131072K, used 46473K [0x0000000080000000, 0x0000000100000000)
  region size 1024K, 4 young (4096K), 4 survivors (4096K)
 Metaspace       used 58617K, capacity 60133K, committed 60288K, reserved 1101824K
  class space    used 7471K, capacity 8043K, committed 8140K, reserved 1048576K
}
Event: 19.820 GC heap before
{Heap before GC invocations=14 (full 0):
 garbage-first heap   total 131072K, used 94601K [0x0000000080000000, 0x0000000100000000)
  region size 1024K, 52 young (53248K), 4 survivors (4096K)
 Metaspace       used 63376K, capacity 64834K, committed 64896K, reserved 1105920K
  class space    used 8048K, capacity 8600K, committed 8652K, reserved 1048576K
}
Event: 19.826 GC heap after
{Heap after GC invocations=15 (full 0):
 garbage-first heap   total 131072K, used 50360K [0x0000000080000000, 0x0000000100000000)
  region size 1024K, 7 young (7168K), 7 survivors (7168K)
 Metaspace       used 63376K, capacity 64834K, committed 64896K, reserved 1105920K
  class space    used 8048K, capacity 8600K, committed 8652K, reserved 1048576K
}
Event: 20.888 GC heap before
{Heap before GC invocations=15 (full 0):
 garbage-first heap   total 131072K, used 99512K [0x0000000080000000, 0x0000000100000000)
  region size 1024K, 54 young (55296K), 7 survivors (7168K)
 Metaspace       used 65133K, capacity 66727K, committed 67072K, reserved 1107968K
  class space    used 8290K, capacity 8905K, committed 9036K, reserved 1048576K
}
Event: 20.896 GC heap after
{Heap after GC invocations=16 (full 0):
 garbage-first heap   total 131072K, used 54646K [0x0000000080000000, 0x0000000100000000)
  region size 1024K, 5 young (5120K), 5 survivors (5120K)
 Metaspace       used 65133K, capacity 66727K, committed 67072K, reserved 1107968K
  class space    used 8290K, capacity 8905K, committed 9036K, reserved 1048576K
}
Event: 22.711 GC heap before
{Heap before GC invocations=16 (full 0):
 garbage-first heap   total 131072K, used 99702K [0x0000000080000000, 0x0000000100000000)
  region size 1024K, 49 young (50176K), 5 survivors (5120K)
 Metaspace       used 70208K, capacity 71816K, committed 71936K, reserved 1112064K
  class space    used 9119K, capacity 9718K, committed 9804K, reserved 1048576K
}
Event: 22.717 GC heap after
{Heap after GC invocations=17 (full 0):
 garbage-first heap   total 131072K, used 57060K [0x0000000080000000, 0x0000000100000000)
  region size 1024K, 7 young (7168K), 7 survivors (7168K)
 Metaspace       used 70208K, capacity 71816K, committed 71936K, reserved 1112064K
  class space    used 9119K, capacity 9718K, committed 9804K, reserved 1048576K
}
Event: 23.941 GC heap before
{Heap before GC invocations=17 (full 0):
 garbage-first heap   total 131072K, used 102116K [0x0000000080000000, 0x0000000100000000)
  region size 1024K, 51 young (52224K), 7 survivors (7168K)
 Metaspace       used 74228K, capacity 76004K, committed 76160K, reserved 1116160K
  class space    used 9695K, capacity 10333K, committed 10444K, reserved 1048576K
}
Event: 23.949 GC heap after
{Heap after GC invocations=18 (full 0):
 garbage-first heap   total 131072K, used 59829K [0x0000000080000000, 0x0000000100000000)
  region size 1024K, 6 young (6144K), 6 survivors (6144K)
 Metaspace       used 74228K, capacity 76004K, committed 76160K, reserved 1116160K
  class space    used 9695K, capacity 10333K, committed 10444K, reserved 1048576K
}

Deoptimization events (20 events):
Event: 23.187 Thread 0x000001671df65000 Uncommon trap: trap_request=0xffffff4d fr.pc=0x000001670cd99e7c relative=0x00000000000006fc
Event: 23.187 Thread 0x000001671df65000 Uncommon trap: reason=unstable_if action=reinterpret pc=0x000001670cd99e7c method=java.util.HashMap.putVal(ILjava/lang/Object;Ljava/lang/Object;ZZ)Ljava/lang/Object; @ 109 c2
Event: 23.187 Thread 0x000001671df65000 DEOPT PACKING pc=0x000001670cd99e7c sp=0x0000000614cf79d0
Event: 23.187 Thread 0x000001671df65000 DEOPT UNPACKING pc=0x000001670505662f sp=0x0000000614cf78e8 mode 2
Event: 23.187 Thread 0x000001671df65000 Uncommon trap: trap_request=0xffffff4d fr.pc=0x000001670cd5a504 relative=0x0000000000000684
Event: 23.187 Thread 0x000001671df65000 Uncommon trap: reason=unstable_if action=reinterpret pc=0x000001670cd5a504 method=java.util.HashMap.putVal(ILjava/lang/Object;Ljava/lang/Object;ZZ)Ljava/lang/Object; @ 109 c2
Event: 23.187 Thread 0x000001671df65000 DEOPT PACKING pc=0x000001670cd5a504 sp=0x0000000614cf7920
Event: 23.187 Thread 0x000001671df65000 DEOPT UNPACKING pc=0x000001670505662f sp=0x0000000614cf78d8 mode 2
Event: 23.534 Thread 0x000001671df65000 Uncommon trap: trap_request=0xffffff4d fr.pc=0x000001670cd9c610 relative=0x0000000000001b70
Event: 23.534 Thread 0x000001671df65000 Uncommon trap: reason=unstable_if action=reinterpret pc=0x000001670cd9c610 method=sun.nio.fs.WindowsPathParser.normalize(Ljava/lang/StringBuilder;Ljava/lang/String;I)Ljava/lang/String; @ 172 c2
Event: 23.534 Thread 0x000001671df65000 DEOPT PACKING pc=0x000001670cd9c610 sp=0x0000000614cf9180
Event: 23.534 Thread 0x000001671df65000 DEOPT UNPACKING pc=0x000001670505662f sp=0x0000000614cf9170 mode 2
Event: 23.632 Thread 0x000001671df65000 Uncommon trap: trap_request=0xffffff4d fr.pc=0x000001670cc210b8 relative=0x0000000000000838
Event: 23.632 Thread 0x000001671df65000 Uncommon trap: reason=unstable_if action=reinterpret pc=0x000001670cc210b8 method=java.util.jar.JarFile.getVersionedEntry(Ljava/lang/String;Ljava/util/jar/JarEntry;)Ljava/util/jar/JarEntry; @ 67 c2
Event: 23.632 Thread 0x000001671df65000 DEOPT PACKING pc=0x000001670cc210b8 sp=0x0000000614cf7430
Event: 23.632 Thread 0x000001671df65000 DEOPT UNPACKING pc=0x000001670505662f sp=0x0000000614cf7418 mode 2
Event: 23.748 Thread 0x000001671df65000 Uncommon trap: trap_request=0xffffff4d fr.pc=0x000001670cef2368 relative=0x00000000000001a8
Event: 23.748 Thread 0x000001671df65000 Uncommon trap: reason=unstable_if action=reinterpret pc=0x000001670cef2368 method=java.util.StringTokenizer.scanToken(I)I @ 42 c2
Event: 23.748 Thread 0x000001671df65000 DEOPT PACKING pc=0x000001670cef2368 sp=0x0000000614cf90e0
Event: 23.748 Thread 0x000001671df65000 DEOPT UNPACKING pc=0x000001670505662f sp=0x0000000614cf9070 mode 2

Classes redefined (0 events):
No events

Internal exceptions (20 events):
Event: 20.694 Thread 0x000001671df65000 Exception <a 'java/lang/ClassNotFoundException'{0x0000000085730d60}: build_nxsouxrhrgkcukalaflz7zlh$_run_closure1Customizer> (0x0000000085730d60) thrown at [./src/hotspot/share/classfile/systemDictionary.cpp, line 231]
Event: 20.699 Thread 0x000001671df65000 Exception <a 'java/lang/ClassNotFoundException'{0x0000000085790588}: org/gradle/api/JavaVersionBeanInfo> (0x0000000085790588) thrown at [./src/hotspot/share/classfile/systemDictionary.cpp, line 231]
Event: 20.700 Thread 0x000001671df65000 Exception <a 'java/lang/ClassNotFoundException'{0x00000000857bb2e0}: org/gradle/api/JavaVersionCustomizer> (0x00000000857bb2e0) thrown at [./src/hotspot/share/classfile/systemDictionary.cpp, line 231]
Event: 20.702 Thread 0x000001671df65000 Exception <a 'java/lang/ClassNotFoundException'{0x0000000085623008}: com/android/build/gradle/internal/CompileOptions$AgpDecorated_DecoratedBeanInfo> (0x0000000085623008) thrown at [./src/hotspot/share/classfile/systemDictionary.cpp, line 231]
Event: 20.703 Thread 0x000001671df65000 Exception <a 'java/lang/ClassNotFoundException'{0x000000008563e210}: com/android/build/gradle/internal/CompileOptions$AgpDecoratedBeanInfo> (0x000000008563e210) thrown at [./src/hotspot/share/classfile/systemDictionary.cpp, line 231]
Event: 20.704 Thread 0x000001671df65000 Exception <a 'java/lang/ClassNotFoundException'{0x00000000856575c8}: com/android/build/gradle/internal/CompileOptionsBeanInfo> (0x00000000856575c8) thrown at [./src/hotspot/share/classfile/systemDictionary.cpp, line 231]
Event: 20.704 Thread 0x000001671df65000 Exception <a 'java/lang/ClassNotFoundException'{0x0000000085670cc8}: com/android/build/gradle/internal/CompileOptionsCustomizer> (0x0000000085670cc8) thrown at [./src/hotspot/share/classfile/systemDictionary.cpp, line 231]
Event: 20.705 Thread 0x000001671df65000 Exception <a 'java/lang/ClassNotFoundException'{0x0000000085698330}: com/android/build/gradle/internal/CompileOptions$AgpDecoratedCustomizer> (0x0000000085698330) thrown at [./src/hotspot/share/classfile/systemDictionary.cpp, line 231]
Event: 20.707 Thread 0x000001671df65000 Exception <a 'java/lang/ClassNotFoundException'{0x00000000856c2f50}: com/android/build/gradle/internal/CompileOptions$AgpDecorated_DecoratedCustomizer> (0x00000000856c2f50) thrown at [./src/hotspot/share/classfile/systemDictionary.cpp, line 231]
Event: 22.591 Thread 0x000001671df65000 Exception <a 'java/lang/ClassNotFoundException'{0x0000000085924760}: com/android/build/gradle/internal/api/ApkVariantOutputImpl_DecoratedBeanInfo> (0x0000000085924760) thrown at [./src/hotspot/share/classfile/systemDictionary.cpp, line 231]
Event: 22.592 Thread 0x000001671df65000 Exception <a 'java/lang/ClassNotFoundException'{0x000000008593ef90}: com/android/build/gradle/internal/api/ApkVariantOutputImplBeanInfo> (0x000000008593ef90) thrown at [./src/hotspot/share/classfile/systemDictionary.cpp, line 231]
Event: 22.592 Thread 0x000001671df65000 Exception <a 'java/lang/ClassNotFoundException'{0x000000008595a000}: com/android/build/gradle/internal/api/BaseVariantOutputImplBeanInfo> (0x000000008595a000) thrown at [./src/hotspot/share/classfile/systemDictionary.cpp, line 231]
Event: 22.593 Thread 0x000001671df65000 Exception <a 'java/lang/ClassNotFoundException'{0x00000000859750d8}: com/android/build/gradle/internal/api/BaseVariantOutputImplCustomizer> (0x00000000859750d8) thrown at [./src/hotspot/share/classfile/systemDictionary.cpp, line 231]
Event: 22.594 Thread 0x000001671df65000 Exception <a 'java/lang/ClassNotFoundException'{0x00000000859a2a98}: com/android/build/gradle/internal/api/ApkVariantOutputImplCustomizer> (0x00000000859a2a98) thrown at [./src/hotspot/share/classfile/systemDictionary.cpp, line 231]
Event: 22.596 Thread 0x000001671df65000 Exception <a 'java/lang/ClassNotFoundException'{0x00000000859cc730}: com/android/build/gradle/internal/api/ApkVariantOutputImpl_DecoratedCustomizer> (0x00000000859cc730) thrown at [./src/hotspot/share/classfile/systemDictionary.cpp, line 231]
Event: 22.613 Thread 0x000001671df65000 Exception <a 'java/lang/NoClassDefFoundError'{0x000000008573a060}: org/jetbrains/kotlin/gradle/plugin/KotlinBasePluginWrapper> (0x000000008573a060) thrown at [./src/hotspot/share/classfile/systemDictionary.cpp, line 220]
Event: 23.210 Thread 0x000001671df65000 Exception <a 'java/lang/NoSuchMethodError'{0x00000000869066a0}: 'java.lang.Object java.lang.invoke.Invokers$Holder.linkToTargetMethod(java.lang.Object, int, java.lang.Object)'> (0x00000000869066a0) thrown at [./src/hotspot/share/interpreter/linkResolver.cpp, line 773]
Event: 23.434 Thread 0x000001671df65000 Exception <a 'sun/nio/fs/WindowsException'{0x00000000860dd280}> (0x00000000860dd280) thrown at [./src/hotspot/share/prims/jni.cpp, line 615]
Event: 23.435 Thread 0x000001671df65000 Exception <a 'sun/nio/fs/WindowsException'{0x00000000860dd658}> (0x00000000860dd658) thrown at [./src/hotspot/share/prims/jni.cpp, line 615]
Event: 23.873 Thread 0x000001671df65000 Exception <a 'java/lang/NullPointerException'{0x000000008551f168}> (0x000000008551f168) thrown at [./src/hotspot/share/interpreter/linkResolver.cpp, line 1440]

Events (20 events):
Event: 24.295 loading class com/sun/xml/bind/v2/runtime/property/SingleReferenceNodeProperty$1
Event: 24.295 loading class com/sun/xml/bind/v2/runtime/property/SingleReferenceNodeProperty$1 done
Event: 24.296 loading class com/sun/xml/bind/v2/runtime/property/SingleMapNodeProperty$1
Event: 24.296 loading class com/sun/xml/bind/v2/runtime/property/SingleMapNodeProperty$1 done
Event: 24.297 loading class com/sun/xml/bind/v2/runtime/property/SingleMapNodeProperty$2
Event: 24.297 loading class com/sun/xml/bind/v2/runtime/property/SingleMapNodeProperty$2 done
Event: 24.298 loading class com/sun/xml/bind/v2/runtime/property/ArrayReferenceNodeProperty$MixedTextLoader
Event: 24.298 loading class com/sun/xml/bind/v2/runtime/property/ArrayReferenceNodeProperty$MixedTextLoader done
Event: 24.299 loading class com/sun/xml/bind/v2/runtime/property/PropertyFactory$1
Event: 24.299 loading class com/sun/xml/bind/v2/runtime/property/PropertyFactory$1 done
Event: 24.299 loading class com/sun/xml/bind/v2/runtime/property/TagAndType
Event: 24.299 loading class com/sun/xml/bind/v2/runtime/property/TagAndType done
Event: 24.300 loading class com/sun/xml/bind/v2/runtime/Name
Event: 24.300 loading class com/sun/xml/bind/v2/runtime/Name done
Event: 24.301 loading class com/sun/xml/bind/v2/runtime/reflect/TransducedAccessor
Event: 24.301 loading class com/sun/xml/bind/v2/runtime/reflect/TransducedAccessor done
Event: 24.301 loading class com/sun/xml/bind/v2/runtime/reflect/ListTransducedAccessorImpl
Event: 24.301 loading class com/sun/xml/bind/v2/runtime/reflect/ListTransducedAccessorImpl done
Event: 24.302 loading class com/sun/xml/bind/v2/runtime/reflect/DefaultTransducedAccessor
Event: 24.302 loading class com/sun/xml/bind/v2/runtime/reflect/DefaultTransducedAccessor done


Dynamic libraries:
0x00007ff7055e0000 - 0x00007ff7055ea000 	C:\Program Files\Android\Android Studio\jre\bin\java.exe
0x00007ffec5650000 - 0x00007ffec5845000 	C:\WINDOWS\SYSTEM32\ntdll.dll
0x00007ffec40b0000 - 0x00007ffec416e000 	C:\WINDOWS\System32\KERNEL32.DLL
0x00007ffec3150000 - 0x00007ffec3418000 	C:\WINDOWS\System32\KERNELBASE.dll
0x00007ffec3420000 - 0x00007ffec3520000 	C:\WINDOWS\System32\ucrtbase.dll
0x00007ffeb9cf0000 - 0x00007ffeb9d09000 	C:\Program Files\Android\Android Studio\jre\bin\jli.dll
0x00007ffeb3ee0000 - 0x00007ffeb3ef7000 	C:\Program Files\Android\Android Studio\jre\bin\VCRUNTIME140.dll
0x00007ffec36d0000 - 0x00007ffec3870000 	C:\WINDOWS\System32\USER32.dll
0x00007ffea5760000 - 0x00007ffea59fa000 	C:\WINDOWS\WinSxS\amd64_microsoft.windows.common-controls_6595b64144ccf1df_6.0.19041.1110_none_60b5254171f9507e\COMCTL32.dll
0x00007ffec2d60000 - 0x00007ffec2d82000 	C:\WINDOWS\System32\win32u.dll
0x00007ffec3d90000 - 0x00007ffec3e2e000 	C:\WINDOWS\System32\msvcrt.dll
0x00007ffec36a0000 - 0x00007ffec36cb000 	C:\WINDOWS\System32\GDI32.dll
0x00007ffec3520000 - 0x00007ffec362d000 	C:\WINDOWS\System32\gdi32full.dll
0x00007ffec2e20000 - 0x00007ffec2ebd000 	C:\WINDOWS\System32\msvcp_win.dll
0x00007ffec3cb0000 - 0x00007ffec3ce0000 	C:\WINDOWS\System32\IMM32.DLL
0x00007ffe82410000 - 0x00007ffe824ad000 	C:\Program Files\Android\Android Studio\jre\bin\msvcp140.dll
0x00007ffe65470000 - 0x00007ffe65f45000 	C:\Program Files\Android\Android Studio\jre\bin\server\jvm.dll
0x00007ffec4460000 - 0x00007ffec450e000 	C:\WINDOWS\System32\ADVAPI32.dll
0x00007ffec4f10000 - 0x00007ffec4fac000 	C:\WINDOWS\System32\sechost.dll
0x00007ffec4210000 - 0x00007ffec4335000 	C:\WINDOWS\System32\RPCRT4.dll
0x00007ffec4170000 - 0x00007ffec4178000 	C:\WINDOWS\System32\PSAPI.DLL
0x00007ffea7dd0000 - 0x00007ffea7df7000 	C:\WINDOWS\SYSTEM32\WINMM.dll
0x00007ffeb8d60000 - 0x00007ffeb8d69000 	C:\WINDOWS\SYSTEM32\WSOCK32.dll
0x00007ffeb98f0000 - 0x00007ffeb98fa000 	C:\WINDOWS\SYSTEM32\VERSION.dll
0x00007ffec3e30000 - 0x00007ffec3e9b000 	C:\WINDOWS\System32\WS2_32.dll
0x00007ffec15f0000 - 0x00007ffec1602000 	C:\WINDOWS\SYSTEM32\kernel.appcore.dll
0x00007ffe89ea0000 - 0x00007ffe89eb1000 	C:\Program Files\Android\Android Studio\jre\bin\verify.dll
0x00007ffebb960000 - 0x00007ffebbb44000 	C:\WINDOWS\SYSTEM32\DBGHELP.DLL
0x00007ffea5b90000 - 0x00007ffea5bbc000 	C:\WINDOWS\SYSTEM32\dbgcore.DLL
0x00007ffec2d90000 - 0x00007ffec2e12000 	C:\WINDOWS\System32\bcryptPrimitives.dll
0x00007ffe89e70000 - 0x00007ffe89e99000 	C:\Program Files\Android\Android Studio\jre\bin\java.dll
0x00007ffeaa510000 - 0x00007ffeaa51b000 	C:\Program Files\Android\Android Studio\jre\bin\jimage.dll
0x00007ffe88910000 - 0x00007ffe88928000 	C:\Program Files\Android\Android Studio\jre\bin\zip.dll
0x00007ffec4610000 - 0x00007ffec4d54000 	C:\WINDOWS\System32\SHELL32.dll
0x00007ffec0df0000 - 0x00007ffec1584000 	C:\WINDOWS\SYSTEM32\windows.storage.dll
0x00007ffec3870000 - 0x00007ffec3bc5000 	C:\WINDOWS\System32\combase.dll
0x00007ffec26e0000 - 0x00007ffec270e000 	C:\WINDOWS\SYSTEM32\Wldp.dll
0x00007ffec5560000 - 0x00007ffec560d000 	C:\WINDOWS\System32\SHCORE.dll
0x00007ffec41b0000 - 0x00007ffec4205000 	C:\WINDOWS\System32\shlwapi.dll
0x00007ffec2c50000 - 0x00007ffec2c6f000 	C:\WINDOWS\SYSTEM32\profapi.dll
0x00007ffe870b0000 - 0x00007ffe870ca000 	C:\Program Files\Android\Android Studio\jre\bin\net.dll
0x00007ffead040000 - 0x00007ffead14c000 	C:\WINDOWS\SYSTEM32\WINHTTP.dll
0x00007ffec23f0000 - 0x00007ffec245a000 	C:\WINDOWS\system32\mswsock.dll
0x00007ffe87090000 - 0x00007ffe870a4000 	C:\Program Files\Android\Android Studio\jre\bin\nio.dll
0x00007ffeaa740000 - 0x00007ffeaa767000 	C:\Users\ahmed\.gradle\native\e1d6ef7f7dcc3fd88c89a11ec53ec762bb8ba0a96d01ffa2cd45eb1d1d8dd5c5\windows-amd64\native-platform.dll
0x00007ffe7cf30000 - 0x00007ffe7d074000 	C:\Users\ahmed\.gradle\native\5664cfc778a61ccfe75a443a1ab52a65af34e5dc3c78e0209fed803814484fcb\windows-amd64\native-platform-file-events.dll
0x00007ffea61d0000 - 0x00007ffea61da000 	C:\Program Files\Android\Android Studio\jre\bin\management.dll
0x00007ffe98e00000 - 0x00007ffe98e0d000 	C:\Program Files\Android\Android Studio\jre\bin\management_ext.dll
0x00007ffec2630000 - 0x00007ffec2648000 	C:\WINDOWS\SYSTEM32\CRYPTSP.dll
0x00007ffec1d80000 - 0x00007ffec1db4000 	C:\WINDOWS\system32\rsaenh.dll
0x00007ffec2fc0000 - 0x00007ffec2fe7000 	C:\WINDOWS\System32\bcrypt.dll
0x00007ffec2bb0000 - 0x00007ffec2bde000 	C:\WINDOWS\SYSTEM32\USERENV.dll
0x00007ffec2650000 - 0x00007ffec265c000 	C:\WINDOWS\SYSTEM32\CRYPTBASE.dll
0x00007ffec2100000 - 0x00007ffec213b000 	C:\WINDOWS\SYSTEM32\IPHLPAPI.DLL
0x00007ffec4600000 - 0x00007ffec4608000 	C:\WINDOWS\System32\NSI.dll
0x00007ffeb6c70000 - 0x00007ffeb6c87000 	C:\WINDOWS\SYSTEM32\dhcpcsvc6.DLL
0x00007ffeb6b60000 - 0x00007ffeb6b7d000 	C:\WINDOWS\SYSTEM32\dhcpcsvc.DLL
0x00007ffec2140000 - 0x00007ffec220b000 	C:\WINDOWS\SYSTEM32\DNSAPI.dll

dbghelp: loaded successfully - version: 4.0.5 - missing functions: none
symbol engine: initialized successfully - sym options: 0x614 - pdb path: .;C:\Program Files\Android\Android Studio\jre\bin;C:\WINDOWS\SYSTEM32;C:\WINDOWS\WinSxS\amd64_microsoft.windows.common-controls_6595b64144ccf1df_6.0.19041.1110_none_60b5254171f9507e;C:\Program Files\Android\Android Studio\jre\bin\server;C:\Users\ahmed\.gradle\native\e1d6ef7f7dcc3fd88c89a11ec53ec762bb8ba0a96d01ffa2cd45eb1d1d8dd5c5\windows-amd64;C:\Users\ahmed\.gradle\native\5664cfc778a61ccfe75a443a1ab52a65af34e5dc3c78e0209fed803814484fcb\windows-amd64

VM Arguments:
jvm_args: --add-opens=java.base/java.util=ALL-UNNAMED --add-opens=java.base/java.lang=ALL-UNNAMED --add-opens=java.base/java.lang.invoke=ALL-UNNAMED --add-opens=java.base/java.util=ALL-UNNAMED --add-opens=java.prefs/java.util.prefs=ALL-UNNAMED --add-opens=java.prefs/java.util.prefs=ALL-UNNAMED --add-opens=java.base/java.nio.charset=ALL-UNNAMED --add-opens=java.base/java.net=ALL-UNNAMED --add-opens=java.base/java.util.concurrent.atomic=ALL-UNNAMED -Xmx2048m -Dfile.encoding=UTF-8 -Duser.country=US -Duser.language=en -Duser.variant 
java_command: org.gradle.launcher.daemon.bootstrap.GradleDaemon 7.2
java_class_path (initial): C:\Users\ahmed\.gradle\wrapper\dists\gradle-7.2-bin\2dnblmf4td7x66yl1d74lt32g\gradle-7.2\lib\gradle-launcher-7.2.jar
Launcher Type: SUN_STANDARD

[Global flags]
     intx CICompilerCount                          = 4                                         {product} {ergonomic}
     uint ConcGCThreads                            = 2                                         {product} {ergonomic}
     uint G1ConcRefinementThreads                  = 8                                         {product} {ergonomic}
   size_t G1HeapRegionSize                         = 1048576                                   {product} {ergonomic}
    uintx GCDrainStackTargetSize                   = 64                                        {product} {ergonomic}
   size_t InitialHeapSize                          = 134217728                                 {product} {ergonomic}
   size_t MarkStackSize                            = 4194304                                   {product} {ergonomic}
   size_t MaxHeapSize                              = 2147483648                                {product} {command line}
   size_t MaxNewSize                               = 1287651328                                {product} {ergonomic}
   size_t MinHeapDeltaBytes                        = 1048576                                   {product} {ergonomic}
    uintx NonNMethodCodeHeapSize                   = 5836300                                {pd product} {ergonomic}
    uintx NonProfiledCodeHeapSize                  = 122910970                              {pd product} {ergonomic}
    uintx ProfiledCodeHeapSize                     = 122910970                              {pd product} {ergonomic}
    uintx ReservedCodeCacheSize                    = 251658240                              {pd product} {ergonomic}
     bool SegmentedCodeCache                       = true                                      {product} {ergonomic}
     bool UseCompressedClassPointers               = true                                 {lp64_product} {ergonomic}
     bool UseCompressedOops                        = true                                 {lp64_product} {ergonomic}
     bool UseG1GC                                  = true                                      {product} {ergonomic}
     bool UseLargePagesIndividualAllocation        = false                                  {pd product} {ergonomic}

Logging:
Log output configuration:
 #0: stdout all=warning uptime,level,tags
 #1: stderr all=off uptime,level,tags

Environment Variables:
JAVA_HOME=C:\Program Files\AdoptOpenJDK\jdk-11.0.10.9-hotspot\
PATH=C:\Program Files\AdoptOpenJDK\jdk-11.0.10.9-hotspot\bin;C:\Program Files\AdoptOpenJDK\javafx-sdk-11.0.2\bin;C:\Program Files (x86)\Common Files\Oracle\Java\javapath;C:\WINDOWS\system32;C:\WINDOWS;C:\WINDOWS\System32\Wbem;C:\WINDOWS\System32\WindowsPowerShell\v1.0\;C:\WINDOWS\System32\OpenSSH\;C:\Program Files\Git\cmd;C:\Users\ahmed\.openjfx\cache\15.0.1;C:\Users\ahmed\Desktop\School\All Softwares\Java\apache-maven-3.6.3-bin\apache-maven-3.6.3\bin;C:\Program Files\dotnet\;C:\Program Files\Microsoft SQL Server\130\Tools\Binn\;C:\Users\ahmed\Desktop\School\All Softwares\SQLite\sqlite3;C:\Program Files\Microsoft SQL Server\Client SDK\ODBC\170\Tools\Binn\;C:\Program Files (x86)\Microsoft SQL Server\150\Tools\Binn\;C:\Program Files\Microsoft SQL Server\150\Tools\Binn\;C:\Program Files\Microsoft SQL Server\150\DTS\Binn\;C:\Program Files (x86)\Microsoft SQL Server\150\DTS\Binn\;C:\Program Files\Azure Data Studio\bin;C:\Users\ahmed\.openjfx\cache\15.0.1;C:\Program Files\JetBrains\IntelliJ IDEA Community Edition 2019.2.1\bin;;C:\Users\ahmed\.dotnet\tools;C:\Users\ahmed\Desktop\School\All Softwares\Flutter SDK\flutter_windows_2.2.2-stable\flutter\bin;;C:\Program Files\JetBrains\IntelliJ IDEA 2021.2.2\bin;;C:\Users\ahmed\AppData\Local\Programs\Microsoft VS Code\bin;C:\Program Files\Azure Data Studio\bin
USERNAME=ahmed
OS=Windows_NT
PROCESSOR_IDENTIFIER=Intel64 Family 6 Model 142 Stepping 11, GenuineIntel



---------------  S Y S T E M  ---------------

OS: Windows 10 , 64 bit Build 19041 (10.0.19041.1503)
OS uptime: 1 days 21:15 hours
Hyper-V role detected

CPU:total 8 (initial active 8) (4 cores per cpu, 2 threads per core) family 6 model 142 stepping 11 microcode 0xde, cmov, cx8, fxsr, mmx, sse, sse2, sse3, ssse3, sse4.1, sse4.2, popcnt, avx, avx2, aes, clmul, erms, 3dnowpref, lzcnt, ht, tsc, tscinvbit, bmi1, bmi2, adx, fma

Memory: 4k page, system-wide physical 8079M (309M free)
TotalPageFile size 10511M (AvailPageFile size 5M)
current process WorkingSet (physical memory assigned to process): 354M, peak: 354M
current process commit charge ("private bytes"): 393M, peak: 394M

vm_info: OpenJDK 64-Bit Server VM (11.0.11+9-b60-7590822) for windows-amd64 JRE (11.0.11+9-b60-7590822), built on Jul 29 2021 21:43:44 by "builder" with MS VC++ 14.0 (VS2015)

END.
