#
# There is insufficient memory for the Java Runtime Environment to continue.
# Native memory allocation (malloc) failed to allocate 1560976 bytes for Chunk::new
# Possible reasons:
#   The system is out of physical RAM or swap space
#   The process is running with CompressedOops enabled, and the Java Heap may be blocking the growth of the native heap
# Possible solutions:
#   Reduce memory load on the system
#   Increase physical memory or swap space
#   Check if swap backing store is full
#   Decrease Java heap size (-Xmx/-Xms)
#   Decrease number of Java threads
#   Decrease Java thread stack sizes (-Xss)
#   Set larger code cache with -XX:ReservedCodeCacheSize=
#   JVM is running with Unscaled Compressed Oops mode in which the Java heap is
#     placed in the first 4GB address space. The Java Heap base address is the
#     maximum limit for the native heap growth. Please use -XX:HeapBaseMinAddress
#     to set the Java Heap base and to place the Java Heap above 4GB virtual address.
# This output file may be truncated or incomplete.
#
#  Out of Memory Error (./src/hotspot/share/memory/arena.cpp:197), pid=9040, tid=8396
#
# JRE version: OpenJDK Runtime Environment (11.0.11+9) (build 11.0.11+9-b60-7590822)
# Java VM: OpenJDK 64-Bit Server VM (11.0.11+9-b60-7590822, mixed mode, tiered, compressed oops, g1 gc, windows-amd64)
# No core dump will be written. Minidumps are not enabled by default on client versions of Windows
#

---------------  S U M M A R Y ------------

Command Line: --add-opens=java.base/java.util=ALL-UNNAMED --add-opens=java.base/java.lang=ALL-UNNAMED --add-opens=java.base/java.lang.invoke=ALL-UNNAMED --add-opens=java.base/java.util=ALL-UNNAMED --add-opens=java.prefs/java.util.prefs=ALL-UNNAMED --add-opens=java.prefs/java.util.prefs=ALL-UNNAMED --add-opens=java.base/java.nio.charset=ALL-UNNAMED --add-opens=java.base/java.net=ALL-UNNAMED --add-opens=java.base/java.util.concurrent.atomic=ALL-UNNAMED -Xmx2048m -Dfile.encoding=UTF-8 -Duser.country=US -Duser.language=en -Duser.variant org.gradle.launcher.daemon.bootstrap.GradleDaemon 7.2

Host: Intel(R) Core(TM) i7-8565U CPU @ 1.80GHz, 8 cores, 7G,  Windows 10 , 64 bit Build 19041 (10.0.19041.1503)
Time: Wed Mar  2 23:13:54 2022 Eastern Standard Time elapsed time: 93.131977 seconds (0d 0h 1m 33s)

---------------  T H R E A D  ---------------

Current thread (0x0000021556563800):  JavaThread "C2 CompilerThread0" daemon [_thread_in_native, id=8396, stack(0x000000491fe00000,0x000000491ff00000)]


Current CompileTask:
C2:  93132 14639 %     4       com.android.tools.r8.internal.lH0::a @ 2412 (4225 bytes)

Stack: [0x000000491fe00000,0x000000491ff00000]
Native frames: (J=compiled Java code, j=interpreted, Vv=VM code, C=native code)
V  [jvm.dll+0x5f214a]
V  [jvm.dll+0x726fb5]
V  [jvm.dll+0x7285cd]
V  [jvm.dll+0x728c83]
V  [jvm.dll+0x243278]
V  [jvm.dll+0xbc53c]
V  [jvm.dll+0xbca3c]
V  [jvm.dll+0x353e7d]
V  [jvm.dll+0x321893]
V  [jvm.dll+0x320d8a]
V  [jvm.dll+0x1fc1e2]
V  [jvm.dll+0x1fb3d4]
V  [jvm.dll+0x183d6c]
V  [jvm.dll+0x209a57]
V  [jvm.dll+0x2082a1]
V  [jvm.dll+0x6ef58f]
V  [jvm.dll+0x6e80b5]
V  [jvm.dll+0x5f1036]
C  [ucrtbase.dll+0x21bb2]
C  [KERNEL32.DLL+0x17034]
C  [ntdll.dll+0x52651]


---------------  P R O C E S S  ---------------

Threads class SMR info:
_java_thread_list=0x000002155f42c260, length=152, elements={
0x000002153a123800, 0x0000021556543800, 0x000002155654f000, 0x000002155655c800,
0x000002155655d800, 0x000002155655f000, 0x0000021556563800, 0x0000021556564800,
0x000002155656f800, 0x0000021557011800, 0x0000021558290800, 0x000002155891d000,
0x00000215593aa800, 0x0000021558f93000, 0x00000215585f2000, 0x0000021559bd0000,
0x0000021557c80800, 0x0000021559bde800, 0x0000021559440800, 0x0000021559444800,
0x000002155943f000, 0x0000021559441800, 0x0000021559445800, 0x0000021559443000,
0x0000021559442000, 0x0000021559443800, 0x000002155943f800, 0x000002155bfae800,
0x000002155bfad800, 0x000002155bfac000, 0x000002155bfb0000, 0x000002155bfab800,
0x000002155bfb2800, 0x000002155bfaf800, 0x000002155bfad000, 0x000002155bfb6000,
0x000002155bfb5000, 0x000002155bfb9000, 0x000002155bfb6800, 0x000002155bfb7800,
0x000002155bfb8800, 0x000002155bfb3800, 0x000002155bfb4800, 0x000002155bfba000,
0x000002155ca23000, 0x000002155ca21800, 0x000002155ca22000, 0x000002155ca20800,
0x000002155ca1d800, 0x000002155ca1f800, 0x000002155ca24000, 0x000002155ca1f000,
0x000002155ca1e000, 0x000002155ca28800, 0x000002155ca2a800, 0x000002155ca24800,
0x000002155ca25800, 0x000002155ca28000, 0x000002155ca27000, 0x000002155ca2c000,
0x000002155ca29800, 0x000002155ca26800, 0x000002155ca2b000, 0x000002155bfa1000,
0x000002155bf9c000, 0x000002155bf9f800, 0x000002155bfa0000, 0x000002155bf9d000,
0x000002155bf9e800, 0x000002155bf9b800, 0x000002155bf9d800, 0x000002155bfa2000,
0x000002155a27a000, 0x000002155a277800, 0x000002155a275000, 0x000002155a27b000,
0x000002155a279800, 0x000002155a278800, 0x000002155a27c000, 0x000002155a276000,
0x000002155a277000, 0x000002155a281800, 0x000002155a27e000, 0x000002155a27f000,
0x000002155a282800, 0x000002155a27c800, 0x000002155a27d800, 0x000002155a280000,
0x000002155a280800, 0x000002155a283000, 0x000002155a284000, 0x000002155c2ac000,
0x000002155c2b1000, 0x000002155c2ad800, 0x000002155c2b0000, 0x000002155c2af800,
0x000002155c2ab800, 0x000002155c2b2800, 0x000002155c2ae800, 0x000002155c2ad000,
0x000002155c2b7800, 0x000002155c2b6800, 0x000002155c2b2000, 0x000002155c2b9000,
0x000002155c2b8800, 0x000002155c2b4800, 0x000002155c2b3800, 0x000002155c2b5000,
0x000002155c2ba000, 0x000002155c2b6000, 0x000002155e06e000, 0x000002155e071000,
0x000002155e06e800, 0x000002155e06d000, 0x000002155e06f800, 0x000002155e070000,
0x000002155e06b800, 0x000002155e072000, 0x000002155e06c000, 0x000002155e072800,
0x000002155e074800, 0x000002155e075000, 0x000002155e079000, 0x000002155e076000,
0x000002155e077800, 0x000002155e078800, 0x000002155e073800, 0x000002155e07a000,
0x000002155e49b800, 0x000002155e496000, 0x000002155e49a000, 0x000002155e496800,
0x000002155e49d000, 0x000002155e499000, 0x000002155e49a800, 0x000002155e49c800,
0x000002155e497800, 0x000002155e49e000, 0x000002155e498000, 0x000002155e49f000,
0x000002155e4a4800, 0x000002155e4a3000, 0x000002155e4a2000, 0x000002155e49f800,
0x000002155e4a3800, 0x000002155e4a0800, 0x000002155e4a1000, 0x000002155e412800,
0x000002155e410000, 0x000002155e411000, 0x0000021562241800, 0x000002155a983000
}

Java Threads: ( => current thread )
  0x000002153a123800 JavaThread "main" [_thread_blocked, id=11712, stack(0x000000491f200000,0x000000491f300000)]
  0x0000021556543800 JavaThread "Reference Handler" daemon [_thread_blocked, id=8676, stack(0x000000491f900000,0x000000491fa00000)]
  0x000002155654f000 JavaThread "Finalizer" daemon [_thread_blocked, id=13976, stack(0x000000491fa00000,0x000000491fb00000)]
  0x000002155655c800 JavaThread "Signal Dispatcher" daemon [_thread_blocked, id=1120, stack(0x000000491fb00000,0x000000491fc00000)]
  0x000002155655d800 JavaThread "Attach Listener" daemon [_thread_blocked, id=11772, stack(0x000000491fc00000,0x000000491fd00000)]
  0x000002155655f000 JavaThread "Service Thread" daemon [_thread_blocked, id=10648, stack(0x000000491fd00000,0x000000491fe00000)]
=>0x0000021556563800 JavaThread "C2 CompilerThread0" daemon [_thread_in_native, id=8396, stack(0x000000491fe00000,0x000000491ff00000)]
  0x0000021556564800 JavaThread "C1 CompilerThread0" daemon [_thread_blocked, id=8300, stack(0x000000491ff00000,0x0000004920000000)]
  0x000002155656f800 JavaThread "Sweeper thread" daemon [_thread_blocked, id=6472, stack(0x0000004920000000,0x0000004920100000)]
  0x0000021557011800 JavaThread "Common-Cleaner" daemon [_thread_blocked, id=9764, stack(0x0000004920100000,0x0000004920200000)]
  0x0000021558290800 JavaThread "Daemon health stats" [_thread_blocked, id=4076, stack(0x0000004920700000,0x0000004920800000)]
  0x000002155891d000 JavaThread "Incoming local TCP Connector on port 57700" [_thread_in_native, id=6812, stack(0x0000004920300000,0x0000004920400000)]
  0x00000215593aa800 JavaThread "Daemon periodic checks" [_thread_blocked, id=12392, stack(0x0000004920600000,0x0000004920700000)]
  0x0000021558f93000 JavaThread "Daemon" [_thread_blocked, id=316, stack(0x0000004920800000,0x0000004920900000)]
  0x00000215585f2000 JavaThread "Handler for socket connection from /127.0.0.1:57700 to /127.0.0.1:57701" [_thread_in_native, id=11828, stack(0x0000004920900000,0x0000004920a00000)]
  0x0000021559bd0000 JavaThread "Cancel handler" [_thread_blocked, id=3220, stack(0x0000004920a00000,0x0000004920b00000)]
  0x0000021557c80800 JavaThread "Daemon worker" [_thread_blocked, id=12600, stack(0x0000004920b00000,0x0000004920c00000)]
  0x0000021559bde800 JavaThread "Asynchronous log dispatcher for DefaultDaemonConnection: socket connection from /127.0.0.1:57700 to /127.0.0.1:57701" [_thread_blocked, id=7044, stack(0x0000004920c00000,0x0000004920d00000)]
  0x0000021559440800 JavaThread "Daemon client event forwarder" [_thread_blocked, id=9356, stack(0x0000004920e00000,0x0000004920f00000)]
  0x0000021559444800 JavaThread "Cache worker for journal cache (C:\Users\ahmed\.gradle\caches\journal-1)" [_thread_blocked, id=7960, stack(0x0000004921400000,0x0000004921500000)]
  0x000002155943f000 JavaThread "File lock request listener" [_thread_in_native, id=7664, stack(0x0000004921500000,0x0000004921600000)]
  0x0000021559441800 JavaThread "Cache worker for file hash cache (C:\Users\ahmed\.gradle\caches\7.2\fileHashes)" [_thread_blocked, id=10452, stack(0x0000004921600000,0x0000004921700000)]
  0x0000021559445800 JavaThread "Cache worker for file hash cache (C:\Users\ahmed\AndroidStudioProjects\MyPlanner\.gradle\7.2\fileHashes)" [_thread_blocked, id=11688, stack(0x0000004921900000,0x0000004921a00000)]
  0x0000021559443000 JavaThread "File watcher server" daemon [_thread_in_native, id=9132, stack(0x0000004921a00000,0x0000004921b00000)]
  0x0000021559442000 JavaThread "File watcher consumer" daemon [_thread_blocked, id=2044, stack(0x0000004921b00000,0x0000004921c00000)]
  0x0000021559443800 JavaThread "Cache worker for checksums cache (C:\Users\ahmed\AndroidStudioProjects\MyPlanner\.gradle\checksums)" [_thread_blocked, id=10540, stack(0x0000004921c00000,0x0000004921d00000)]
  0x000002155943f800 JavaThread "Cache worker for cache directory md-supplier (C:\Users\ahmed\.gradle\caches\7.2\md-supplier)" [_thread_blocked, id=8700, stack(0x0000004921d00000,0x0000004921e00000)]
  0x000002155bfae800 JavaThread "Cache worker for cache directory md-rule (C:\Users\ahmed\.gradle\caches\7.2\md-rule)" [_thread_blocked, id=12580, stack(0x0000004921e00000,0x0000004921f00000)]
  0x000002155bfad800 JavaThread "Cache worker for execution history cache (C:\Users\ahmed\.gradle\caches\7.2\executionHistory)" [_thread_blocked, id=9452, stack(0x0000004921f00000,0x0000004922000000)]
  0x000002155bfac000 JavaThread "jar transforms" [_thread_blocked, id=1508, stack(0x0000004922100000,0x0000004922200000)]
  0x000002155bfb0000 JavaThread "jar transforms Thread 2" [_thread_blocked, id=5568, stack(0x0000004922200000,0x0000004922300000)]
  0x000002155bfab800 JavaThread "Cache worker for file content cache (C:\Users\ahmed\.gradle\caches\7.2\fileContent)" [_thread_blocked, id=4052, stack(0x0000004922300000,0x0000004922400000)]
  0x000002155bfb2800 JavaThread "Cache worker for dependencies-accessors (C:\Users\ahmed\AndroidStudioProjects\MyPlanner\.gradle\7.2\dependencies-accessors)" [_thread_blocked, id=12144, stack(0x0000004922400000,0x0000004922500000)]
  0x000002155bfaf800 JavaThread "jar transforms Thread 3" [_thread_blocked, id=1420, stack(0x0000004922500000,0x0000004922600000)]
  0x000002155bfad000 JavaThread "Cache worker for Build Output Cleanup Cache (C:\Users\ahmed\AndroidStudioProjects\MyPlanner\.gradle\buildOutputCleanup)" [_thread_blocked, id=14188, stack(0x0000004922600000,0x0000004922700000)]
  0x000002155bfb6000 JavaThread "Unconstrained build operations" [_thread_blocked, id=13368, stack(0x0000004922700000,0x0000004922800000)]
  0x000002155bfb5000 JavaThread "Unconstrained build operations Thread 2" [_thread_blocked, id=8436, stack(0x0000004922800000,0x0000004922900000)]
  0x000002155bfb9000 JavaThread "Unconstrained build operations Thread 3" [_thread_blocked, id=7888, stack(0x0000004922900000,0x0000004922a00000)]
  0x000002155bfb6800 JavaThread "Unconstrained build operations Thread 4" [_thread_blocked, id=2836, stack(0x0000004922a00000,0x0000004922b00000)]
  0x000002155bfb7800 JavaThread "Unconstrained build operations Thread 5" [_thread_blocked, id=13816, stack(0x0000004922b00000,0x0000004922c00000)]
  0x000002155bfb8800 JavaThread "Unconstrained build operations Thread 6" [_thread_blocked, id=9272, stack(0x0000004922c00000,0x0000004922d00000)]
  0x000002155bfb3800 JavaThread "Unconstrained build operations Thread 7" [_thread_blocked, id=12656, stack(0x0000004922d00000,0x0000004922e00000)]
  0x000002155bfb4800 JavaThread "Unconstrained build operations Thread 8" [_thread_blocked, id=5876, stack(0x0000004922e00000,0x0000004922f00000)]
  0x000002155bfba000 JavaThread "Unconstrained build operations Thread 9" [_thread_blocked, id=13672, stack(0x0000004922f00000,0x0000004923000000)]
  0x000002155ca23000 JavaThread "Unconstrained build operations Thread 10" [_thread_blocked, id=8668, stack(0x0000004923000000,0x0000004923100000)]
  0x000002155ca21800 JavaThread "Unconstrained build operations Thread 11" [_thread_blocked, id=11060, stack(0x0000004923100000,0x0000004923200000)]
  0x000002155ca22000 JavaThread "Unconstrained build operations Thread 12" [_thread_blocked, id=7556, stack(0x0000004923200000,0x0000004923300000)]
  0x000002155ca20800 JavaThread "Unconstrained build operations Thread 13" [_thread_blocked, id=5548, stack(0x0000004923300000,0x0000004923400000)]
  0x000002155ca1d800 JavaThread "Unconstrained build operations Thread 14" [_thread_blocked, id=14300, stack(0x0000004923400000,0x0000004923500000)]
  0x000002155ca1f800 JavaThread "Unconstrained build operations Thread 15" [_thread_blocked, id=12360, stack(0x0000004923500000,0x0000004923600000)]
  0x000002155ca24000 JavaThread "Unconstrained build operations Thread 16" [_thread_blocked, id=8952, stack(0x0000004923600000,0x0000004923700000)]
  0x000002155ca1f000 JavaThread "Unconstrained build operations Thread 17" [_thread_blocked, id=11156, stack(0x0000004923700000,0x0000004923800000)]
  0x000002155ca1e000 JavaThread "Unconstrained build operations Thread 18" [_thread_blocked, id=13708, stack(0x0000004923800000,0x0000004923900000)]
  0x000002155ca28800 JavaThread "Unconstrained build operations Thread 19" [_thread_blocked, id=3828, stack(0x0000004923900000,0x0000004923a00000)]
  0x000002155ca2a800 JavaThread "Unconstrained build operations Thread 20" [_thread_blocked, id=5604, stack(0x0000004923a00000,0x0000004923b00000)]
  0x000002155ca24800 JavaThread "Unconstrained build operations Thread 21" [_thread_blocked, id=4344, stack(0x0000004923b00000,0x0000004923c00000)]
  0x000002155ca25800 JavaThread "Unconstrained build operations Thread 22" [_thread_blocked, id=1396, stack(0x0000004923c00000,0x0000004923d00000)]
  0x000002155ca28000 JavaThread "Unconstrained build operations Thread 23" [_thread_blocked, id=11644, stack(0x0000004923d00000,0x0000004923e00000)]
  0x000002155ca27000 JavaThread "Unconstrained build operations Thread 24" [_thread_blocked, id=14236, stack(0x0000004923e00000,0x0000004923f00000)]
  0x000002155ca2c000 JavaThread "Unconstrained build operations Thread 25" [_thread_blocked, id=2096, stack(0x0000004923f00000,0x0000004924000000)]
  0x000002155ca29800 JavaThread "Unconstrained build operations Thread 26" [_thread_blocked, id=5420, stack(0x0000004924000000,0x0000004924100000)]
  0x000002155ca26800 JavaThread "Unconstrained build operations Thread 27" [_thread_blocked, id=5000, stack(0x0000004924100000,0x0000004924200000)]
  0x000002155ca2b000 JavaThread "Unconstrained build operations Thread 28" [_thread_blocked, id=2892, stack(0x0000004924200000,0x0000004924300000)]
  0x000002155bfa1000 JavaThread "Unconstrained build operations Thread 29" [_thread_blocked, id=3308, stack(0x0000004924300000,0x0000004924400000)]
  0x000002155bf9c000 JavaThread "Unconstrained build operations Thread 30" [_thread_blocked, id=1288, stack(0x0000004924400000,0x0000004924500000)]
  0x000002155bf9f800 JavaThread "Unconstrained build operations Thread 31" [_thread_blocked, id=3728, stack(0x0000004924500000,0x0000004924600000)]
  0x000002155bfa0000 JavaThread "Unconstrained build operations Thread 32" [_thread_blocked, id=3320, stack(0x0000004924600000,0x0000004924700000)]
  0x000002155bf9d000 JavaThread "Unconstrained build operations Thread 33" [_thread_blocked, id=1452, stack(0x0000004924700000,0x0000004924800000)]
  0x000002155bf9e800 JavaThread "Unconstrained build operations Thread 34" [_thread_blocked, id=1892, stack(0x0000004924800000,0x0000004924900000)]
  0x000002155bf9b800 JavaThread "Unconstrained build operations Thread 35" [_thread_blocked, id=1032, stack(0x0000004924900000,0x0000004924a00000)]
  0x000002155bf9d800 JavaThread "Unconstrained build operations Thread 36" [_thread_blocked, id=13120, stack(0x0000004924a00000,0x0000004924b00000)]
  0x000002155bfa2000 JavaThread "Unconstrained build operations Thread 37" [_thread_blocked, id=8228, stack(0x0000004924b00000,0x0000004924c00000)]
  0x000002155a27a000 JavaThread "Unconstrained build operations Thread 38" [_thread_blocked, id=12880, stack(0x0000004924c00000,0x0000004924d00000)]
  0x000002155a277800 JavaThread "Unconstrained build operations Thread 39" [_thread_blocked, id=9940, stack(0x0000004924d00000,0x0000004924e00000)]
  0x000002155a275000 JavaThread "Unconstrained build operations Thread 40" [_thread_blocked, id=12812, stack(0x0000004924e00000,0x0000004924f00000)]
  0x000002155a27b000 JavaThread "Unconstrained build operations Thread 41" [_thread_blocked, id=10400, stack(0x0000004924f00000,0x0000004925000000)]
  0x000002155a279800 JavaThread "Unconstrained build operations Thread 42" [_thread_blocked, id=11132, stack(0x0000004925000000,0x0000004925100000)]
  0x000002155a278800 JavaThread "Unconstrained build operations Thread 43" [_thread_blocked, id=7564, stack(0x0000004925100000,0x0000004925200000)]
  0x000002155a27c000 JavaThread "Unconstrained build operations Thread 44" [_thread_blocked, id=11556, stack(0x0000004925200000,0x0000004925300000)]
  0x000002155a276000 JavaThread "Unconstrained build operations Thread 45" [_thread_blocked, id=9576, stack(0x0000004925300000,0x0000004925400000)]
  0x000002155a277000 JavaThread "Unconstrained build operations Thread 46" [_thread_blocked, id=2068, stack(0x0000004925400000,0x0000004925500000)]
  0x000002155a281800 JavaThread "Unconstrained build operations Thread 47" [_thread_blocked, id=10856, stack(0x0000004925500000,0x0000004925600000)]
  0x000002155a27e000 JavaThread "Unconstrained build operations Thread 48" [_thread_blocked, id=6616, stack(0x0000004925600000,0x0000004925700000)]
  0x000002155a27f000 JavaThread "Unconstrained build operations Thread 49" [_thread_blocked, id=11724, stack(0x0000004925700000,0x0000004925800000)]
  0x000002155a282800 JavaThread "Unconstrained build operations Thread 50" [_thread_blocked, id=5708, stack(0x0000004925800000,0x0000004925900000)]
  0x000002155a27c800 JavaThread "Unconstrained build operations Thread 51" [_thread_blocked, id=3152, stack(0x0000004925900000,0x0000004925a00000)]
  0x000002155a27d800 JavaThread "Unconstrained build operations Thread 52" [_thread_blocked, id=9624, stack(0x0000004925a00000,0x0000004925b00000)]
  0x000002155a280000 JavaThread "Unconstrained build operations Thread 53" [_thread_blocked, id=6776, stack(0x0000004925b00000,0x0000004925c00000)]
  0x000002155a280800 JavaThread "Unconstrained build operations Thread 54" [_thread_blocked, id=12112, stack(0x0000004925c00000,0x0000004925d00000)]
  0x000002155a283000 JavaThread "Unconstrained build operations Thread 55" [_thread_blocked, id=11224, stack(0x0000004925d00000,0x0000004925e00000)]
  0x000002155a284000 JavaThread "Unconstrained build operations Thread 56" [_thread_blocked, id=7612, stack(0x0000004925e00000,0x0000004925f00000)]
  0x000002155c2ac000 JavaThread "Unconstrained build operations Thread 57" [_thread_blocked, id=2920, stack(0x0000004925f00000,0x0000004926000000)]
  0x000002155c2b1000 JavaThread "Unconstrained build operations Thread 58" [_thread_blocked, id=7704, stack(0x0000004926000000,0x0000004926100000)]
  0x000002155c2ad800 JavaThread "Unconstrained build operations Thread 59" [_thread_blocked, id=12292, stack(0x0000004926100000,0x0000004926200000)]
  0x000002155c2b0000 JavaThread "Unconstrained build operations Thread 60" [_thread_blocked, id=12404, stack(0x0000004926200000,0x0000004926300000)]
  0x000002155c2af800 JavaThread "Unconstrained build operations Thread 61" [_thread_blocked, id=8600, stack(0x0000004926300000,0x0000004926400000)]
  0x000002155c2ab800 JavaThread "Unconstrained build operations Thread 62" [_thread_blocked, id=5764, stack(0x0000004926400000,0x0000004926500000)]
  0x000002155c2b2800 JavaThread "Unconstrained build operations Thread 63" [_thread_blocked, id=12844, stack(0x0000004926500000,0x0000004926600000)]
  0x000002155c2ae800 JavaThread "Unconstrained build operations Thread 64" [_thread_blocked, id=1512, stack(0x0000004926600000,0x0000004926700000)]
  0x000002155c2ad000 JavaThread "Unconstrained build operations Thread 65" [_thread_blocked, id=9484, stack(0x0000004926700000,0x0000004926800000)]
  0x000002155c2b7800 JavaThread "Unconstrained build operations Thread 66" [_thread_blocked, id=1928, stack(0x0000004926800000,0x0000004926900000)]
  0x000002155c2b6800 JavaThread "Unconstrained build operations Thread 67" [_thread_blocked, id=13452, stack(0x0000004926900000,0x0000004926a00000)]
  0x000002155c2b2000 JavaThread "Unconstrained build operations Thread 68" [_thread_blocked, id=10876, stack(0x0000004926a00000,0x0000004926b00000)]
  0x000002155c2b9000 JavaThread "Unconstrained build operations Thread 69" [_thread_blocked, id=11168, stack(0x0000004926b00000,0x0000004926c00000)]
  0x000002155c2b8800 JavaThread "Unconstrained build operations Thread 70" [_thread_blocked, id=10660, stack(0x0000004926c00000,0x0000004926d00000)]
  0x000002155c2b4800 JavaThread "Unconstrained build operations Thread 71" [_thread_blocked, id=1996, stack(0x0000004926d00000,0x0000004926e00000)]
  0x000002155c2b3800 JavaThread "Unconstrained build operations Thread 72" [_thread_blocked, id=6424, stack(0x0000004926e00000,0x0000004926f00000)]
  0x000002155c2b5000 JavaThread "Unconstrained build operations Thread 73" [_thread_blocked, id=10968, stack(0x0000004926f00000,0x0000004927000000)]
  0x000002155c2ba000 JavaThread "Unconstrained build operations Thread 74" [_thread_blocked, id=996, stack(0x0000004927000000,0x0000004927100000)]
  0x000002155c2b6000 JavaThread "Unconstrained build operations Thread 75" [_thread_blocked, id=12092, stack(0x0000004927100000,0x0000004927200000)]
  0x000002155e06e000 JavaThread "Unconstrained build operations Thread 76" [_thread_blocked, id=12300, stack(0x0000004927200000,0x0000004927300000)]
  0x000002155e071000 JavaThread "Unconstrained build operations Thread 77" [_thread_blocked, id=10772, stack(0x0000004927300000,0x0000004927400000)]
  0x000002155e06e800 JavaThread "Unconstrained build operations Thread 78" [_thread_blocked, id=13476, stack(0x0000004927400000,0x0000004927500000)]
  0x000002155e06d000 JavaThread "Unconstrained build operations Thread 79" [_thread_blocked, id=4748, stack(0x0000004927500000,0x0000004927600000)]
  0x000002155e06f800 JavaThread "Unconstrained build operations Thread 80" [_thread_blocked, id=8272, stack(0x0000004927600000,0x0000004927700000)]
  0x000002155e070000 JavaThread "jar transforms Thread 4" [_thread_blocked, id=10000, stack(0x0000004927700000,0x0000004927800000)]
  0x000002155e06b800 JavaThread "jar transforms Thread 5" [_thread_blocked, id=9636, stack(0x0000004927800000,0x0000004927900000)]
  0x000002155e072000 JavaThread "jar transforms Thread 6" [_thread_blocked, id=1748, stack(0x0000004927900000,0x0000004927a00000)]
  0x000002155e06c000 JavaThread "jar transforms Thread 7" [_thread_blocked, id=2932, stack(0x0000004927a00000,0x0000004927b00000)]
  0x000002155e072800 JavaThread "jar transforms Thread 8" [_thread_blocked, id=14204, stack(0x0000004927b00000,0x0000004927c00000)]
  0x000002155e074800 JavaThread "Memory manager" [_thread_blocked, id=4820, stack(0x0000004927c00000,0x0000004927d00000)]
  0x000002155e075000 JavaThread "build event listener" [_thread_blocked, id=13440, stack(0x0000004922000000,0x0000004922100000)]
  0x000002155e079000 JavaThread "Execution worker for ':'" [_thread_blocked, id=9340, stack(0x0000004927d00000,0x0000004927e00000)]
  0x000002155e076000 JavaThread "Execution worker for ':' Thread 2" [_thread_blocked, id=9656, stack(0x0000004927e00000,0x0000004927f00000)]
  0x000002155e077800 JavaThread "Execution worker for ':' Thread 3" [_thread_blocked, id=7768, stack(0x0000004927f00000,0x0000004928000000)]
  0x000002155e078800 JavaThread "Execution worker for ':' Thread 4" [_thread_blocked, id=1460, stack(0x0000004928000000,0x0000004928100000)]
  0x000002155e073800 JavaThread "Execution worker for ':' Thread 5" [_thread_blocked, id=12972, stack(0x0000004928100000,0x0000004928200000)]
  0x000002155e07a000 JavaThread "Execution worker for ':' Thread 6" [_thread_blocked, id=10964, stack(0x0000004928200000,0x0000004928300000)]
  0x000002155e49b800 JavaThread "Execution worker for ':' Thread 7" [_thread_blocked, id=12492, stack(0x0000004928300000,0x0000004928400000)]
  0x000002155e496000 JavaThread "Cache worker for execution history cache (C:\Users\ahmed\AndroidStudioProjects\MyPlanner\.gradle\7.2\executionHistory)" [_thread_blocked, id=9680, stack(0x0000004928400000,0x0000004928500000)]
  0x000002155e49a000 JavaThread "WorkerExecutor Queue" [_thread_blocked, id=8220, stack(0x0000004928500000,0x0000004928600000)]
  0x000002155e496800 JavaThread "WorkerExecutor Queue Thread 2" [_thread_blocked, id=11576, stack(0x0000004928600000,0x0000004928700000)]
  0x000002155e49d000 JavaThread "WorkerExecutor Queue Thread 3" [_thread_blocked, id=7404, stack(0x0000004928700000,0x0000004928800000)]
  0x000002155e499000 JavaThread "WorkerExecutor Queue Thread 4" [_thread_in_native, id=11924, stack(0x0000004928800000,0x0000004928900000)]
  0x000002155e49a800 JavaThread "WorkerExecutor Queue Thread 5" [_thread_blocked, id=1408, stack(0x0000004928900000,0x0000004928a00000)]
  0x000002155e49c800 JavaThread "WorkerExecutor Queue Thread 6" [_thread_blocked, id=992, stack(0x0000004928c00000,0x0000004928d00000)]
  0x000002155e497800 JavaThread "WorkerExecutor Queue Thread 7" [_thread_blocked, id=9512, stack(0x0000004928d00000,0x0000004928e00000)]
  0x000002155e49e000 JavaThread "WorkerExecutor Queue Thread 8" [_thread_blocked, id=2704, stack(0x0000004928e00000,0x0000004928f00000)]
  0x000002155e498000 JavaThread "pool-3-thread-1" [_thread_blocked, id=12508, stack(0x0000004928f00000,0x0000004929000000)]
  0x000002155e49f000 JavaThread "stderr" [_thread_in_native, id=12556, stack(0x0000004929000000,0x0000004929100000)]
  0x000002155e4a4800 JavaThread "stdout" [_thread_in_native, id=11648, stack(0x0000004929100000,0x0000004929200000)]
  0x000002155e4a3000 JavaThread "Cache worker for Java compile cache (C:\Users\ahmed\.gradle\caches\7.2\javaCompile)" [_thread_blocked, id=3172, stack(0x0000004929200000,0x0000004929300000)]
  0x000002155e4a2000 JavaThread "Build operations" [_thread_blocked, id=11412, stack(0x0000004929300000,0x0000004929400000)]
  0x000002155e49f800 JavaThread "Build operations Thread 2" [_thread_blocked, id=8408, stack(0x0000004929400000,0x0000004929500000)]
  0x000002155e4a3800 JavaThread "Build operations Thread 3" [_thread_blocked, id=11344, stack(0x0000004929500000,0x0000004929600000)]
  0x000002155e4a0800 JavaThread "Build operations Thread 4" [_thread_blocked, id=4760, stack(0x0000004929600000,0x0000004929700000)]
  0x000002155e4a1000 JavaThread "Build operations Thread 5" [_thread_blocked, id=1372, stack(0x0000004929700000,0x0000004929800000)]
  0x000002155e412800 JavaThread "Build operations Thread 6" [_thread_blocked, id=3524, stack(0x0000004929800000,0x0000004929900000)]
  0x000002155e410000 JavaThread "Build operations Thread 7" [_thread_blocked, id=11424, stack(0x0000004929900000,0x0000004929a00000)]
  0x000002155e411000 JavaThread "Build operations Thread 8" [_thread_blocked, id=4632, stack(0x0000004929a00000,0x0000004929b00000)]
  0x0000021562241800 JavaThread "C2 CompilerThread1" daemon [_thread_blocked, id=6244, stack(0x000000491ef00000,0x000000491f000000)]
  0x000002155a983000 JavaThread "C2 CompilerThread2" daemon [_thread_in_native, id=12612, stack(0x000000491f000000,0x000000491f100000)]

Other Threads:
  0x000002155653f800 VMThread "VM Thread" [stack: 0x000000491f800000,0x000000491f900000] [id=3080]
  0x0000021557048800 WatcherThread [stack: 0x0000004920200000,0x0000004920300000] [id=11784]
  0x000002153a138800 GCTaskThread "GC Thread#0" [stack: 0x000000491f300000,0x000000491f400000] [id=8928]
  0x000002155741c800 GCTaskThread "GC Thread#1" [stack: 0x0000004920400000,0x0000004920500000] [id=8048]
  0x000002155793b000 GCTaskThread "GC Thread#2" [stack: 0x0000004920500000,0x0000004920600000] [id=1564]
  0x0000021558f75800 GCTaskThread "GC Thread#3" [stack: 0x0000004920f00000,0x0000004921000000] [id=1368]
  0x0000021558f70800 GCTaskThread "GC Thread#4" [stack: 0x0000004921000000,0x0000004921100000] [id=11200]
  0x0000021558f73800 GCTaskThread "GC Thread#5" [stack: 0x0000004921100000,0x0000004921200000] [id=12428]
  0x0000021558f71800 GCTaskThread "GC Thread#6" [stack: 0x0000004921200000,0x0000004921300000] [id=2444]
  0x0000021558f72800 GCTaskThread "GC Thread#7" [stack: 0x0000004921300000,0x0000004921400000] [id=6488]
  0x000002153a16a800 ConcurrentGCThread "G1 Main Marker" [stack: 0x000000491f400000,0x000000491f500000] [id=10480]
  0x000002153a16b800 ConcurrentGCThread "G1 Conc#0" [stack: 0x000000491f500000,0x000000491f600000] [id=4124]
  0x0000021558f75000 ConcurrentGCThread "G1 Conc#1" [stack: 0x0000004921700000,0x0000004921800000] [id=3852]
  0x0000021556390800 ConcurrentGCThread "G1 Refine#0" [stack: 0x000000491f600000,0x000000491f700000] [id=9488]
  0x0000021556391800 ConcurrentGCThread "G1 Young RemSet Sampling" [stack: 0x000000491f700000,0x000000491f800000] [id=10572]

Threads with active compile tasks:
C2 CompilerThread0  93183 14639 %     4       com.android.tools.r8.internal.lH0::a @ 2412 (4225 bytes)
C2 CompilerThread2  93183 14614       4       java.lang.reflect.AccessibleObject::checkCanSetAccessible (386 bytes)

VM state:not at safepoint (normal execution)

VM Mutex/Monitor currently owned by a thread: None

Heap address: 0x0000000080000000, size: 2048 MB, Compressed Oops mode: 32-bit
Narrow klass base: 0x0000000000000000, Narrow klass shift: 3
Compressed class space size: 1073741824 Address: 0x0000000100000000

Heap:
 garbage-first heap   total 157696K, used 123252K [0x0000000080000000, 0x0000000100000000)
  region size 1024K, 16 young (16384K), 4 survivors (4096K)
 Metaspace       used 110000K, capacity 113224K, committed 113356K, reserved 1146880K
  class space    used 14227K, capacity 15474K, committed 15564K, reserved 1048576K
Heap Regions: E=young(eden), S=young(survivor), O=old, HS=humongous(starts), HC=humongous(continues), CS=collection set, F=free, A=archive, TAMS=top-at-mark-start (previous, next)
|   0|0x0000000080000000, 0x0000000080100000, 0x0000000080100000|100%| O|  |TAMS 0x0000000080100000, 0x0000000080000000| Untracked 
|   1|0x0000000080100000, 0x0000000080200000, 0x0000000080200000|100%| O|  |TAMS 0x0000000080200000, 0x0000000080100000| Untracked 
|   2|0x0000000080200000, 0x0000000080300000, 0x0000000080300000|100%| O|  |TAMS 0x0000000080300000, 0x0000000080200000| Untracked 
|   3|0x0000000080300000, 0x0000000080400000, 0x0000000080400000|100%|HS|  |TAMS 0x0000000080400000, 0x0000000080300000| Complete 
|   4|0x0000000080400000, 0x0000000080500000, 0x0000000080500000|100%|HC|  |TAMS 0x0000000080500000, 0x0000000080400000| Complete 
|   5|0x0000000080500000, 0x0000000080600000, 0x0000000080600000|100%|HC|  |TAMS 0x0000000080600000, 0x0000000080500000| Complete 
|   6|0x0000000080600000, 0x0000000080700000, 0x0000000080700000|100%| O|  |TAMS 0x0000000080700000, 0x0000000080600000| Untracked 
|   7|0x0000000080700000, 0x0000000080800000, 0x0000000080800000|100%| O|  |TAMS 0x0000000080800000, 0x0000000080700000| Untracked 
|   8|0x0000000080800000, 0x0000000080900000, 0x0000000080900000|100%| O|  |TAMS 0x0000000080900000, 0x0000000080800000| Untracked 
|   9|0x0000000080900000, 0x0000000080a00000, 0x0000000080a00000|100%| O|  |TAMS 0x0000000080a00000, 0x0000000080900000| Untracked 
|  10|0x0000000080a00000, 0x0000000080b00000, 0x0000000080b00000|100%| O|  |TAMS 0x0000000080b00000, 0x0000000080a00000| Untracked 
|  11|0x0000000080b00000, 0x0000000080c00000, 0x0000000080c00000|100%| O|  |TAMS 0x0000000080c00000, 0x0000000080b00000| Untracked 
|  12|0x0000000080c00000, 0x0000000080d00000, 0x0000000080d00000|100%| O|  |TAMS 0x0000000080d00000, 0x0000000080c00000| Untracked 
|  13|0x0000000080d00000, 0x0000000080e00000, 0x0000000080e00000|100%| O|  |TAMS 0x0000000080e00000, 0x0000000080d00000| Untracked 
|  14|0x0000000080e00000, 0x0000000080f00000, 0x0000000080f00000|100%| O|  |TAMS 0x0000000080f00000, 0x0000000080e00000| Untracked 
|  15|0x0000000080f00000, 0x0000000081000000, 0x0000000081000000|100%| O|  |TAMS 0x0000000081000000, 0x0000000080f00000| Untracked 
|  16|0x0000000081000000, 0x0000000081100000, 0x0000000081100000|100%| O|  |TAMS 0x0000000081100000, 0x0000000081000000| Untracked 
|  17|0x0000000081100000, 0x0000000081200000, 0x0000000081200000|100%| O|  |TAMS 0x0000000081200000, 0x0000000081100000| Untracked 
|  18|0x0000000081200000, 0x0000000081300000, 0x0000000081300000|100%| O|  |TAMS 0x0000000081300000, 0x0000000081200000| Untracked 
|  19|0x0000000081300000, 0x0000000081400000, 0x0000000081400000|100%|HS|  |TAMS 0x0000000081400000, 0x0000000081300000| Complete 
|  20|0x0000000081400000, 0x0000000081500000, 0x0000000081500000|100%| O|  |TAMS 0x0000000081500000, 0x0000000081400000| Untracked 
|  21|0x0000000081500000, 0x0000000081600000, 0x0000000081600000|100%| O|  |TAMS 0x0000000081600000, 0x0000000081500000| Untracked 
|  22|0x0000000081600000, 0x0000000081700000, 0x0000000081700000|100%| O|  |TAMS 0x0000000081700000, 0x0000000081600000| Untracked 
|  23|0x0000000081700000, 0x0000000081800000, 0x0000000081800000|100%| O|  |TAMS 0x0000000081800000, 0x0000000081700000| Untracked 
|  24|0x0000000081800000, 0x0000000081900000, 0x0000000081900000|100%|HS|  |TAMS 0x0000000081900000, 0x0000000081800000| Complete 
|  25|0x0000000081900000, 0x0000000081a00000, 0x0000000081a00000|100%|HS|  |TAMS 0x0000000081a00000, 0x0000000081900000| Complete 
|  26|0x0000000081a00000, 0x0000000081b00000, 0x0000000081b00000|100%|HS|  |TAMS 0x0000000081b00000, 0x0000000081a00000| Complete 
|  27|0x0000000081b00000, 0x0000000081c00000, 0x0000000081c00000|100%|HC|  |TAMS 0x0000000081c00000, 0x0000000081b00000| Complete 
|  28|0x0000000081c00000, 0x0000000081d00000, 0x0000000081d00000|100%| O|  |TAMS 0x0000000081d00000, 0x0000000081c00000| Untracked 
|  29|0x0000000081d00000, 0x0000000081e00000, 0x0000000081e00000|100%| O|  |TAMS 0x0000000081e00000, 0x0000000081d00000| Untracked 
|  30|0x0000000081e00000, 0x0000000081f00000, 0x0000000081f00000|100%| O|  |TAMS 0x0000000081f00000, 0x0000000081e00000| Untracked 
|  31|0x0000000081f00000, 0x0000000082000000, 0x0000000082000000|100%| O|  |TAMS 0x0000000082000000, 0x0000000081f00000| Untracked 
|  32|0x0000000082000000, 0x0000000082100000, 0x0000000082100000|100%| O|  |TAMS 0x0000000082100000, 0x0000000082000000| Untracked 
|  33|0x0000000082100000, 0x0000000082200000, 0x0000000082200000|100%| O|  |TAMS 0x0000000082200000, 0x0000000082100000| Untracked 
|  34|0x0000000082200000, 0x0000000082300000, 0x0000000082300000|100%| O|  |TAMS 0x0000000082300000, 0x0000000082200000| Untracked 
|  35|0x0000000082300000, 0x0000000082400000, 0x0000000082400000|100%| O|  |TAMS 0x0000000082400000, 0x0000000082300000| Untracked 
|  36|0x0000000082400000, 0x0000000082500000, 0x0000000082500000|100%| O|  |TAMS 0x0000000082500000, 0x0000000082400000| Untracked 
|  37|0x0000000082500000, 0x0000000082600000, 0x0000000082600000|100%| O|  |TAMS 0x0000000082600000, 0x0000000082500000| Untracked 
|  38|0x0000000082600000, 0x0000000082700000, 0x0000000082700000|100%| O|  |TAMS 0x0000000082700000, 0x0000000082600000| Untracked 
|  39|0x0000000082700000, 0x0000000082800000, 0x0000000082800000|100%| O|  |TAMS 0x0000000082800000, 0x0000000082700000| Untracked 
|  40|0x0000000082800000, 0x0000000082900000, 0x0000000082900000|100%| O|  |TAMS 0x0000000082900000, 0x0000000082800000| Untracked 
|  41|0x0000000082900000, 0x0000000082a00000, 0x0000000082a00000|100%| O|  |TAMS 0x0000000082a00000, 0x0000000082900000| Untracked 
|  42|0x0000000082a00000, 0x0000000082b00000, 0x0000000082b00000|100%| O|  |TAMS 0x0000000082b00000, 0x0000000082a00000| Untracked 
|  43|0x0000000082b00000, 0x0000000082c00000, 0x0000000082c00000|100%| O|  |TAMS 0x0000000082c00000, 0x0000000082b00000| Untracked 
|  44|0x0000000082c00000, 0x0000000082d00000, 0x0000000082d00000|100%| O|  |TAMS 0x0000000082d00000, 0x0000000082c00000| Untracked 
|  45|0x0000000082d00000, 0x0000000082e00000, 0x0000000082e00000|100%| O|  |TAMS 0x0000000082e00000, 0x0000000082d00000| Untracked 
|  46|0x0000000082e00000, 0x0000000082f00000, 0x0000000082f00000|100%| O|  |TAMS 0x0000000082f00000, 0x0000000082e00000| Untracked 
|  47|0x0000000082f00000, 0x0000000083000000, 0x0000000083000000|100%| O|  |TAMS 0x0000000083000000, 0x0000000082f00000| Untracked 
|  48|0x0000000083000000, 0x0000000083100000, 0x0000000083100000|100%| O|  |TAMS 0x0000000083100000, 0x0000000083000000| Untracked 
|  49|0x0000000083100000, 0x0000000083200000, 0x0000000083200000|100%| O|  |TAMS 0x0000000083200000, 0x0000000083100000| Untracked 
|  50|0x0000000083200000, 0x0000000083300000, 0x0000000083300000|100%| O|  |TAMS 0x0000000083300000, 0x0000000083200000| Untracked 
|  51|0x0000000083300000, 0x0000000083400000, 0x0000000083400000|100%| O|  |TAMS 0x0000000083400000, 0x0000000083300000| Untracked 
|  52|0x0000000083400000, 0x0000000083500000, 0x0000000083500000|100%| O|  |TAMS 0x0000000083500000, 0x0000000083400000| Untracked 
|  53|0x0000000083500000, 0x0000000083600000, 0x0000000083600000|100%| O|  |TAMS 0x0000000083600000, 0x0000000083500000| Untracked 
|  54|0x0000000083600000, 0x0000000083700000, 0x0000000083700000|100%| O|  |TAMS 0x0000000083700000, 0x0000000083600000| Untracked 
|  55|0x0000000083700000, 0x0000000083800000, 0x0000000083800000|100%| O|  |TAMS 0x0000000083800000, 0x0000000083700000| Untracked 
|  56|0x0000000083800000, 0x0000000083900000, 0x0000000083900000|100%| O|  |TAMS 0x0000000083900000, 0x0000000083800000| Untracked 
|  57|0x0000000083900000, 0x0000000083a00000, 0x0000000083a00000|100%| O|  |TAMS 0x0000000083a00000, 0x0000000083900000| Untracked 
|  58|0x0000000083a00000, 0x0000000083b00000, 0x0000000083b00000|100%| O|  |TAMS 0x0000000083b00000, 0x0000000083a00000| Untracked 
|  59|0x0000000083b00000, 0x0000000083c00000, 0x0000000083c00000|100%| O|  |TAMS 0x0000000083c00000, 0x0000000083b00000| Untracked 
|  60|0x0000000083c00000, 0x0000000083d00000, 0x0000000083d00000|100%| O|  |TAMS 0x0000000083d00000, 0x0000000083c00000| Untracked 
|  61|0x0000000083d00000, 0x0000000083e00000, 0x0000000083e00000|100%| O|  |TAMS 0x0000000083e00000, 0x0000000083d00000| Untracked 
|  62|0x0000000083e00000, 0x0000000083f00000, 0x0000000083f00000|100%| O|  |TAMS 0x0000000083f00000, 0x0000000083e00000| Untracked 
|  63|0x0000000083f00000, 0x0000000084000000, 0x0000000084000000|100%| O|  |TAMS 0x0000000084000000, 0x0000000083f00000| Untracked 
|  64|0x0000000084000000, 0x0000000084100000, 0x0000000084100000|100%| O|  |TAMS 0x0000000084100000, 0x0000000084000000| Untracked 
|  65|0x0000000084100000, 0x0000000084200000, 0x0000000084200000|100%| O|  |TAMS 0x0000000084200000, 0x0000000084100000| Untracked 
|  66|0x0000000084200000, 0x0000000084300000, 0x0000000084300000|100%| O|  |TAMS 0x0000000084300000, 0x0000000084200000| Untracked 
|  67|0x0000000084300000, 0x0000000084400000, 0x0000000084400000|100%| O|  |TAMS 0x0000000084400000, 0x0000000084300000| Untracked 
|  68|0x0000000084400000, 0x0000000084500000, 0x0000000084500000|100%| O|  |TAMS 0x0000000084500000, 0x0000000084400000| Untracked 
|  69|0x0000000084500000, 0x0000000084600000, 0x0000000084600000|100%| O|  |TAMS 0x0000000084600000, 0x0000000084500000| Untracked 
|  70|0x0000000084600000, 0x0000000084700000, 0x0000000084700000|100%| O|  |TAMS 0x0000000084700000, 0x0000000084600000| Untracked 
|  71|0x0000000084700000, 0x0000000084800000, 0x0000000084800000|100%| O|  |TAMS 0x0000000084800000, 0x0000000084700000| Untracked 
|  72|0x0000000084800000, 0x0000000084900000, 0x0000000084900000|100%| O|  |TAMS 0x0000000084900000, 0x0000000084800000| Untracked 
|  73|0x0000000084900000, 0x0000000084a00000, 0x0000000084a00000|100%|HS|  |TAMS 0x0000000084a00000, 0x0000000084900000| Complete 
|  74|0x0000000084a00000, 0x0000000084b00000, 0x0000000084b00000|100%|HC|  |TAMS 0x0000000084b00000, 0x0000000084a00000| Complete 
|  75|0x0000000084b00000, 0x0000000084c00000, 0x0000000084c00000|100%| O|  |TAMS 0x0000000084c00000, 0x0000000084b00000| Untracked 
|  76|0x0000000084c00000, 0x0000000084d00000, 0x0000000084d00000|100%| O|  |TAMS 0x0000000084d00000, 0x0000000084c00000| Untracked 
|  77|0x0000000084d00000, 0x0000000084e00000, 0x0000000084e00000|100%| O|  |TAMS 0x0000000084e00000, 0x0000000084d00000| Untracked 
|  78|0x0000000084e00000, 0x0000000084f00000, 0x0000000084f00000|100%| O|  |TAMS 0x0000000084f00000, 0x0000000084e00000| Untracked 
|  79|0x0000000084f00000, 0x0000000085000000, 0x0000000085000000|100%| O|  |TAMS 0x0000000085000000, 0x0000000084f00000| Untracked 
|  80|0x0000000085000000, 0x0000000085100000, 0x0000000085100000|100%| O|  |TAMS 0x0000000085100000, 0x0000000085000000| Untracked 
|  81|0x0000000085100000, 0x0000000085200000, 0x0000000085200000|100%| O|  |TAMS 0x0000000085200000, 0x0000000085100000| Untracked 
|  82|0x0000000085200000, 0x0000000085300000, 0x0000000085300000|100%| O|  |TAMS 0x0000000085300000, 0x0000000085200000| Untracked 
|  83|0x0000000085300000, 0x0000000085400000, 0x0000000085400000|100%| O|  |TAMS 0x0000000085400000, 0x0000000085300000| Untracked 
|  84|0x0000000085400000, 0x0000000085500000, 0x0000000085500000|100%| O|  |TAMS 0x0000000085500000, 0x0000000085400000| Untracked 
|  85|0x0000000085500000, 0x0000000085600000, 0x0000000085600000|100%| O|  |TAMS 0x0000000085600000, 0x0000000085500000| Untracked 
|  86|0x0000000085600000, 0x0000000085700000, 0x0000000085700000|100%| O|  |TAMS 0x0000000085700000, 0x0000000085600000| Untracked 
|  87|0x0000000085700000, 0x0000000085800000, 0x0000000085800000|100%| O|  |TAMS 0x0000000085800000, 0x0000000085700000| Untracked 
|  88|0x0000000085800000, 0x0000000085900000, 0x0000000085900000|100%| O|  |TAMS 0x0000000085900000, 0x0000000085800000| Untracked 
|  89|0x0000000085900000, 0x0000000085a00000, 0x0000000085a00000|100%| O|  |TAMS 0x0000000085a00000, 0x0000000085900000| Untracked 
|  90|0x0000000085a00000, 0x0000000085b00000, 0x0000000085b00000|100%| O|  |TAMS 0x0000000085b00000, 0x0000000085a00000| Untracked 
|  91|0x0000000085b00000, 0x0000000085c00000, 0x0000000085c00000|100%| O|  |TAMS 0x0000000085c00000, 0x0000000085b00000| Untracked 
|  92|0x0000000085c00000, 0x0000000085d00000, 0x0000000085d00000|100%| O|  |TAMS 0x0000000085c6a000, 0x0000000085c00000| Untracked 
|  93|0x0000000085d00000, 0x0000000085e00000, 0x0000000085e00000|100%| O|  |TAMS 0x0000000085d00000, 0x0000000085d00000| Untracked 
|  94|0x0000000085e00000, 0x0000000085f00000, 0x0000000085f00000|100%| O|  |TAMS 0x0000000085e00000, 0x0000000085e00000| Untracked 
|  95|0x0000000085f00000, 0x0000000086000000, 0x0000000086000000|100%| O|  |TAMS 0x0000000085f00000, 0x0000000085f00000| Untracked 
|  96|0x0000000086000000, 0x0000000086100000, 0x0000000086100000|100%| O|  |TAMS 0x0000000086000000, 0x0000000086000000| Untracked 
|  97|0x0000000086100000, 0x0000000086200000, 0x0000000086200000|100%| O|  |TAMS 0x0000000086100000, 0x0000000086100000| Untracked 
|  98|0x0000000086200000, 0x0000000086300000, 0x0000000086300000|100%| O|  |TAMS 0x0000000086200000, 0x0000000086200000| Untracked 
|  99|0x0000000086300000, 0x0000000086400000, 0x0000000086400000|100%| O|  |TAMS 0x0000000086300000, 0x0000000086300000| Untracked 
| 100|0x0000000086400000, 0x0000000086500000, 0x0000000086500000|100%| O|  |TAMS 0x0000000086400000, 0x0000000086400000| Untracked 
| 101|0x0000000086500000, 0x0000000086600000, 0x0000000086600000|100%| O|  |TAMS 0x0000000086500000, 0x0000000086500000| Untracked 
| 102|0x0000000086600000, 0x0000000086700000, 0x0000000086700000|100%| O|  |TAMS 0x0000000086700000, 0x0000000086600000| Untracked 
| 103|0x0000000086700000, 0x0000000086800000, 0x0000000086800000|100%| O|  |TAMS 0x0000000086700000, 0x0000000086700000| Untracked 
| 104|0x0000000086800000, 0x0000000086900000, 0x0000000086900000|100%| O|  |TAMS 0x0000000086800000, 0x0000000086800000| Untracked 
| 105|0x0000000086900000, 0x0000000086a00000, 0x0000000086a00000|100%| O|  |TAMS 0x0000000086900000, 0x0000000086900000| Untracked 
| 106|0x0000000086a00000, 0x0000000086a5d200, 0x0000000086b00000| 36%| O|  |TAMS 0x0000000086a00000, 0x0000000086a00000| Untracked 
| 107|0x0000000086b00000, 0x0000000086b00000, 0x0000000086c00000|  0%| F|  |TAMS 0x0000000086b00000, 0x0000000086b00000| Untracked 
| 108|0x0000000086c00000, 0x0000000086c00000, 0x0000000086d00000|  0%| F|  |TAMS 0x0000000086c00000, 0x0000000086c00000| Untracked 
| 109|0x0000000086d00000, 0x0000000086d00000, 0x0000000086e00000|  0%| F|  |TAMS 0x0000000086d00000, 0x0000000086d00000| Untracked 
| 110|0x0000000086e00000, 0x0000000086e00000, 0x0000000086f00000|  0%| F|  |TAMS 0x0000000086e00000, 0x0000000086e00000| Untracked 
| 111|0x0000000086f00000, 0x0000000086f00000, 0x0000000087000000|  0%| F|  |TAMS 0x0000000086f00000, 0x0000000086f00000| Untracked 
| 112|0x0000000087000000, 0x0000000087000000, 0x0000000087100000|  0%| F|  |TAMS 0x0000000087000000, 0x0000000087000000| Untracked 
| 113|0x0000000087100000, 0x0000000087100000, 0x0000000087200000|  0%| F|  |TAMS 0x0000000087100000, 0x0000000087100000| Untracked 
| 114|0x0000000087200000, 0x0000000087200000, 0x0000000087300000|  0%| F|  |TAMS 0x0000000087200000, 0x0000000087200000| Untracked 
| 115|0x0000000087300000, 0x0000000087300000, 0x0000000087400000|  0%| F|  |TAMS 0x0000000087300000, 0x0000000087300000| Untracked 
| 116|0x0000000087400000, 0x0000000087400000, 0x0000000087500000|  0%| F|  |TAMS 0x0000000087400000, 0x0000000087400000| Untracked 
| 117|0x0000000087500000, 0x0000000087500000, 0x0000000087600000|  0%| F|  |TAMS 0x0000000087500000, 0x0000000087500000| Untracked 
| 118|0x0000000087600000, 0x0000000087600000, 0x0000000087700000|  0%| F|  |TAMS 0x0000000087600000, 0x0000000087600000| Untracked 
| 119|0x0000000087700000, 0x0000000087700000, 0x0000000087800000|  0%| F|  |TAMS 0x0000000087700000, 0x0000000087700000| Untracked 
| 120|0x0000000087800000, 0x0000000087900000, 0x0000000087900000|100%| S|CS|TAMS 0x0000000087800000, 0x0000000087800000| Complete 
| 121|0x0000000087900000, 0x0000000087900000, 0x0000000087a00000|  0%| F|  |TAMS 0x0000000087900000, 0x0000000087900000| Untracked 
| 122|0x0000000087a00000, 0x0000000087a00000, 0x0000000087b00000|  0%| F|  |TAMS 0x0000000087a00000, 0x0000000087a00000| Untracked 
| 123|0x0000000087b00000, 0x0000000087b00000, 0x0000000087c00000|  0%| F|  |TAMS 0x0000000087b00000, 0x0000000087b00000| Untracked 
| 124|0x0000000087c00000, 0x0000000087d00000, 0x0000000087d00000|100%| S|CS|TAMS 0x0000000087c00000, 0x0000000087c00000| Complete 
| 125|0x0000000087d00000, 0x0000000087e00000, 0x0000000087e00000|100%| S|CS|TAMS 0x0000000087d00000, 0x0000000087d00000| Complete 
| 126|0x0000000087e00000, 0x0000000087f00000, 0x0000000087f00000|100%| S|CS|TAMS 0x0000000087e00000, 0x0000000087e00000| Complete 
| 127|0x0000000087f00000, 0x0000000087f00000, 0x0000000088000000|  0%| F|  |TAMS 0x0000000087f00000, 0x0000000087f00000| Untracked 
| 128|0x0000000088000000, 0x0000000088000000, 0x0000000088100000|  0%| F|  |TAMS 0x0000000088000000, 0x0000000088000000| Untracked 
| 129|0x0000000088100000, 0x0000000088100000, 0x0000000088200000|  0%| F|  |TAMS 0x0000000088100000, 0x0000000088100000| Untracked 
| 130|0x0000000088200000, 0x0000000088200000, 0x0000000088300000|  0%| F|  |TAMS 0x0000000088200000, 0x0000000088200000| Untracked 
| 131|0x0000000088300000, 0x0000000088300000, 0x0000000088400000|  0%| F|  |TAMS 0x0000000088300000, 0x0000000088300000| Untracked 
| 132|0x0000000088400000, 0x0000000088400000, 0x0000000088500000|  0%| F|  |TAMS 0x0000000088400000, 0x0000000088400000| Untracked 
| 133|0x0000000088500000, 0x0000000088500000, 0x0000000088600000|  0%| F|  |TAMS 0x0000000088500000, 0x0000000088500000| Untracked 
| 134|0x0000000088600000, 0x0000000088600000, 0x0000000088700000|  0%| F|  |TAMS 0x0000000088600000, 0x0000000088600000| Untracked 
| 135|0x0000000088700000, 0x0000000088700000, 0x0000000088800000|  0%| F|  |TAMS 0x0000000088700000, 0x0000000088700000| Untracked 
| 136|0x0000000088800000, 0x0000000088800000, 0x0000000088900000|  0%| F|  |TAMS 0x0000000088800000, 0x0000000088800000| Untracked 
| 137|0x0000000088900000, 0x0000000088900000, 0x0000000088a00000|  0%| F|  |TAMS 0x0000000088900000, 0x0000000088900000| Untracked 
| 138|0x0000000088a00000, 0x0000000088a00000, 0x0000000088b00000|  0%| F|  |TAMS 0x0000000088a00000, 0x0000000088a00000| Untracked 
| 139|0x0000000088b00000, 0x0000000088b00000, 0x0000000088c00000|  0%| F|  |TAMS 0x0000000088b00000, 0x0000000088b00000| Untracked 
| 140|0x0000000088c00000, 0x0000000088c00000, 0x0000000088d00000|  0%| F|  |TAMS 0x0000000088c00000, 0x0000000088c00000| Untracked 
| 141|0x0000000088d00000, 0x0000000088d00000, 0x0000000088e00000|  0%| F|  |TAMS 0x0000000088d00000, 0x0000000088d00000| Untracked 
| 142|0x0000000088e00000, 0x0000000088ec7ff0, 0x0000000088f00000| 78%| E|  |TAMS 0x0000000088e00000, 0x0000000088e00000| Complete 
| 143|0x0000000088f00000, 0x0000000088ffff20, 0x0000000089000000| 99%| E|  |TAMS 0x0000000088f00000, 0x0000000088f00000| Complete 
| 144|0x0000000089000000, 0x0000000089100000, 0x0000000089100000|100%| E|CS|TAMS 0x0000000089000000, 0x0000000089000000| Complete 
| 145|0x0000000089100000, 0x0000000089200000, 0x0000000089200000|100%| E|CS|TAMS 0x0000000089100000, 0x0000000089100000| Complete 
| 146|0x0000000089200000, 0x0000000089300000, 0x0000000089300000|100%| E|CS|TAMS 0x0000000089200000, 0x0000000089200000| Complete 
| 147|0x0000000089300000, 0x0000000089400000, 0x0000000089400000|100%| E|CS|TAMS 0x0000000089300000, 0x0000000089300000| Complete 
| 148|0x0000000089400000, 0x0000000089500000, 0x0000000089500000|100%| E|CS|TAMS 0x0000000089400000, 0x0000000089400000| Complete 
| 149|0x0000000089500000, 0x0000000089600000, 0x0000000089600000|100%| E|CS|TAMS 0x0000000089500000, 0x0000000089500000| Complete 
| 150|0x0000000089600000, 0x0000000089700000, 0x0000000089700000|100%| E|CS|TAMS 0x0000000089600000, 0x0000000089600000| Complete 
| 151|0x0000000089700000, 0x0000000089800000, 0x0000000089800000|100%| E|CS|TAMS 0x0000000089700000, 0x0000000089700000| Complete 
| 152|0x0000000089800000, 0x0000000089900000, 0x0000000089900000|100%| E|CS|TAMS 0x0000000089800000, 0x0000000089800000| Complete 
| 153|0x0000000089900000, 0x0000000089a00000, 0x0000000089a00000|100%| E|CS|TAMS 0x0000000089900000, 0x0000000089900000| Complete 

Card table byte_map: [0x000002154f270000,0x000002154f670000] _byte_map_base: 0x000002154ee70000

Marking Bits (Prev, Next): (CMBitMap*) 0x000002153a1617e8, (CMBitMap*) 0x000002153a161820
 Prev Bits: [0x000002154fa70000, 0x0000021551a70000)
 Next Bits: [0x0000021551a70000, 0x0000021553a70000)

Polling page: 0x000002153a200000

Metaspace:

Usage:
  Non-class:     95.46 MB capacity,    93.53 MB ( 98%) used,     1.57 MB (  2%) free+waste,   373.56 KB ( <1%) overhead. 
      Class:     15.11 MB capacity,    13.89 MB ( 92%) used,     1.04 MB (  7%) free+waste,   178.56 KB (  1%) overhead. 
       Both:    110.57 MB capacity,   107.42 MB ( 97%) used,     2.61 MB (  2%) free+waste,   552.13 KB ( <1%) overhead. 

Virtual space:
  Non-class space:       96.00 MB reserved,      95.50 MB (>99%) committed 
      Class space:        1.00 GB reserved,      15.20 MB (  1%) committed 
             Both:        1.09 GB reserved,     110.70 MB ( 10%) committed 

Chunk freelists:
   Non-Class:  42.00 KB
       Class:  14.00 KB
        Both:  56.00 KB

MaxMetaspaceSize: 17179869184.00 GB
CompressedClassSpaceSize: 1.00 GB

CodeHeap 'non-profiled nmethods': size=120000Kb used=10062Kb max_used=10062Kb free=109937Kb
 bounds [0x0000021546ee0000, 0x00000215478c0000, 0x000002154e410000]
CodeHeap 'profiled nmethods': size=120000Kb used=32730Kb max_used=32730Kb free=87270Kb
 bounds [0x000002153f9b0000, 0x00000215419b0000, 0x0000021546ee0000]
CodeHeap 'non-nmethods': size=5760Kb used=2369Kb max_used=2393Kb free=3390Kb
 bounds [0x000002153f410000, 0x000002153f680000, 0x000002153f9b0000]
 total_blobs=15538 nmethods=14582 adapters=865
 compilation: enabled
              stopped_count=0, restarted_count=0
 full_count=0

Compilation events (20 events):
Event: 93.025 Thread 0x0000021556564800 nmethod 14739 0x00000215478b0990 code [0x00000215478b0b40, 0x00000215478b0bf8]
Event: 93.025 Thread 0x0000021556564800 14740       1       com.android.tools.r8.internal.RD0::x (2 bytes)
Event: 93.025 Thread 0x0000021556564800 nmethod 14740 0x00000215478b0c90 code [0x00000215478b0e40, 0x00000215478b0ef8]
Event: 93.025 Thread 0x0000021556564800 14741       3       com.android.tools.r8.internal.CJ0::a (10 bytes)
Event: 93.026 Thread 0x0000021556564800 nmethod 14741 0x00000215419a6390 code [0x00000215419a6540, 0x00000215419a6758]
Event: 93.028 Thread 0x0000021562241800 nmethod 14667 0x00000215478b0f90 code [0x00000215478b1140, 0x00000215478b12d8]
Event: 93.028 Thread 0x0000021562241800 14664 %     4       com.android.tools.r8.internal.lH0::a @ 30 (131 bytes)
Event: 93.054 Thread 0x0000021562241800 nmethod 14664% 0x00000215478b1490 code [0x00000215478b1640, 0x00000215478b1c18]
Event: 93.054 Thread 0x0000021562241800 14666       4       com.android.tools.r8.graph.k::<init> (10 bytes)
Event: 93.054 Thread 0x0000021562241800 nmethod 14666 0x00000215478b1f90 code [0x00000215478b2120, 0x00000215478b2198]
Event: 93.055 Thread 0x0000021562241800 14665       4       com.android.tools.r8.graph.c::<init> (15 bytes)
Event: 93.055 Thread 0x0000021562241800 nmethod 14665 0x00000215478b2210 code [0x00000215478b23a0, 0x00000215478b2418]
Event: 93.055 Thread 0x0000021562241800 14673       4       com.android.tools.r8.internal.SD0::a (1 bytes)
Event: 93.055 Thread 0x0000021562241800 nmethod 14673 0x00000215478b2490 code [0x00000215478b2620, 0x00000215478b2678]
Event: 93.055 Thread 0x0000021562241800 14668       4       com.android.tools.r8.graph.S0::B (2 bytes)
Event: 93.055 Thread 0x0000021562241800 nmethod 14668 0x00000215478b2710 code [0x00000215478b28a0, 0x00000215478b28f8]
Event: 93.056 Thread 0x0000021562241800 14702       4       com.android.tools.r8.internal.s91::a (80 bytes)
Event: 93.063 Thread 0x0000021562241800 nmethod 14702 0x00000215478b2990 code [0x00000215478b2b60, 0x00000215478b2e38]
Event: 93.063 Thread 0x0000021562241800 14715       4       com.android.tools.r8.internal.s91$$Lambda$2061/0x0000000100efa840::accept (20 bytes)
Event: 93.072 Thread 0x0000021562241800 nmethod 14715 0x00000215478b3290 code [0x00000215478b3460, 0x00000215478b3738]

GC Heap History (20 events):
Event: 38.133 GC heap before
{Heap before GC invocations=33 (full 0):
 garbage-first heap   total 157696K, used 84545K [0x0000000080000000, 0x0000000100000000)
  region size 1024K, 7 young (7168K), 5 survivors (5120K)
 Metaspace       used 90458K, capacity 92645K, committed 92876K, reserved 1130496K
  class space    used 11622K, capacity 12411K, committed 12492K, reserved 1048576K
}
Event: 38.139 GC heap after
{Heap after GC invocations=34 (full 0):
 garbage-first heap   total 157696K, used 80984K [0x0000000080000000, 0x0000000100000000)
  region size 1024K, 1 young (1024K), 1 survivors (1024K)
 Metaspace       used 90458K, capacity 92645K, committed 92876K, reserved 1130496K
  class space    used 11622K, capacity 12411K, committed 12492K, reserved 1048576K
}
Event: 54.878 GC heap before
{Heap before GC invocations=34 (full 0):
 garbage-first heap   total 157696K, used 118872K [0x0000000080000000, 0x0000000100000000)
  region size 1024K, 39 young (39936K), 1 survivors (1024K)
 Metaspace       used 91771K, capacity 94035K, committed 94284K, reserved 1130496K
  class space    used 11763K, capacity 12569K, committed 12620K, reserved 1048576K
}
Event: 54.894 GC heap after
{Heap after GC invocations=35 (full 0):
 garbage-first heap   total 157696K, used 86016K [0x0000000080000000, 0x0000000100000000)
  region size 1024K, 5 young (5120K), 5 survivors (5120K)
 Metaspace       used 91771K, capacity 94035K, committed 94284K, reserved 1130496K
  class space    used 11763K, capacity 12569K, committed 12620K, reserved 1048576K
}
Event: 55.373 GC heap before
{Heap before GC invocations=36 (full 0):
 garbage-first heap   total 157696K, used 122880K [0x0000000080000000, 0x0000000100000000)
  region size 1024K, 42 young (43008K), 5 survivors (5120K)
 Metaspace       used 92254K, capacity 94442K, committed 94668K, reserved 1130496K
  class space    used 11813K, capacity 12640K, committed 12748K, reserved 1048576K
}
Event: 55.379 GC heap after
{Heap after GC invocations=37 (full 0):
 garbage-first heap   total 157696K, used 86050K [0x0000000080000000, 0x0000000100000000)
  region size 1024K, 2 young (2048K), 2 survivors (2048K)
 Metaspace       used 92254K, capacity 94442K, committed 94668K, reserved 1130496K
  class space    used 11813K, capacity 12640K, committed 12748K, reserved 1048576K
}
Event: 57.125 GC heap before
{Heap before GC invocations=37 (full 0):
 garbage-first heap   total 157696K, used 122914K [0x0000000080000000, 0x0000000100000000)
  region size 1024K, 39 young (39936K), 2 survivors (2048K)
 Metaspace       used 93370K, capacity 95575K, committed 95820K, reserved 1132544K
  class space    used 11929K, capacity 12739K, committed 12876K, reserved 1048576K
}
Event: 57.138 GC heap after
{Heap after GC invocations=38 (full 0):
 garbage-first heap   total 157696K, used 87773K [0x0000000080000000, 0x0000000100000000)
  region size 1024K, 4 young (4096K), 4 survivors (4096K)
 Metaspace       used 93370K, capacity 95575K, committed 95820K, reserved 1132544K
  class space    used 11929K, capacity 12739K, committed 12876K, reserved 1048576K
}
Event: 61.047 GC heap before
{Heap before GC invocations=39 (full 0):
 garbage-first heap   total 157696K, used 126685K [0x0000000080000000, 0x0000000100000000)
  region size 1024K, 41 young (41984K), 4 survivors (4096K)
 Metaspace       used 99729K, capacity 102122K, committed 102220K, reserved 1138688K
  class space    used 12735K, capacity 13579K, committed 13644K, reserved 1048576K
}
Event: 61.056 GC heap after
{Heap after GC invocations=40 (full 0):
 garbage-first heap   total 157696K, used 93941K [0x0000000080000000, 0x0000000100000000)
  region size 1024K, 6 young (6144K), 6 survivors (6144K)
 Metaspace       used 99729K, capacity 102122K, committed 102220K, reserved 1138688K
  class space    used 12735K, capacity 13579K, committed 13644K, reserved 1048576K
}
Event: 61.943 GC heap before
{Heap before GC invocations=40 (full 0):
 garbage-first heap   total 157696K, used 94965K [0x0000000080000000, 0x0000000100000000)
  region size 1024K, 7 young (7168K), 6 survivors (6144K)
 Metaspace       used 99735K, capacity 102122K, committed 102220K, reserved 1138688K
  class space    used 12735K, capacity 13579K, committed 13644K, reserved 1048576K
}
Event: 61.949 GC heap after
{Heap after GC invocations=41 (full 0):
 garbage-first heap   total 157696K, used 94012K [0x0000000080000000, 0x0000000100000000)
  region size 1024K, 1 young (1024K), 1 survivors (1024K)
 Metaspace       used 99735K, capacity 102122K, committed 102220K, reserved 1138688K
  class space    used 12735K, capacity 13579K, committed 13644K, reserved 1048576K
}
Event: 73.182 GC heap before
{Heap before GC invocations=41 (full 0):
 garbage-first heap   total 157696K, used 128828K [0x0000000080000000, 0x0000000100000000)
  region size 1024K, 35 young (35840K), 1 survivors (1024K)
 Metaspace       used 101968K, capacity 104432K, committed 104524K, reserved 1140736K
  class space    used 12966K, capacity 13856K, committed 13900K, reserved 1048576K
}
Event: 73.223 GC heap after
{Heap after GC invocations=42 (full 0):
 garbage-first heap   total 157696K, used 100776K [0x0000000080000000, 0x0000000100000000)
  region size 1024K, 5 young (5120K), 5 survivors (5120K)
 Metaspace       used 101968K, capacity 104432K, committed 104524K, reserved 1140736K
  class space    used 12966K, capacity 13856K, committed 13900K, reserved 1048576K
}
Event: 78.537 GC heap before
{Heap before GC invocations=43 (full 0):
 garbage-first heap   total 157696K, used 131496K [0x0000000080000000, 0x0000000100000000)
  region size 1024K, 32 young (32768K), 5 survivors (5120K)
 Metaspace       used 103028K, capacity 105557K, committed 105676K, reserved 1140736K
  class space    used 13065K, capacity 13977K, committed 14028K, reserved 1048576K
}
Event: 78.547 GC heap after
{Heap after GC invocations=44 (full 0):
 garbage-first heap   total 157696K, used 102922K [0x0000000080000000, 0x0000000100000000)
  region size 1024K, 3 young (3072K), 3 survivors (3072K)
 Metaspace       used 103028K, capacity 105557K, committed 105676K, reserved 1140736K
  class space    used 13065K, capacity 13977K, committed 14028K, reserved 1048576K
}
Event: 91.367 GC heap before
{Heap before GC invocations=44 (full 0):
 garbage-first heap   total 157696K, used 128522K [0x0000000080000000, 0x0000000100000000)
  region size 1024K, 29 young (29696K), 3 survivors (3072K)
 Metaspace       used 106148K, capacity 108943K, committed 109132K, reserved 1144832K
  class space    used 13555K, capacity 14616K, committed 14668K, reserved 1048576K
}
Event: 91.376 GC heap after
{Heap after GC invocations=45 (full 0):
 garbage-first heap   total 157696K, used 105472K [0x0000000080000000, 0x0000000100000000)
  region size 1024K, 4 young (4096K), 4 survivors (4096K)
 Metaspace       used 106148K, capacity 108943K, committed 109132K, reserved 1144832K
  class space    used 13555K, capacity 14616K, committed 14668K, reserved 1048576K
}
Event: 92.470 GC heap before
{Heap before GC invocations=45 (full 0):
 garbage-first heap   total 157696K, used 131072K [0x0000000080000000, 0x0000000100000000)
  region size 1024K, 30 young (30720K), 4 survivors (4096K)
 Metaspace       used 107883K, capacity 110843K, committed 111052K, reserved 1144832K
  class space    used 13812K, capacity 14927K, committed 15052K, reserved 1048576K
}
Event: 92.484 GC heap after
{Heap after GC invocations=46 (full 0):
 garbage-first heap   total 157696K, used 113012K [0x0000000080000000, 0x0000000100000000)
  region size 1024K, 4 young (4096K), 4 survivors (4096K)
 Metaspace       used 107883K, capacity 110843K, committed 111052K, reserved 1144832K
  class space    used 13812K, capacity 14927K, committed 15052K, reserved 1048576K
}

Deoptimization events (20 events):
Event: 92.939 Thread 0x000002155e49e000 Uncommon trap: trap_request=0xffffffc6 fr.pc=0x0000021547875908 relative=0x0000000000000588
Event: 92.939 Thread 0x000002155e49e000 Uncommon trap: reason=bimorphic_or_optimized_type_check action=maybe_recompile pc=0x0000021547875908 method=com.android.tools.r8.internal.GY0.hasNext()Z @ 9 c2
Event: 92.939 Thread 0x000002155e49e000 DEOPT PACKING pc=0x0000021547875908 sp=0x0000004928efc880
Event: 92.939 Thread 0x000002155e49e000 DEOPT UNPACKING pc=0x000002153f43662f sp=0x0000004928efc7e0 mode 2
Event: 92.939 Thread 0x000002155e49e000 Uncommon trap: trap_request=0xffffffc6 fr.pc=0x0000021547875908 relative=0x0000000000000588
Event: 92.939 Thread 0x000002155e49e000 Uncommon trap: reason=bimorphic_or_optimized_type_check action=maybe_recompile pc=0x0000021547875908 method=com.android.tools.r8.internal.GY0.hasNext()Z @ 9 c2
Event: 92.939 Thread 0x000002155e49e000 DEOPT PACKING pc=0x0000021547875908 sp=0x0000004928efc880
Event: 92.939 Thread 0x000002155e49e000 DEOPT UNPACKING pc=0x000002153f43662f sp=0x0000004928efc7e0 mode 2
Event: 92.939 Thread 0x000002155e49e000 Uncommon trap: trap_request=0xffffffc6 fr.pc=0x0000021547875908 relative=0x0000000000000588
Event: 92.939 Thread 0x000002155e49e000 Uncommon trap: reason=bimorphic_or_optimized_type_check action=maybe_recompile pc=0x0000021547875908 method=com.android.tools.r8.internal.GY0.hasNext()Z @ 9 c2
Event: 92.939 Thread 0x000002155e49e000 DEOPT PACKING pc=0x0000021547875908 sp=0x0000004928efc880
Event: 92.939 Thread 0x000002155e49e000 DEOPT UNPACKING pc=0x000002153f43662f sp=0x0000004928efc7e0 mode 2
Event: 92.939 Thread 0x000002155e49e000 Uncommon trap: trap_request=0xffffffc6 fr.pc=0x0000021547875908 relative=0x0000000000000588
Event: 92.939 Thread 0x000002155e49e000 Uncommon trap: reason=bimorphic_or_optimized_type_check action=maybe_recompile pc=0x0000021547875908 method=com.android.tools.r8.internal.GY0.hasNext()Z @ 9 c2
Event: 92.939 Thread 0x000002155e49e000 DEOPT PACKING pc=0x0000021547875908 sp=0x0000004928efc880
Event: 92.939 Thread 0x000002155e49e000 DEOPT UNPACKING pc=0x000002153f43662f sp=0x0000004928efc7e0 mode 2
Event: 92.942 Thread 0x000002155e49d000 Uncommon trap: trap_request=0xffffff4d fr.pc=0x000002154789bd10 relative=0x0000000000002bd0
Event: 92.942 Thread 0x000002155e49d000 Uncommon trap: reason=unstable_if action=reinterpret pc=0x000002154789bd10 method=com.android.tools.r8.internal.lH0.a(Lcom/android/tools/r8/internal/Q71;Lcom/android/tools/r8/internal/LJ0;I)V @ 2593 c2
Event: 92.942 Thread 0x000002155e49d000 DEOPT PACKING pc=0x000002154789bd10 sp=0x00000049287fbea0
Event: 92.942 Thread 0x000002155e49d000 DEOPT UNPACKING pc=0x000002153f43662f sp=0x00000049287fbe68 mode 2

Classes redefined (0 events):
No events

Internal exceptions (20 events):
Event: 90.391 Thread 0x000002155e49d000 Exception <a 'java/lang/NoSuchMethodError'{0x0000000088329d00}: 'java.lang.Object java.lang.invoke.DirectMethodHandle$Holder.invokeStaticInit(java.lang.Object, java.lang.Object, java.lang.Object, java.lang.Object, java.lang.Object, java.lang.Object, java.lang.Object, java.lang.Object, java.lang.Object, java.lang.Object, java.lang.Object, java.lang.Object, java.lang.Object, java.lang.Object, java.lang.Object, java.lang.Object, java.lang.Object, java.lang.Object, int, java.lang.Object, java.lang.Object)'> (0
Event: 90.742 Thread 0x000002155e497800 Exception <a 'java/lang/IncompatibleClassChangeError'{0x0000000088282330}: Found class java.lang.Object, but interface was expected> (0x0000000088282330) thrown at [./src/hotspot/share/interpreter/linkResolver.cpp, line 839]
Event: 90.742 Thread 0x000002155e49e000 Exception <a 'java/lang/IncompatibleClassChangeError'{0x0000000088283a70}: Found class java.lang.Object, but interface was expected> (0x0000000088283a70) thrown at [./src/hotspot/share/interpreter/linkResolver.cpp, line 839]
Event: 90.742 Thread 0x000002155e49c800 Exception <a 'java/lang/IncompatibleClassChangeError'{0x0000000088282ce8}: Found class java.lang.Object, but interface was expected> (0x0000000088282ce8) thrown at [./src/hotspot/share/interpreter/linkResolver.cpp, line 839]
Event: 90.742 Thread 0x000002155e499000 Exception <a 'java/lang/IncompatibleClassChangeError'{0x000000008825f9f0}: Found class java.lang.Object, but interface was expected> (0x000000008825f9f0) thrown at [./src/hotspot/share/interpreter/linkResolver.cpp, line 839]
Event: 90.742 Thread 0x000002155e49d000 Exception <a 'java/lang/IncompatibleClassChangeError'{0x0000000088281c40}: Found class java.lang.Object, but interface was expected> (0x0000000088281c40) thrown at [./src/hotspot/share/interpreter/linkResolver.cpp, line 839]
Event: 90.742 Thread 0x000002155e496800 Exception <a 'java/lang/IncompatibleClassChangeError'{0x00000000883be3e0}: Found class java.lang.Object, but interface was expected> (0x00000000883be3e0) thrown at [./src/hotspot/share/interpreter/linkResolver.cpp, line 839]
Event: 90.742 Thread 0x000002155e49a000 Exception <a 'java/lang/IncompatibleClassChangeError'{0x000000008825cbc0}: Found class java.lang.Object, but interface was expected> (0x000000008825cbc0) thrown at [./src/hotspot/share/interpreter/linkResolver.cpp, line 839]
Event: 90.742 Thread 0x000002155e49a800 Exception <a 'java/lang/IncompatibleClassChangeError'{0x0000000088217b28}: Found class java.lang.Object, but interface was expected> (0x0000000088217b28) thrown at [./src/hotspot/share/interpreter/linkResolver.cpp, line 839]
Event: 92.239 Thread 0x000002155e49e000 Exception <a 'java/lang/IncompatibleClassChangeError'{0x00000000885737e8}: Found class java.lang.Object, but interface was expected> (0x00000000885737e8) thrown at [./src/hotspot/share/interpreter/linkResolver.cpp, line 839]
Event: 92.239 Thread 0x000002155e49d000 Exception <a 'java/lang/IncompatibleClassChangeError'{0x0000000088578d08}: Found class java.lang.Object, but interface was expected> (0x0000000088578d08) thrown at [./src/hotspot/share/interpreter/linkResolver.cpp, line 839]
Event: 92.240 Thread 0x000002155e497800 Exception <a 'java/lang/IncompatibleClassChangeError'{0x00000000886df0a8}: Found class java.lang.Object, but interface was expected> (0x00000000886df0a8) thrown at [./src/hotspot/share/interpreter/linkResolver.cpp, line 839]
Event: 92.240 Thread 0x000002155e49a000 Exception <a 'java/lang/IncompatibleClassChangeError'{0x000000008857d928}: Found class java.lang.Object, but interface was expected> (0x000000008857d928) thrown at [./src/hotspot/share/interpreter/linkResolver.cpp, line 839]
Event: 92.734 Thread 0x000002155e497800 Exception <a 'java/lang/NoSuchMethodError'{0x000000008963a430}: 'java.lang.Object java.lang.invoke.DirectMethodHandle$Holder.invokeStatic(java.lang.Object, int, java.lang.Object, java.lang.Object)'> (0x000000008963a430) thrown at [./src/hotspot/share/interpreter/linkResolver.cpp, line 773]
Event: 92.734 Thread 0x000002155e49e000 Exception <a 'java/lang/NoSuchMethodError'{0x000000008960b0f0}: 'java.lang.Object java.lang.invoke.DirectMethodHandle$Holder.invokeStatic(java.lang.Object, int, java.lang.Object, java.lang.Object)'> (0x000000008960b0f0) thrown at [./src/hotspot/share/interpreter/linkResolver.cpp, line 773]
Event: 92.734 Thread 0x000002155e499000 Exception <a 'java/lang/NoSuchMethodError'{0x0000000089649900}: 'java.lang.Object java.lang.invoke.DirectMethodHandle$Holder.invokeStatic(java.lang.Object, int, java.lang.Object, java.lang.Object)'> (0x0000000089649900) thrown at [./src/hotspot/share/interpreter/linkResolver.cpp, line 773]
Event: 92.734 Thread 0x000002155e49c800 Exception <a 'java/lang/NoSuchMethodError'{0x000000008964fc08}: 'java.lang.Object java.lang.invoke.DirectMethodHandle$Holder.invokeStatic(java.lang.Object, int, java.lang.Object, java.lang.Object)'> (0x000000008964fc08) thrown at [./src/hotspot/share/interpreter/linkResolver.cpp, line 773]
Event: 92.734 Thread 0x000002155e496800 Exception <a 'java/lang/NoSuchMethodError'{0x00000000897d0a60}: 'java.lang.Object java.lang.invoke.DirectMethodHandle$Holder.invokeStatic(java.lang.Object, int, java.lang.Object, java.lang.Object)'> (0x00000000897d0a60) thrown at [./src/hotspot/share/interpreter/linkResolver.cpp, line 773]
Event: 92.735 Thread 0x000002155e49d000 Exception <a 'java/lang/NoSuchMethodError'{0x0000000089645cd8}: 'java.lang.Object java.lang.invoke.DirectMethodHandle$Holder.invokeStatic(java.lang.Object, int, java.lang.Object, java.lang.Object)'> (0x0000000089645cd8) thrown at [./src/hotspot/share/interpreter/linkResolver.cpp, line 773]
Event: 92.734 Thread 0x000002155e49a000 Exception <a 'java/lang/NoSuchMethodError'{0x0000000089651f78}: 'java.lang.Object java.lang.invoke.DirectMethodHandle$Holder.invokeStatic(java.lang.Object, int, java.lang.Object, java.lang.Object)'> (0x0000000089651f78) thrown at [./src/hotspot/share/interpreter/linkResolver.cpp, line 773]

Events (20 events):
Event: 93.021 loading class com/android/tools/r8/internal/SD0
Event: 93.021 loading class com/android/tools/r8/internal/SD0 done
Event: 93.021 loading class com/android/tools/r8/internal/RD0
Event: 93.021 loading class com/android/tools/r8/internal/RD0 done
Event: 93.021 loading class com/android/tools/r8/internal/RD0
Event: 93.021 loading class com/android/tools/r8/internal/RD0 done
Event: 93.021 loading class com/android/tools/r8/graph/P2
Event: 93.021 loading class com/android/tools/r8/internal/qD0
Event: 93.021 loading class com/android/tools/r8/graph/P2 done
Event: 93.021 loading class com/android/tools/r8/internal/qD0 done
Event: 93.022 loading class com/android/tools/r8/internal/RD0
Event: 93.022 loading class com/android/tools/r8/internal/RD0 done
Event: 93.022 loading class com/android/tools/r8/graph/P2
Event: 93.022 loading class com/android/tools/r8/graph/P2 done
Event: 93.024 loading class com/android/tools/r8/internal/SR0
Event: 93.024 loading class com/android/tools/r8/internal/SR0 done
Event: 93.086 loading class com/android/tools/r8/internal/Dd1
Event: 93.086 loading class com/android/tools/r8/internal/Dd1 done
Event: 93.087 loading class com/android/tools/r8/internal/Qm1
Event: 93.087 loading class com/android/tools/r8/internal/Qm1 done


Dynamic libraries:
0x00007ff61e940000 - 0x00007ff61e94a000 	C:\Program Files\Android\Android Studio\jre\bin\java.exe
0x00007ffa1c010000 - 0x00007ffa1c205000 	C:\WINDOWS\SYSTEM32\ntdll.dll
0x00007ffa1bac0000 - 0x00007ffa1bb7e000 	C:\WINDOWS\System32\KERNEL32.DLL
0x00007ffa198e0000 - 0x00007ffa19ba8000 	C:\WINDOWS\System32\KERNELBASE.dll
0x00007ffa19d90000 - 0x00007ffa19e90000 	C:\WINDOWS\System32\ucrtbase.dll
0x00007ffa14c40000 - 0x00007ffa14c57000 	C:\Program Files\Android\Android Studio\jre\bin\VCRUNTIME140.dll
0x00007ffa14ff0000 - 0x00007ffa15009000 	C:\Program Files\Android\Android Studio\jre\bin\jli.dll
0x00007ffa1bb80000 - 0x00007ffa1bd20000 	C:\WINDOWS\System32\USER32.dll
0x00007ffa19bb0000 - 0x00007ffa19bd2000 	C:\WINDOWS\System32\win32u.dll
0x00007ff9fc240000 - 0x00007ff9fc4da000 	C:\WINDOWS\WinSxS\amd64_microsoft.windows.common-controls_6595b64144ccf1df_6.0.19041.1110_none_60b5254171f9507e\COMCTL32.dll
0x00007ffa1bd20000 - 0x00007ffa1bd4b000 	C:\WINDOWS\System32\GDI32.dll
0x00007ffa1b9b0000 - 0x00007ffa1ba4e000 	C:\WINDOWS\System32\msvcrt.dll
0x00007ffa19f50000 - 0x00007ffa1a05d000 	C:\WINDOWS\System32\gdi32full.dll
0x00007ffa19720000 - 0x00007ffa197bd000 	C:\WINDOWS\System32\msvcp_win.dll
0x00007ffa1acd0000 - 0x00007ffa1ad00000 	C:\WINDOWS\System32\IMM32.DLL
0x00007ffa11040000 - 0x00007ffa110dd000 	C:\Program Files\Android\Android Studio\jre\bin\msvcp140.dll
0x00007ff9d32d0000 - 0x00007ff9d3da5000 	C:\Program Files\Android\Android Studio\jre\bin\server\jvm.dll
0x00007ffa1b900000 - 0x00007ffa1b9ae000 	C:\WINDOWS\System32\ADVAPI32.dll
0x00007ffa1b730000 - 0x00007ffa1b7cc000 	C:\WINDOWS\System32\sechost.dll
0x00007ffa1a060000 - 0x00007ffa1a185000 	C:\WINDOWS\System32\RPCRT4.dll
0x00007ffa1b0e0000 - 0x00007ffa1b0e8000 	C:\WINDOWS\System32\PSAPI.DLL
0x00007ffa01620000 - 0x00007ffa01647000 	C:\WINDOWS\SYSTEM32\WINMM.dll
0x00007ffa16ac0000 - 0x00007ffa16ac9000 	C:\WINDOWS\SYSTEM32\WSOCK32.dll
0x00007ffa109a0000 - 0x00007ffa109aa000 	C:\WINDOWS\SYSTEM32\VERSION.dll
0x00007ffa1be80000 - 0x00007ffa1beeb000 	C:\WINDOWS\System32\WS2_32.dll
0x00007ffa18200000 - 0x00007ffa18212000 	C:\WINDOWS\SYSTEM32\kernel.appcore.dll
0x00007ffa16850000 - 0x00007ffa16861000 	C:\Program Files\Android\Android Studio\jre\bin\verify.dll
0x00007ffa14330000 - 0x00007ffa14514000 	C:\WINDOWS\SYSTEM32\DBGHELP.DLL
0x00007ff9fc5e0000 - 0x00007ff9fc60c000 	C:\WINDOWS\SYSTEM32\dbgcore.DLL
0x00007ffa19e90000 - 0x00007ffa19f12000 	C:\WINDOWS\System32\bcryptPrimitives.dll
0x00007ffa113c0000 - 0x00007ffa113e9000 	C:\Program Files\Android\Android Studio\jre\bin\java.dll
0x00007ffa16840000 - 0x00007ffa1684b000 	C:\Program Files\Android\Android Studio\jre\bin\jimage.dll
0x00007ffa0dc60000 - 0x00007ffa0dc78000 	C:\Program Files\Android\Android Studio\jre\bin\zip.dll
0x00007ffa1a2f0000 - 0x00007ffa1aa34000 	C:\WINDOWS\System32\SHELL32.dll
0x00007ffa177b0000 - 0x00007ffa17f44000 	C:\WINDOWS\SYSTEM32\windows.storage.dll
0x00007ffa1ad80000 - 0x00007ffa1b0d5000 	C:\WINDOWS\System32\combase.dll
0x00007ffa18fc0000 - 0x00007ffa18fee000 	C:\WINDOWS\SYSTEM32\Wldp.dll
0x00007ffa1a190000 - 0x00007ffa1a23d000 	C:\WINDOWS\System32\SHCORE.dll
0x00007ffa1aa40000 - 0x00007ffa1aa95000 	C:\WINDOWS\System32\shlwapi.dll
0x00007ffa19660000 - 0x00007ffa1967f000 	C:\WINDOWS\SYSTEM32\profapi.dll
0x00007ffa0dc40000 - 0x00007ffa0dc5a000 	C:\Program Files\Android\Android Studio\jre\bin\net.dll
0x00007ffa064f0000 - 0x00007ffa065fc000 	C:\WINDOWS\SYSTEM32\WINHTTP.dll
0x00007ffa18da0000 - 0x00007ffa18e0a000 	C:\WINDOWS\system32\mswsock.dll
0x00007ffa0dc20000 - 0x00007ffa0dc34000 	C:\Program Files\Android\Android Studio\jre\bin\nio.dll
0x00007ffa16350000 - 0x00007ffa16377000 	C:\Users\ahmed\.gradle\native\e1d6ef7f7dcc3fd88c89a11ec53ec762bb8ba0a96d01ffa2cd45eb1d1d8dd5c5\windows-amd64\native-platform.dll
0x00007ffa107f0000 - 0x00007ffa10934000 	C:\Users\ahmed\.gradle\native\5664cfc778a61ccfe75a443a1ab52a65af34e5dc3c78e0209fed803814484fcb\windows-amd64\native-platform-file-events.dll
0x00007ffa10c80000 - 0x00007ffa10c8a000 	C:\Program Files\Android\Android Studio\jre\bin\management.dll
0x00007ffa0fea0000 - 0x00007ffa0fead000 	C:\Program Files\Android\Android Studio\jre\bin\management_ext.dll
0x00007ffa19300000 - 0x00007ffa19318000 	C:\WINDOWS\SYSTEM32\CRYPTSP.dll
0x00007ffa18740000 - 0x00007ffa18774000 	C:\WINDOWS\system32\rsaenh.dll
0x00007ffa19f20000 - 0x00007ffa19f47000 	C:\WINDOWS\System32\bcrypt.dll
0x00007ffa19570000 - 0x00007ffa1959e000 	C:\WINDOWS\SYSTEM32\USERENV.dll
0x00007ffa18f30000 - 0x00007ffa18f3c000 	C:\WINDOWS\SYSTEM32\CRYPTBASE.dll
0x00007ffa18ab0000 - 0x00007ffa18aeb000 	C:\WINDOWS\SYSTEM32\IPHLPAPI.DLL
0x00007ffa1ba50000 - 0x00007ffa1ba58000 	C:\WINDOWS\System32\NSI.dll
0x00007ffa0d320000 - 0x00007ffa0d337000 	C:\WINDOWS\SYSTEM32\dhcpcsvc6.DLL
0x00007ffa0d300000 - 0x00007ffa0d31d000 	C:\WINDOWS\SYSTEM32\dhcpcsvc.DLL
0x00007ffa18b40000 - 0x00007ffa18c0b000 	C:\WINDOWS\SYSTEM32\DNSAPI.dll

dbghelp: loaded successfully - version: 4.0.5 - missing functions: none
symbol engine: initialized successfully - sym options: 0x614 - pdb path: .;C:\Program Files\Android\Android Studio\jre\bin;C:\WINDOWS\SYSTEM32;C:\WINDOWS\WinSxS\amd64_microsoft.windows.common-controls_6595b64144ccf1df_6.0.19041.1110_none_60b5254171f9507e;C:\Program Files\Android\Android Studio\jre\bin\server;C:\Users\ahmed\.gradle\native\e1d6ef7f7dcc3fd88c89a11ec53ec762bb8ba0a96d01ffa2cd45eb1d1d8dd5c5\windows-amd64;C:\Users\ahmed\.gradle\native\5664cfc778a61ccfe75a443a1ab52a65af34e5dc3c78e0209fed803814484fcb\windows-amd64

VM Arguments:
jvm_args: --add-opens=java.base/java.util=ALL-UNNAMED --add-opens=java.base/java.lang=ALL-UNNAMED --add-opens=java.base/java.lang.invoke=ALL-UNNAMED --add-opens=java.base/java.util=ALL-UNNAMED --add-opens=java.prefs/java.util.prefs=ALL-UNNAMED --add-opens=java.prefs/java.util.prefs=ALL-UNNAMED --add-opens=java.base/java.nio.charset=ALL-UNNAMED --add-opens=java.base/java.net=ALL-UNNAMED --add-opens=java.base/java.util.concurrent.atomic=ALL-UNNAMED -Xmx2048m -Dfile.encoding=UTF-8 -Duser.country=US -Duser.language=en -Duser.variant 
java_command: org.gradle.launcher.daemon.bootstrap.GradleDaemon 7.2
java_class_path (initial): C:\Users\ahmed\.gradle\wrapper\dists\gradle-7.2-bin\2dnblmf4td7x66yl1d74lt32g\gradle-7.2\lib\gradle-launcher-7.2.jar
Launcher Type: SUN_STANDARD

[Global flags]
     intx CICompilerCount                          = 4                                         {product} {ergonomic}
     uint ConcGCThreads                            = 2                                         {product} {ergonomic}
     uint G1ConcRefinementThreads                  = 8                                         {product} {ergonomic}
   size_t G1HeapRegionSize                         = 1048576                                   {product} {ergonomic}
    uintx GCDrainStackTargetSize                   = 64                                        {product} {ergonomic}
   size_t InitialHeapSize                          = 134217728                                 {product} {ergonomic}
   size_t MarkStackSize                            = 4194304                                   {product} {ergonomic}
   size_t MaxHeapSize                              = 2147483648                                {product} {command line}
   size_t MaxNewSize                               = 1287651328                                {product} {ergonomic}
   size_t MinHeapDeltaBytes                        = 1048576                                   {product} {ergonomic}
    uintx NonNMethodCodeHeapSize                   = 5836300                                {pd product} {ergonomic}
    uintx NonProfiledCodeHeapSize                  = 122910970                              {pd product} {ergonomic}
    uintx ProfiledCodeHeapSize                     = 122910970                              {pd product} {ergonomic}
    uintx ReservedCodeCacheSize                    = 251658240                              {pd product} {ergonomic}
     bool SegmentedCodeCache                       = true                                      {product} {ergonomic}
     bool UseCompressedClassPointers               = true                                 {lp64_product} {ergonomic}
     bool UseCompressedOops                        = true                                 {lp64_product} {ergonomic}
     bool UseG1GC                                  = true                                      {product} {ergonomic}
     bool UseLargePagesIndividualAllocation        = false                                  {pd product} {ergonomic}

Logging:
Log output configuration:
 #0: stdout all=warning uptime,level,tags
 #1: stderr all=off uptime,level,tags

Environment Variables:
JAVA_HOME=C:\Program Files\AdoptOpenJDK\jdk-11.0.10.9-hotspot\
PATH=C:\Program Files\AdoptOpenJDK\jdk-11.0.10.9-hotspot\bin;C:\Program Files\AdoptOpenJDK\javafx-sdk-11.0.2\bin;C:\Program Files (x86)\Common Files\Oracle\Java\javapath;C:\WINDOWS\system32;C:\WINDOWS;C:\WINDOWS\System32\Wbem;C:\WINDOWS\System32\WindowsPowerShell\v1.0\;C:\WINDOWS\System32\OpenSSH\;C:\Program Files\Git\cmd;C:\Users\ahmed\.openjfx\cache\15.0.1;C:\Users\ahmed\Desktop\School\All Softwares\Java\apache-maven-3.6.3-bin\apache-maven-3.6.3\bin;C:\Program Files\dotnet\;C:\Program Files\Microsoft SQL Server\130\Tools\Binn\;C:\Users\ahmed\Desktop\School\All Softwares\SQLite\sqlite3;C:\Program Files\Microsoft SQL Server\Client SDK\ODBC\170\Tools\Binn\;C:\Program Files (x86)\Microsoft SQL Server\150\Tools\Binn\;C:\Program Files\Microsoft SQL Server\150\Tools\Binn\;C:\Program Files\Microsoft SQL Server\150\DTS\Binn\;C:\Program Files (x86)\Microsoft SQL Server\150\DTS\Binn\;C:\Program Files\Azure Data Studio\bin;C:\Program Files\JetBrains\IntelliJ IDEA Community Edition 2019.2.1\bin;C:\Users\ahmed\.dotnet\tools;C:\Users\ahmed\Desktop\School\All Softwares\Flutter SDK\flutter_windows_2.2.2-stable\flutter\bin;C:\Program Files\JetBrains\IntelliJ IDEA 2021.2.2\bin;C:\Users\ahmed\AppData\Local\Programs\Microsoft VS Code\bin
USERNAME=ahmed
OS=Windows_NT
PROCESSOR_IDENTIFIER=Intel64 Family 6 Model 142 Stepping 11, GenuineIntel



---------------  S Y S T E M  ---------------

OS: Windows 10 , 64 bit Build 19041 (10.0.19041.1503)
OS uptime: 0 days 9:16 hours
Hyper-V role detected

CPU:total 8 (initial active 8) (4 cores per cpu, 2 threads per core) family 6 model 142 stepping 11 microcode 0xde, cmov, cx8, fxsr, mmx, sse, sse2, sse3, ssse3, sse4.1, sse4.2, popcnt, avx, avx2, aes, clmul, erms, 3dnowpref, lzcnt, ht, tsc, tscinvbit, bmi1, bmi2, adx, fma

Memory: 4k page, system-wide physical 8079M (997M free)
TotalPageFile size 10511M (AvailPageFile size 8M)
current process WorkingSet (physical memory assigned to process): 432M, peak: 433M
current process commit charge ("private bytes"): 500M, peak: 504M

vm_info: OpenJDK 64-Bit Server VM (11.0.11+9-b60-7590822) for windows-amd64 JRE (11.0.11+9-b60-7590822), built on Jul 29 2021 21:43:44 by "builder" with MS VC++ 14.0 (VS2015)

END.
